[Tune-x] 7: max_depth=8; min_child_weight=2; eta=0.0628; colsample_bytree=0.768; subsample=0.871
[0]	train-rmse:0.789218
[1]	train-rmse:0.769584
[2]	train-rmse:0.752629
[3]	train-rmse:0.736469
[4]	train-rmse:0.722108
[5]	train-rmse:0.708448
[6]	train-rmse:0.695941
[7]	train-rmse:0.684072
[8]	train-rmse:0.674412
[9]	train-rmse:0.664601
[10]	train-rmse:0.655798
[11]	train-rmse:0.647808
[12]	train-rmse:0.640208
[13]	train-rmse:0.633353
[14]	train-rmse:0.627105
[15]	train-rmse:0.621461
[16]	train-rmse:0.616194
[17]	train-rmse:0.611233
[18]	train-rmse:0.606688
[19]	train-rmse:0.602379
[20]	train-rmse:0.598523
[21]	train-rmse:0.594562
[22]	train-rmse:0.590849
[23]	train-rmse:0.587577
[24]	train-rmse:0.584397
[25]	train-rmse:0.581405
[26]	train-rmse:0.578468
[27]	train-rmse:0.575809
[28]	train-rmse:0.573247
[29]	train-rmse:0.570800
[30]	train-rmse:0.568603
[31]	train-rmse:0.566465
[32]	train-rmse:0.564530
[33]	train-rmse:0.562605
[34]	train-rmse:0.560815
[35]	train-rmse:0.559305
[36]	train-rmse:0.557700
[37]	train-rmse:0.556252
[38]	train-rmse:0.554630
[39]	train-rmse:0.552991
[40]	train-rmse:0.551692
[41]	train-rmse:0.550311
[42]	train-rmse:0.549145
[43]	train-rmse:0.547991
[44]	train-rmse:0.546769
[45]	train-rmse:0.545522
[46]	train-rmse:0.544389
[47]	train-rmse:0.543304
[48]	train-rmse:0.542287
[49]	train-rmse:0.541156
[50]	train-rmse:0.540138
[51]	train-rmse:0.539301
[52]	train-rmse:0.538406
[53]	train-rmse:0.537323
[54]	train-rmse:0.536627
[55]	train-rmse:0.535592
[56]	train-rmse:0.534699
[57]	train-rmse:0.533539
[58]	train-rmse:0.532876
[59]	train-rmse:0.532062
[60]	train-rmse:0.531362
[61]	train-rmse:0.530656
[62]	train-rmse:0.529890
[63]	train-rmse:0.529200
[64]	train-rmse:0.528522
[65]	train-rmse:0.527819
[66]	train-rmse:0.527250
[67]	train-rmse:0.526602
[68]	train-rmse:0.525921
[69]	train-rmse:0.525229
[70]	train-rmse:0.524645
[71]	train-rmse:0.524207
[72]	train-rmse:0.523692
[73]	train-rmse:0.523122
[74]	train-rmse:0.522447
[75]	train-rmse:0.521935
[76]	train-rmse:0.521370
[77]	train-rmse:0.520826
[78]	train-rmse:0.520234
[79]	train-rmse:0.519678
[80]	train-rmse:0.518977
[81]	train-rmse:0.518477
[82]	train-rmse:0.517962
[83]	train-rmse:0.517452
[84]	train-rmse:0.516863
[85]	train-rmse:0.516275
[86]	train-rmse:0.515915
[87]	train-rmse:0.515386
[88]	train-rmse:0.514957
[89]	train-rmse:0.514445
[90]	train-rmse:0.514175
[91]	train-rmse:0.513734
[92]	train-rmse:0.513394
[93]	train-rmse:0.512885
[94]	train-rmse:0.512510
[95]	train-rmse:0.512082
[96]	train-rmse:0.511491
[97]	train-rmse:0.511143
[98]	train-rmse:0.510825
[99]	train-rmse:0.510515
[100]	train-rmse:0.510188
[101]	train-rmse:0.509874
[102]	train-rmse:0.509435
[103]	train-rmse:0.508982
[104]	train-rmse:0.508663
[105]	train-rmse:0.508322
[106]	train-rmse:0.508032
[107]	train-rmse:0.507780
[108]	train-rmse:0.507501
[109]	train-rmse:0.507125
[110]	train-rmse:0.506795
[111]	train-rmse:0.506379
[112]	train-rmse:0.506003
[113]	train-rmse:0.505720
[114]	train-rmse:0.505437
[115]	train-rmse:0.505100
[116]	train-rmse:0.504822
[117]	train-rmse:0.504491
[118]	train-rmse:0.504137
[119]	train-rmse:0.503842
[120]	train-rmse:0.503479
[121]	train-rmse:0.503164
[122]	train-rmse:0.502894
[123]	train-rmse:0.502703
[124]	train-rmse:0.502432
[125]	train-rmse:0.502040
[126]	train-rmse:0.501687
[127]	train-rmse:0.501352
[128]	train-rmse:0.501065
[129]	train-rmse:0.500795
[130]	train-rmse:0.500434
[131]	train-rmse:0.500066
[132]	train-rmse:0.499790
[133]	train-rmse:0.499530
[134]	train-rmse:0.499153
[135]	train-rmse:0.498913
[136]	train-rmse:0.498576
[137]	train-rmse:0.498325
[138]	train-rmse:0.498073
[139]	train-rmse:0.497758
[140]	train-rmse:0.497433
[141]	train-rmse:0.497112
[142]	train-rmse:0.496747
[143]	train-rmse:0.496529
[144]	train-rmse:0.496213
[145]	train-rmse:0.495942
[146]	train-rmse:0.495727
[147]	train-rmse:0.495462
[148]	train-rmse:0.495167
[149]	train-rmse:0.494962
[150]	train-rmse:0.494709
[151]	train-rmse:0.494463
[152]	train-rmse:0.494219
[153]	train-rmse:0.494019
[154]	train-rmse:0.493813
[155]	train-rmse:0.493553
[156]	train-rmse:0.493380
[157]	train-rmse:0.493137
[158]	train-rmse:0.492898
[159]	train-rmse:0.492681
[160]	train-rmse:0.492448
[161]	train-rmse:0.492201
[162]	train-rmse:0.491809
[163]	train-rmse:0.491466
[164]	train-rmse:0.491107
[165]	train-rmse:0.490949
[166]	train-rmse:0.490727
[167]	train-rmse:0.490458
[168]	train-rmse:0.490145
[169]	train-rmse:0.489992
[170]	train-rmse:0.489817
[171]	train-rmse:0.489570
[172]	train-rmse:0.489310
[173]	train-rmse:0.489035
[174]	train-rmse:0.488889
[175]	train-rmse:0.488722
[176]	train-rmse:0.488509
[177]	train-rmse:0.488387
[178]	train-rmse:0.488175
[179]	train-rmse:0.487918
[180]	train-rmse:0.487741
[181]	train-rmse:0.487499
[182]	train-rmse:0.487303
[183]	train-rmse:0.487173
[184]	train-rmse:0.486915
[185]	train-rmse:0.486766
[186]	train-rmse:0.486487
[187]	train-rmse:0.486166
[188]	train-rmse:0.485849
[189]	train-rmse:0.485662
[190]	train-rmse:0.485443
[191]	train-rmse:0.485186
[192]	train-rmse:0.485008
[193]	train-rmse:0.484892
[194]	train-rmse:0.484680
[195]	train-rmse:0.484471
[196]	train-rmse:0.484304
[197]	train-rmse:0.484014
[198]	train-rmse:0.483885
[199]	train-rmse:0.483616
[200]	train-rmse:0.483465
[201]	train-rmse:0.483269
[202]	train-rmse:0.483062
[203]	train-rmse:0.482890
[204]	train-rmse:0.482523
[205]	train-rmse:0.482405
[206]	train-rmse:0.482222
[207]	train-rmse:0.482074
[208]	train-rmse:0.481839
[209]	train-rmse:0.481593
[210]	train-rmse:0.481271
[211]	train-rmse:0.481113
[212]	train-rmse:0.480769
[213]	train-rmse:0.480610
[214]	train-rmse:0.480253
[215]	train-rmse:0.480162
[216]	train-rmse:0.480007
[217]	train-rmse:0.479860
[218]	train-rmse:0.479632
[219]	train-rmse:0.479360
[220]	train-rmse:0.479177
[221]	train-rmse:0.479014
[222]	train-rmse:0.478797
[223]	train-rmse:0.478668
[224]	train-rmse:0.478419
[225]	train-rmse:0.478334
[226]	train-rmse:0.478199
[227]	train-rmse:0.478023
[228]	train-rmse:0.477896
[229]	train-rmse:0.477641
[230]	train-rmse:0.477401
[231]	train-rmse:0.477195
[232]	train-rmse:0.477093
[233]	train-rmse:0.476816
[234]	train-rmse:0.476669
[235]	train-rmse:0.476502
[236]	train-rmse:0.476337
[237]	train-rmse:0.476146
[238]	train-rmse:0.476025
[239]	train-rmse:0.475797
[240]	train-rmse:0.475616
[241]	train-rmse:0.475472
[242]	train-rmse:0.475268
[243]	train-rmse:0.475144
[244]	train-rmse:0.474935
[245]	train-rmse:0.474753
[246]	train-rmse:0.474480
[247]	train-rmse:0.474258
[248]	train-rmse:0.474185
[249]	train-rmse:0.473929
[250]	train-rmse:0.473716
[251]	train-rmse:0.473601
[252]	train-rmse:0.473395
[253]	train-rmse:0.473223
[254]	train-rmse:0.473034
[255]	train-rmse:0.472825
[256]	train-rmse:0.472647
[257]	train-rmse:0.472525
[258]	train-rmse:0.472388
[259]	train-rmse:0.472269
[260]	train-rmse:0.472028
[261]	train-rmse:0.471925
[262]	train-rmse:0.471759
[263]	train-rmse:0.471552
[264]	train-rmse:0.471469
[265]	train-rmse:0.471283
[266]	train-rmse:0.471078
[267]	train-rmse:0.470803
[268]	train-rmse:0.470621
[269]	train-rmse:0.470469
[270]	train-rmse:0.470364
[271]	train-rmse:0.470165
[272]	train-rmse:0.469995
[273]	train-rmse:0.469759
[274]	train-rmse:0.469593
[275]	train-rmse:0.469446
[276]	train-rmse:0.469280
[277]	train-rmse:0.469076
[278]	train-rmse:0.468921
[279]	train-rmse:0.468795
[280]	train-rmse:0.468583
[281]	train-rmse:0.468409
[282]	train-rmse:0.468146
[283]	train-rmse:0.467913
[284]	train-rmse:0.467776
[285]	train-rmse:0.467568
[286]	train-rmse:0.467415
[287]	train-rmse:0.467202
[288]	train-rmse:0.466979
[289]	train-rmse:0.466883
[290]	train-rmse:0.466736
[291]	train-rmse:0.466626
[292]	train-rmse:0.466350
[293]	train-rmse:0.466107
[294]	train-rmse:0.465920
[295]	train-rmse:0.465662
[296]	train-rmse:0.465467
[297]	train-rmse:0.465319
[298]	train-rmse:0.465154
[299]	train-rmse:0.464913
[300]	train-rmse:0.464785
[301]	train-rmse:0.464672
[302]	train-rmse:0.464578
[303]	train-rmse:0.464420
[304]	train-rmse:0.464308
[305]	train-rmse:0.464135
[306]	train-rmse:0.463973
[307]	train-rmse:0.463673
[308]	train-rmse:0.463518
[309]	train-rmse:0.463433
[310]	train-rmse:0.463252
[311]	train-rmse:0.463022
[312]	train-rmse:0.462919
[313]	train-rmse:0.462695
[314]	train-rmse:0.462588
[315]	train-rmse:0.462422
[316]	train-rmse:0.462348
[317]	train-rmse:0.462199
[318]	train-rmse:0.461980
[319]	train-rmse:0.461821
[320]	train-rmse:0.461612
[321]	train-rmse:0.461454
[322]	train-rmse:0.461253
[323]	train-rmse:0.461142
[324]	train-rmse:0.460970
[325]	train-rmse:0.460883
[326]	train-rmse:0.460765
[327]	train-rmse:0.460637
[328]	train-rmse:0.460535
[329]	train-rmse:0.460340
[330]	train-rmse:0.460173
[331]	train-rmse:0.460083
[332]	train-rmse:0.459880
[333]	train-rmse:0.459730
[334]	train-rmse:0.459512
[335]	train-rmse:0.459398
[336]	train-rmse:0.459223
[337]	train-rmse:0.459135
[338]	train-rmse:0.458953
[339]	train-rmse:0.458819
[340]	train-rmse:0.458717
[341]	train-rmse:0.458539
[342]	train-rmse:0.458326
[343]	train-rmse:0.458130
[344]	train-rmse:0.457954
[345]	train-rmse:0.457734
[346]	train-rmse:0.457585
[347]	train-rmse:0.457482
[348]	train-rmse:0.457251
[349]	train-rmse:0.457059
[350]	train-rmse:0.456922
[351]	train-rmse:0.456794
[352]	train-rmse:0.456534
[353]	train-rmse:0.456280
[354]	train-rmse:0.456037
[355]	train-rmse:0.455844
[356]	train-rmse:0.455653
[357]	train-rmse:0.455495
[358]	train-rmse:0.455360
[359]	train-rmse:0.455239
[360]	train-rmse:0.455047
[361]	train-rmse:0.454860
[362]	train-rmse:0.454811
[363]	train-rmse:0.454593
[364]	train-rmse:0.454463
[365]	train-rmse:0.454335
[366]	train-rmse:0.454183
[367]	train-rmse:0.454039
[368]	train-rmse:0.453836
[369]	train-rmse:0.453656
[370]	train-rmse:0.453451
[371]	train-rmse:0.453209
[372]	train-rmse:0.453081
[373]	train-rmse:0.452967
[374]	train-rmse:0.452863
[375]	train-rmse:0.452738
[376]	train-rmse:0.452453
[377]	train-rmse:0.452305
[378]	train-rmse:0.452088
[379]	train-rmse:0.451890
[380]	train-rmse:0.451722
[381]	train-rmse:0.451577
[382]	train-rmse:0.451469
[383]	train-rmse:0.451306
[384]	train-rmse:0.451239
[385]	train-rmse:0.451118
[386]	train-rmse:0.450921
[387]	train-rmse:0.450702
[388]	train-rmse:0.450577
[389]	train-rmse:0.450409
[390]	train-rmse:0.450187
[391]	train-rmse:0.449970
[392]	train-rmse:0.449852
[393]	train-rmse:0.449721
[394]	train-rmse:0.449548
[395]	train-rmse:0.449472
[396]	train-rmse:0.449309
[397]	train-rmse:0.449199
[398]	train-rmse:0.449022
[399]	train-rmse:0.448854
[0]	train-rmse:0.790037
[1]	train-rmse:0.770478
[2]	train-rmse:0.752566
[3]	train-rmse:0.736278
[4]	train-rmse:0.722340
[5]	train-rmse:0.708521
[6]	train-rmse:0.696501
[7]	train-rmse:0.685729
[8]	train-rmse:0.675165
[9]	train-rmse:0.665390
[10]	train-rmse:0.656447
[11]	train-rmse:0.648648
[12]	train-rmse:0.641664
[13]	train-rmse:0.634482
[14]	train-rmse:0.628121
[15]	train-rmse:0.622187
[16]	train-rmse:0.616591
[17]	train-rmse:0.611500
[18]	train-rmse:0.606915
[19]	train-rmse:0.602775
[20]	train-rmse:0.598849
[21]	train-rmse:0.594934
[22]	train-rmse:0.591403
[23]	train-rmse:0.588082
[24]	train-rmse:0.584976
[25]	train-rmse:0.582219
[26]	train-rmse:0.579451
[27]	train-rmse:0.576666
[28]	train-rmse:0.574152
[29]	train-rmse:0.571770
[30]	train-rmse:0.569721
[31]	train-rmse:0.567742
[32]	train-rmse:0.565913
[33]	train-rmse:0.564169
[34]	train-rmse:0.562278
[35]	train-rmse:0.560610
[36]	train-rmse:0.559161
[37]	train-rmse:0.557863
[38]	train-rmse:0.556443
[39]	train-rmse:0.555029
[40]	train-rmse:0.553476
[41]	train-rmse:0.552104
[42]	train-rmse:0.550742
[43]	train-rmse:0.549591
[44]	train-rmse:0.548336
[45]	train-rmse:0.547278
[46]	train-rmse:0.545881
[47]	train-rmse:0.544777
[48]	train-rmse:0.543841
[49]	train-rmse:0.542806
[50]	train-rmse:0.541825
[51]	train-rmse:0.540648
[52]	train-rmse:0.539604
[53]	train-rmse:0.538832
[54]	train-rmse:0.537922
[55]	train-rmse:0.536856
[56]	train-rmse:0.535953
[57]	train-rmse:0.535274
[58]	train-rmse:0.534561
[59]	train-rmse:0.533854
[60]	train-rmse:0.533111
[61]	train-rmse:0.532427
[62]	train-rmse:0.531783
[63]	train-rmse:0.531047
[64]	train-rmse:0.530381
[65]	train-rmse:0.529789
[66]	train-rmse:0.529015
[67]	train-rmse:0.528315
[68]	train-rmse:0.527637
[69]	train-rmse:0.526985
[70]	train-rmse:0.526492
[71]	train-rmse:0.525961
[72]	train-rmse:0.525418
[73]	train-rmse:0.524892
[74]	train-rmse:0.524218
[75]	train-rmse:0.523527
[76]	train-rmse:0.522944
[77]	train-rmse:0.522477
[78]	train-rmse:0.521964
[79]	train-rmse:0.521500
[80]	train-rmse:0.521011
[81]	train-rmse:0.520431
[82]	train-rmse:0.519952
[83]	train-rmse:0.519516
[84]	train-rmse:0.519119
[85]	train-rmse:0.518777
[86]	train-rmse:0.518345
[87]	train-rmse:0.517701
[88]	train-rmse:0.517279
[89]	train-rmse:0.516686
[90]	train-rmse:0.516314
[91]	train-rmse:0.515876
[92]	train-rmse:0.515487
[93]	train-rmse:0.515165
[94]	train-rmse:0.514847
[95]	train-rmse:0.514327
[96]	train-rmse:0.513925
[97]	train-rmse:0.513547
[98]	train-rmse:0.513109
[99]	train-rmse:0.512744
[100]	train-rmse:0.512323
[101]	train-rmse:0.511983
[102]	train-rmse:0.511627
[103]	train-rmse:0.511179
[104]	train-rmse:0.510894
[105]	train-rmse:0.510549
[106]	train-rmse:0.510187
[107]	train-rmse:0.509807
[108]	train-rmse:0.509381
[109]	train-rmse:0.509017
[110]	train-rmse:0.508643
[111]	train-rmse:0.508242
[112]	train-rmse:0.507812
[113]	train-rmse:0.507510
[114]	train-rmse:0.507123
[115]	train-rmse:0.506753
[116]	train-rmse:0.506350
[117]	train-rmse:0.505897
[118]	train-rmse:0.505532
[119]	train-rmse:0.505244
[120]	train-rmse:0.504828
[121]	train-rmse:0.504434
[122]	train-rmse:0.504181
[123]	train-rmse:0.503880
[124]	train-rmse:0.503545
[125]	train-rmse:0.503230
[126]	train-rmse:0.502789
[127]	train-rmse:0.502415
[128]	train-rmse:0.502109
[129]	train-rmse:0.501837
[130]	train-rmse:0.501521
[131]	train-rmse:0.501303
[132]	train-rmse:0.500936
[133]	train-rmse:0.500725
[134]	train-rmse:0.500419
[135]	train-rmse:0.500243
[136]	train-rmse:0.499967
[137]	train-rmse:0.499698
[138]	train-rmse:0.499399
[139]	train-rmse:0.498978
[140]	train-rmse:0.498821
[141]	train-rmse:0.498639
[142]	train-rmse:0.498361
[143]	train-rmse:0.498118
[144]	train-rmse:0.497959
[145]	train-rmse:0.497753
[146]	train-rmse:0.497536
[147]	train-rmse:0.497366
[148]	train-rmse:0.497070
[149]	train-rmse:0.496767
[150]	train-rmse:0.496552
[151]	train-rmse:0.496141
[152]	train-rmse:0.495917
[153]	train-rmse:0.495601
[154]	train-rmse:0.495281
[155]	train-rmse:0.495184
[156]	train-rmse:0.494902
[157]	train-rmse:0.494539
[158]	train-rmse:0.494278
[159]	train-rmse:0.494021
[160]	train-rmse:0.493795
[161]	train-rmse:0.493518
[162]	train-rmse:0.493260
[163]	train-rmse:0.492955
[164]	train-rmse:0.492684
[165]	train-rmse:0.492446
[166]	train-rmse:0.492293
[167]	train-rmse:0.492067
[168]	train-rmse:0.491848
[169]	train-rmse:0.491590
[170]	train-rmse:0.491477
[171]	train-rmse:0.491216
[172]	train-rmse:0.491017
[173]	train-rmse:0.490742
[174]	train-rmse:0.490508
[175]	train-rmse:0.490271
[176]	train-rmse:0.490125
[177]	train-rmse:0.489919
[178]	train-rmse:0.489683
[179]	train-rmse:0.489456
[180]	train-rmse:0.489308
[181]	train-rmse:0.489128
[182]	train-rmse:0.488892
[183]	train-rmse:0.488710
[184]	train-rmse:0.488484
[185]	train-rmse:0.488231
[186]	train-rmse:0.487971
[187]	train-rmse:0.487817
[188]	train-rmse:0.487580
[189]	train-rmse:0.487336
[190]	train-rmse:0.487091
[191]	train-rmse:0.486809
[192]	train-rmse:0.486651
[193]	train-rmse:0.486427
[194]	train-rmse:0.486272
[195]	train-rmse:0.485978
[196]	train-rmse:0.485799
[197]	train-rmse:0.485519
[198]	train-rmse:0.485255
[199]	train-rmse:0.485164
[200]	train-rmse:0.484897
[201]	train-rmse:0.484702
[202]	train-rmse:0.484449
[203]	train-rmse:0.484191
[204]	train-rmse:0.483924
[205]	train-rmse:0.483687
[206]	train-rmse:0.483479
[207]	train-rmse:0.483218
[208]	train-rmse:0.483132
[209]	train-rmse:0.482770
[210]	train-rmse:0.482622
[211]	train-rmse:0.482457
[212]	train-rmse:0.482205
[213]	train-rmse:0.481978
[214]	train-rmse:0.481711
[215]	train-rmse:0.481636
[216]	train-rmse:0.481294
[217]	train-rmse:0.481166
[218]	train-rmse:0.481031
[219]	train-rmse:0.480823
[220]	train-rmse:0.480590
[221]	train-rmse:0.480449
[222]	train-rmse:0.480226
[223]	train-rmse:0.479972
[224]	train-rmse:0.479786
[225]	train-rmse:0.479666
[226]	train-rmse:0.479491
[227]	train-rmse:0.479244
[228]	train-rmse:0.479065
[229]	train-rmse:0.478866
[230]	train-rmse:0.478607
[231]	train-rmse:0.478412
[232]	train-rmse:0.478237
[233]	train-rmse:0.478041
[234]	train-rmse:0.477904
[235]	train-rmse:0.477719
[236]	train-rmse:0.477630
[237]	train-rmse:0.477382
[238]	train-rmse:0.477252
[239]	train-rmse:0.477105
[240]	train-rmse:0.477045
[241]	train-rmse:0.476909
[242]	train-rmse:0.476700
[243]	train-rmse:0.476558
[244]	train-rmse:0.476318
[245]	train-rmse:0.476186
[246]	train-rmse:0.475940
[247]	train-rmse:0.475765
[248]	train-rmse:0.475470
[249]	train-rmse:0.475296
[250]	train-rmse:0.475087
[251]	train-rmse:0.474855
[252]	train-rmse:0.474718
[253]	train-rmse:0.474396
[254]	train-rmse:0.474333
[255]	train-rmse:0.474094
[256]	train-rmse:0.473821
[257]	train-rmse:0.473612
[258]	train-rmse:0.473523
[259]	train-rmse:0.473377
[260]	train-rmse:0.473243
[261]	train-rmse:0.473052
[262]	train-rmse:0.472806
[263]	train-rmse:0.472702
[264]	train-rmse:0.472481
[265]	train-rmse:0.472414
[266]	train-rmse:0.472244
[267]	train-rmse:0.472150
[268]	train-rmse:0.471960
[269]	train-rmse:0.471775
[270]	train-rmse:0.471582
[271]	train-rmse:0.471382
[272]	train-rmse:0.471163
[273]	train-rmse:0.470933
[274]	train-rmse:0.470833
[275]	train-rmse:0.470790
[276]	train-rmse:0.470586
[277]	train-rmse:0.470382
[278]	train-rmse:0.470136
[279]	train-rmse:0.470083
[280]	train-rmse:0.469873
[281]	train-rmse:0.469846
[282]	train-rmse:0.469596
[283]	train-rmse:0.469461
[284]	train-rmse:0.469264
[285]	train-rmse:0.469133
[286]	train-rmse:0.468846
[287]	train-rmse:0.468718
[288]	train-rmse:0.468649
[289]	train-rmse:0.468555
[290]	train-rmse:0.468412
[291]	train-rmse:0.468217
[292]	train-rmse:0.468048
[293]	train-rmse:0.467919
[294]	train-rmse:0.467699
[295]	train-rmse:0.467395
[296]	train-rmse:0.467174
[297]	train-rmse:0.466935
[298]	train-rmse:0.466858
[299]	train-rmse:0.466809
[300]	train-rmse:0.466610
[301]	train-rmse:0.466479
[302]	train-rmse:0.466296
[303]	train-rmse:0.466082
[304]	train-rmse:0.465840
[305]	train-rmse:0.465658
[306]	train-rmse:0.465490
[307]	train-rmse:0.465243
[308]	train-rmse:0.465011
[309]	train-rmse:0.464905
[310]	train-rmse:0.464795
[311]	train-rmse:0.464663
[312]	train-rmse:0.464465
[313]	train-rmse:0.464341
[314]	train-rmse:0.464156
[315]	train-rmse:0.463970
[316]	train-rmse:0.463767
[317]	train-rmse:0.463583
[318]	train-rmse:0.463433
[319]	train-rmse:0.463320
[320]	train-rmse:0.463103
[321]	train-rmse:0.462833
[322]	train-rmse:0.462762
[323]	train-rmse:0.462539
[324]	train-rmse:0.462417
[325]	train-rmse:0.462179
[326]	train-rmse:0.461902
[327]	train-rmse:0.461680
[328]	train-rmse:0.461388
[329]	train-rmse:0.461269
[330]	train-rmse:0.461127
[331]	train-rmse:0.460913
[332]	train-rmse:0.460684
[333]	train-rmse:0.460542
[334]	train-rmse:0.460310
[335]	train-rmse:0.460162
[336]	train-rmse:0.459989
[337]	train-rmse:0.459832
[338]	train-rmse:0.459730
[339]	train-rmse:0.459638
[340]	train-rmse:0.459508
[341]	train-rmse:0.459331
[342]	train-rmse:0.459088
[343]	train-rmse:0.458987
[344]	train-rmse:0.458759
[345]	train-rmse:0.458535
[346]	train-rmse:0.458397
[347]	train-rmse:0.458213
[348]	train-rmse:0.458112
[349]	train-rmse:0.457945
[350]	train-rmse:0.457796
[351]	train-rmse:0.457628
[352]	train-rmse:0.457525
[353]	train-rmse:0.457324
[354]	train-rmse:0.457231
[355]	train-rmse:0.457082
[356]	train-rmse:0.456848
[357]	train-rmse:0.456716
[358]	train-rmse:0.456570
[359]	train-rmse:0.456351
[360]	train-rmse:0.456139
[361]	train-rmse:0.456076
[362]	train-rmse:0.455911
[363]	train-rmse:0.455767
[364]	train-rmse:0.455614
[365]	train-rmse:0.455493
[366]	train-rmse:0.455295
[367]	train-rmse:0.455084
[368]	train-rmse:0.454825
[369]	train-rmse:0.454675
[370]	train-rmse:0.454569
[371]	train-rmse:0.454370
[372]	train-rmse:0.454204
[373]	train-rmse:0.454137
[374]	train-rmse:0.453956
[375]	train-rmse:0.453761
[376]	train-rmse:0.453631
[377]	train-rmse:0.453513
[378]	train-rmse:0.453417
[379]	train-rmse:0.453301
[380]	train-rmse:0.453265
[381]	train-rmse:0.453181
[382]	train-rmse:0.453097
[383]	train-rmse:0.452959
[384]	train-rmse:0.452851
[385]	train-rmse:0.452712
[386]	train-rmse:0.452490
[387]	train-rmse:0.452344
[388]	train-rmse:0.452164
[389]	train-rmse:0.451881
[390]	train-rmse:0.451695
[391]	train-rmse:0.451561
[392]	train-rmse:0.451449
[393]	train-rmse:0.451283
[394]	train-rmse:0.451147
[395]	train-rmse:0.450901
[396]	train-rmse:0.450808
[397]	train-rmse:0.450566
[398]	train-rmse:0.450442
[399]	train-rmse:0.450344
[0]	train-rmse:0.791950
[1]	train-rmse:0.773013
[2]	train-rmse:0.754984
[3]	train-rmse:0.738552
[4]	train-rmse:0.723082
[5]	train-rmse:0.709091
[6]	train-rmse:0.696597
[7]	train-rmse:0.685234
[8]	train-rmse:0.674624
[9]	train-rmse:0.664885
[10]	train-rmse:0.656798
[11]	train-rmse:0.648645
[12]	train-rmse:0.641042
[13]	train-rmse:0.634191
[14]	train-rmse:0.627835
[15]	train-rmse:0.622006
[16]	train-rmse:0.616362
[17]	train-rmse:0.611416
[18]	train-rmse:0.607012
[19]	train-rmse:0.602867
[20]	train-rmse:0.599066
[21]	train-rmse:0.595557
[22]	train-rmse:0.591700
[23]	train-rmse:0.588223
[24]	train-rmse:0.585091
[25]	train-rmse:0.582335
[26]	train-rmse:0.579493
[27]	train-rmse:0.576856
[28]	train-rmse:0.574632
[29]	train-rmse:0.572267
[30]	train-rmse:0.570053
[31]	train-rmse:0.568274
[32]	train-rmse:0.566192
[33]	train-rmse:0.564393
[34]	train-rmse:0.562469
[35]	train-rmse:0.560877
[36]	train-rmse:0.559376
[37]	train-rmse:0.557628
[38]	train-rmse:0.556134
[39]	train-rmse:0.554794
[40]	train-rmse:0.553460
[41]	train-rmse:0.552175
[42]	train-rmse:0.550901
[43]	train-rmse:0.549688
[44]	train-rmse:0.548648
[45]	train-rmse:0.547687
[46]	train-rmse:0.546320
[47]	train-rmse:0.545074
[48]	train-rmse:0.543960
[49]	train-rmse:0.543080
[50]	train-rmse:0.542175
[51]	train-rmse:0.541327
[52]	train-rmse:0.540336
[53]	train-rmse:0.539563
[54]	train-rmse:0.538825
[55]	train-rmse:0.538008
[56]	train-rmse:0.536929
[57]	train-rmse:0.536171
[58]	train-rmse:0.535500
[59]	train-rmse:0.534553
[60]	train-rmse:0.533668
[61]	train-rmse:0.532798
[62]	train-rmse:0.532109
[63]	train-rmse:0.531286
[64]	train-rmse:0.530567
[65]	train-rmse:0.529929
[66]	train-rmse:0.529370
[67]	train-rmse:0.528625
[68]	train-rmse:0.528019
[69]	train-rmse:0.527413
[70]	train-rmse:0.526850
[71]	train-rmse:0.526126
[72]	train-rmse:0.525479
[73]	train-rmse:0.524850
[74]	train-rmse:0.524306
[75]	train-rmse:0.523806
[76]	train-rmse:0.523193
[77]	train-rmse:0.522435
[78]	train-rmse:0.521858
[79]	train-rmse:0.521275
[80]	train-rmse:0.520776
[81]	train-rmse:0.520011
[82]	train-rmse:0.519416
[83]	train-rmse:0.519015
[84]	train-rmse:0.518555
[85]	train-rmse:0.518196
[86]	train-rmse:0.517722
[87]	train-rmse:0.517173
[88]	train-rmse:0.516443
[89]	train-rmse:0.515974
[90]	train-rmse:0.515608
[91]	train-rmse:0.515166
[92]	train-rmse:0.514795
[93]	train-rmse:0.514361
[94]	train-rmse:0.513962
[95]	train-rmse:0.513458
[96]	train-rmse:0.513030
[97]	train-rmse:0.512659
[98]	train-rmse:0.512315
[99]	train-rmse:0.511952
[100]	train-rmse:0.511579
[101]	train-rmse:0.511151
[102]	train-rmse:0.510759
[103]	train-rmse:0.510469
[104]	train-rmse:0.510165
[105]	train-rmse:0.509854
[106]	train-rmse:0.509521
[107]	train-rmse:0.509040
[108]	train-rmse:0.508581
[109]	train-rmse:0.508314
[110]	train-rmse:0.507958
[111]	train-rmse:0.507572
[112]	train-rmse:0.507281
[113]	train-rmse:0.506998
[114]	train-rmse:0.506729
[115]	train-rmse:0.506485
[116]	train-rmse:0.506088
[117]	train-rmse:0.505846
[118]	train-rmse:0.505554
[119]	train-rmse:0.505094
[120]	train-rmse:0.504539
[121]	train-rmse:0.504146
[122]	train-rmse:0.503825
[123]	train-rmse:0.503530
[124]	train-rmse:0.503340
[125]	train-rmse:0.503160
[126]	train-rmse:0.502833
[127]	train-rmse:0.502625
[128]	train-rmse:0.502241
[129]	train-rmse:0.501944
[130]	train-rmse:0.501696
[131]	train-rmse:0.501375
[132]	train-rmse:0.501179
[133]	train-rmse:0.500764
[134]	train-rmse:0.500433
[135]	train-rmse:0.500265
[136]	train-rmse:0.499833
[137]	train-rmse:0.499533
[138]	train-rmse:0.499224
[139]	train-rmse:0.498923
[140]	train-rmse:0.498661
[141]	train-rmse:0.498419
[142]	train-rmse:0.498159
[143]	train-rmse:0.497828
[144]	train-rmse:0.497512
[145]	train-rmse:0.497183
[146]	train-rmse:0.496864
[147]	train-rmse:0.496588
[148]	train-rmse:0.496299
[149]	train-rmse:0.496101
[150]	train-rmse:0.495842
[151]	train-rmse:0.495656
[152]	train-rmse:0.495487
[153]	train-rmse:0.495228
[154]	train-rmse:0.495047
[155]	train-rmse:0.494836
[156]	train-rmse:0.494544
[157]	train-rmse:0.494275
[158]	train-rmse:0.493969
[159]	train-rmse:0.493654
[160]	train-rmse:0.493398
[161]	train-rmse:0.493038
[162]	train-rmse:0.492750
[163]	train-rmse:0.492482
[164]	train-rmse:0.492404
[165]	train-rmse:0.492017
[166]	train-rmse:0.491800
[167]	train-rmse:0.491621
[168]	train-rmse:0.491412
[169]	train-rmse:0.491144
[170]	train-rmse:0.490891
[171]	train-rmse:0.490583
[172]	train-rmse:0.490330
[173]	train-rmse:0.490141
[174]	train-rmse:0.489754
[175]	train-rmse:0.489534
[176]	train-rmse:0.489186
[177]	train-rmse:0.488905
[178]	train-rmse:0.488663
[179]	train-rmse:0.488466
[180]	train-rmse:0.488257
[181]	train-rmse:0.487958
[182]	train-rmse:0.487823
[183]	train-rmse:0.487705
[184]	train-rmse:0.487587
[185]	train-rmse:0.487374
[186]	train-rmse:0.487132
[187]	train-rmse:0.486913
[188]	train-rmse:0.486740
[189]	train-rmse:0.486515
[190]	train-rmse:0.486235
[191]	train-rmse:0.485927
[192]	train-rmse:0.485743
[193]	train-rmse:0.485652
[194]	train-rmse:0.485489
[195]	train-rmse:0.485258
[196]	train-rmse:0.484968
[197]	train-rmse:0.484699
[198]	train-rmse:0.484445
[199]	train-rmse:0.484285
[200]	train-rmse:0.484110
[201]	train-rmse:0.484009
[202]	train-rmse:0.483789
[203]	train-rmse:0.483592
[204]	train-rmse:0.483335
[205]	train-rmse:0.483177
[206]	train-rmse:0.482980
[207]	train-rmse:0.482840
[208]	train-rmse:0.482647
[209]	train-rmse:0.482518
[210]	train-rmse:0.482446
[211]	train-rmse:0.482245
[212]	train-rmse:0.482059
[213]	train-rmse:0.481877
[214]	train-rmse:0.481624
[215]	train-rmse:0.481392
[216]	train-rmse:0.481217
[217]	train-rmse:0.480925
[218]	train-rmse:0.480666
[219]	train-rmse:0.480404
[220]	train-rmse:0.480215
[221]	train-rmse:0.480057
[222]	train-rmse:0.479960
[223]	train-rmse:0.479764
[224]	train-rmse:0.479699
[225]	train-rmse:0.479524
[226]	train-rmse:0.479335
[227]	train-rmse:0.479170
[228]	train-rmse:0.478951
[229]	train-rmse:0.478752
[230]	train-rmse:0.478540
[231]	train-rmse:0.478342
[232]	train-rmse:0.478132
[233]	train-rmse:0.477953
[234]	train-rmse:0.477756
[235]	train-rmse:0.477457
[236]	train-rmse:0.477139
[237]	train-rmse:0.477054
[238]	train-rmse:0.476857
[239]	train-rmse:0.476767
[240]	train-rmse:0.476549
[241]	train-rmse:0.476382
[242]	train-rmse:0.476267
[243]	train-rmse:0.476077
[244]	train-rmse:0.475923
[245]	train-rmse:0.475707
[246]	train-rmse:0.475509
[247]	train-rmse:0.475359
[248]	train-rmse:0.475177
[249]	train-rmse:0.474960
[250]	train-rmse:0.474702
[251]	train-rmse:0.474607
[252]	train-rmse:0.474493
[253]	train-rmse:0.474287
[254]	train-rmse:0.474158
[255]	train-rmse:0.474021
[256]	train-rmse:0.473766
[257]	train-rmse:0.473565
[258]	train-rmse:0.473443
[259]	train-rmse:0.473268
[260]	train-rmse:0.473137
[261]	train-rmse:0.473013
[262]	train-rmse:0.472837
[263]	train-rmse:0.472682
[264]	train-rmse:0.472363
[265]	train-rmse:0.472210
[266]	train-rmse:0.472116
[267]	train-rmse:0.471964
[268]	train-rmse:0.471737
[269]	train-rmse:0.471588
[270]	train-rmse:0.471433
[271]	train-rmse:0.471273
[272]	train-rmse:0.471083
[273]	train-rmse:0.470951
[274]	train-rmse:0.470842
[275]	train-rmse:0.470717
[276]	train-rmse:0.470481
[277]	train-rmse:0.470226
[278]	train-rmse:0.470043
[279]	train-rmse:0.469854
[280]	train-rmse:0.469724
[281]	train-rmse:0.469565
[282]	train-rmse:0.469366
[283]	train-rmse:0.469218
[284]	train-rmse:0.468969
[285]	train-rmse:0.468826
[286]	train-rmse:0.468619
[287]	train-rmse:0.468439
[288]	train-rmse:0.468242
[289]	train-rmse:0.468130
[290]	train-rmse:0.467956
[291]	train-rmse:0.467860
[292]	train-rmse:0.467665
[293]	train-rmse:0.467479
[294]	train-rmse:0.467304
[295]	train-rmse:0.467115
[296]	train-rmse:0.467048
[297]	train-rmse:0.466958
[298]	train-rmse:0.466740
[299]	train-rmse:0.466601
[300]	train-rmse:0.466506
[301]	train-rmse:0.466421
[302]	train-rmse:0.466247
[303]	train-rmse:0.466105
[304]	train-rmse:0.465942
[305]	train-rmse:0.465865
[306]	train-rmse:0.465713
[307]	train-rmse:0.465624
[308]	train-rmse:0.465367
[309]	train-rmse:0.465088
[310]	train-rmse:0.464954
[311]	train-rmse:0.464795
[312]	train-rmse:0.464641
[313]	train-rmse:0.464479
[314]	train-rmse:0.464300
[315]	train-rmse:0.464185
[316]	train-rmse:0.464014
[317]	train-rmse:0.463834
[318]	train-rmse:0.463718
[319]	train-rmse:0.463471
[320]	train-rmse:0.463322
[321]	train-rmse:0.463193
[322]	train-rmse:0.462936
[323]	train-rmse:0.462700
[324]	train-rmse:0.462581
[325]	train-rmse:0.462456
[326]	train-rmse:0.462312
[327]	train-rmse:0.462138
[328]	train-rmse:0.462056
[329]	train-rmse:0.461907
[330]	train-rmse:0.461727
[331]	train-rmse:0.461508
[332]	train-rmse:0.461376
[333]	train-rmse:0.461231
[334]	train-rmse:0.461065
[335]	train-rmse:0.460951
[336]	train-rmse:0.460877
[337]	train-rmse:0.460631
[338]	train-rmse:0.460430
[339]	train-rmse:0.460251
[340]	train-rmse:0.460102
[341]	train-rmse:0.460019
[342]	train-rmse:0.459825
[343]	train-rmse:0.459665
[344]	train-rmse:0.459504
[345]	train-rmse:0.459398
[346]	train-rmse:0.459251
[347]	train-rmse:0.459040
[348]	train-rmse:0.458857
[349]	train-rmse:0.458693
[350]	train-rmse:0.458560
[351]	train-rmse:0.458447
[352]	train-rmse:0.458312
[353]	train-rmse:0.458208
[354]	train-rmse:0.458100
[355]	train-rmse:0.457936
[356]	train-rmse:0.457864
[357]	train-rmse:0.457743
[358]	train-rmse:0.457616
[359]	train-rmse:0.457460
[360]	train-rmse:0.457248
[361]	train-rmse:0.457102
[362]	train-rmse:0.456942
[363]	train-rmse:0.456772
[364]	train-rmse:0.456612
[365]	train-rmse:0.456447
[366]	train-rmse:0.456211
[367]	train-rmse:0.456062
[368]	train-rmse:0.455858
[369]	train-rmse:0.455674
[370]	train-rmse:0.455585
[371]	train-rmse:0.455439
[372]	train-rmse:0.455261
[373]	train-rmse:0.455113
[374]	train-rmse:0.454891
[375]	train-rmse:0.454742
[376]	train-rmse:0.454502
[377]	train-rmse:0.454341
[378]	train-rmse:0.454215
[379]	train-rmse:0.454064
[380]	train-rmse:0.453895
[381]	train-rmse:0.453693
[382]	train-rmse:0.453534
[383]	train-rmse:0.453362
[384]	train-rmse:0.453200
[385]	train-rmse:0.453104
[386]	train-rmse:0.452896
[387]	train-rmse:0.452726
[388]	train-rmse:0.452571
[389]	train-rmse:0.452368
[390]	train-rmse:0.452150
[391]	train-rmse:0.452038
[392]	train-rmse:0.451771
[393]	train-rmse:0.451725
[394]	train-rmse:0.451622
[395]	train-rmse:0.451499
[396]	train-rmse:0.451299
[397]	train-rmse:0.451067
[398]	train-rmse:0.450978
[399]	train-rmse:0.450839
[Tune-y] 7: mae.test.mean=1.15e+03; time: 42.3 min; memory: 202Mb use, 655Mb max
           used  (Mb) gc trigger  (Mb) max used  (Mb)
Ncells  1388130  74.2    2637877 140.9  1770749  94.6
Vcells 16126413 123.1   47048107 359.0 73498718 560.8
Job time in seconds: 2537
Error in unserialize(node$con) : error reading from connection
Calls: <Anonymous> ... doTryCatch -> recvData -> recvData.SOCKnode -> unserialize
Execution halted
