[Tune-x] 4: max_depth=7; min_child_weight=2; eta=0.0837; colsample_bytree=0.632; subsample=0.794
[0]	train-rmse:0.783728
[1]	train-rmse:0.761909
[2]	train-rmse:0.743860
[3]	train-rmse:0.724821
[4]	train-rmse:0.708204
[5]	train-rmse:0.692543
[6]	train-rmse:0.681333
[7]	train-rmse:0.669583
[8]	train-rmse:0.658782
[9]	train-rmse:0.649392
[10]	train-rmse:0.640395
[11]	train-rmse:0.632633
[12]	train-rmse:0.625456
[13]	train-rmse:0.618719
[14]	train-rmse:0.613252
[15]	train-rmse:0.608037
[16]	train-rmse:0.603369
[17]	train-rmse:0.599092
[18]	train-rmse:0.594817
[19]	train-rmse:0.591054
[20]	train-rmse:0.587762
[21]	train-rmse:0.584405
[22]	train-rmse:0.581479
[23]	train-rmse:0.578983
[24]	train-rmse:0.576151
[25]	train-rmse:0.573824
[26]	train-rmse:0.571837
[27]	train-rmse:0.569670
[28]	train-rmse:0.568009
[29]	train-rmse:0.565905
[30]	train-rmse:0.564484
[31]	train-rmse:0.562975
[32]	train-rmse:0.561627
[33]	train-rmse:0.560157
[34]	train-rmse:0.558921
[35]	train-rmse:0.556998
[36]	train-rmse:0.555503
[37]	train-rmse:0.554314
[38]	train-rmse:0.553104
[39]	train-rmse:0.551962
[40]	train-rmse:0.550974
[41]	train-rmse:0.549722
[42]	train-rmse:0.548901
[43]	train-rmse:0.547941
[44]	train-rmse:0.546835
[45]	train-rmse:0.545840
[46]	train-rmse:0.544850
[47]	train-rmse:0.543954
[48]	train-rmse:0.543356
[49]	train-rmse:0.542542
[50]	train-rmse:0.541860
[51]	train-rmse:0.541038
[52]	train-rmse:0.540367
[53]	train-rmse:0.539432
[54]	train-rmse:0.538791
[55]	train-rmse:0.538176
[56]	train-rmse:0.537625
[57]	train-rmse:0.537058
[58]	train-rmse:0.536499
[59]	train-rmse:0.535875
[60]	train-rmse:0.535312
[61]	train-rmse:0.534741
[62]	train-rmse:0.534146
[63]	train-rmse:0.533434
[64]	train-rmse:0.532875
[65]	train-rmse:0.532472
[66]	train-rmse:0.531930
[67]	train-rmse:0.531307
[68]	train-rmse:0.530464
[69]	train-rmse:0.530002
[70]	train-rmse:0.529498
[71]	train-rmse:0.529077
[72]	train-rmse:0.528589
[73]	train-rmse:0.528187
[74]	train-rmse:0.527731
[75]	train-rmse:0.527265
[76]	train-rmse:0.526862
[77]	train-rmse:0.526569
[78]	train-rmse:0.526316
[79]	train-rmse:0.526004
[80]	train-rmse:0.525479
[81]	train-rmse:0.525154
[82]	train-rmse:0.524891
[83]	train-rmse:0.524521
[84]	train-rmse:0.524074
[85]	train-rmse:0.523651
[86]	train-rmse:0.523332
[87]	train-rmse:0.522901
[88]	train-rmse:0.522555
[89]	train-rmse:0.522290
[90]	train-rmse:0.522046
[91]	train-rmse:0.521726
[92]	train-rmse:0.521467
[93]	train-rmse:0.521213
[94]	train-rmse:0.520817
[95]	train-rmse:0.520529
[96]	train-rmse:0.520215
[97]	train-rmse:0.519896
[98]	train-rmse:0.519554
[99]	train-rmse:0.519245
[100]	train-rmse:0.518950
[101]	train-rmse:0.518677
[102]	train-rmse:0.518436
[103]	train-rmse:0.518134
[104]	train-rmse:0.517852
[105]	train-rmse:0.517611
[106]	train-rmse:0.517305
[107]	train-rmse:0.516922
[108]	train-rmse:0.516544
[109]	train-rmse:0.516344
[110]	train-rmse:0.516110
[111]	train-rmse:0.515864
[112]	train-rmse:0.515612
[113]	train-rmse:0.515445
[114]	train-rmse:0.515219
[115]	train-rmse:0.515002
[116]	train-rmse:0.514789
[117]	train-rmse:0.514604
[118]	train-rmse:0.514196
[119]	train-rmse:0.513885
[120]	train-rmse:0.513668
[121]	train-rmse:0.513332
[122]	train-rmse:0.513103
[123]	train-rmse:0.512949
[124]	train-rmse:0.512761
[125]	train-rmse:0.512508
[126]	train-rmse:0.512180
[127]	train-rmse:0.511846
[128]	train-rmse:0.511566
[129]	train-rmse:0.511332
[130]	train-rmse:0.511087
[131]	train-rmse:0.510786
[132]	train-rmse:0.510668
[133]	train-rmse:0.510422
[134]	train-rmse:0.510145
[135]	train-rmse:0.509956
[136]	train-rmse:0.509675
[137]	train-rmse:0.509432
[138]	train-rmse:0.509265
[139]	train-rmse:0.509009
[140]	train-rmse:0.508862
[141]	train-rmse:0.508705
[142]	train-rmse:0.508542
[143]	train-rmse:0.508290
[144]	train-rmse:0.508081
[145]	train-rmse:0.507822
[146]	train-rmse:0.507582
[147]	train-rmse:0.507410
[148]	train-rmse:0.507172
[149]	train-rmse:0.506937
[150]	train-rmse:0.506642
[151]	train-rmse:0.506522
[152]	train-rmse:0.506356
[153]	train-rmse:0.506217
[154]	train-rmse:0.506028
[155]	train-rmse:0.505987
[156]	train-rmse:0.505740
[157]	train-rmse:0.505567
[158]	train-rmse:0.505365
[159]	train-rmse:0.505186
[160]	train-rmse:0.504960
[161]	train-rmse:0.504724
[162]	train-rmse:0.504516
[163]	train-rmse:0.504309
[164]	train-rmse:0.504056
[165]	train-rmse:0.503876
[166]	train-rmse:0.503698
[167]	train-rmse:0.503434
[168]	train-rmse:0.503256
[169]	train-rmse:0.503073
[170]	train-rmse:0.502832
[171]	train-rmse:0.502534
[172]	train-rmse:0.502378
[173]	train-rmse:0.502248
[174]	train-rmse:0.502039
[175]	train-rmse:0.501915
[176]	train-rmse:0.501680
[177]	train-rmse:0.501428
[178]	train-rmse:0.501269
[179]	train-rmse:0.501076
[180]	train-rmse:0.500936
[181]	train-rmse:0.500828
[182]	train-rmse:0.500653
[183]	train-rmse:0.500544
[184]	train-rmse:0.500398
[185]	train-rmse:0.500169
[186]	train-rmse:0.500030
[187]	train-rmse:0.499828
[188]	train-rmse:0.499744
[189]	train-rmse:0.499539
[190]	train-rmse:0.499429
[191]	train-rmse:0.499299
[192]	train-rmse:0.499194
[193]	train-rmse:0.498990
[194]	train-rmse:0.498838
[195]	train-rmse:0.498649
[196]	train-rmse:0.498450
[197]	train-rmse:0.498287
[198]	train-rmse:0.498140
[199]	train-rmse:0.497913
[200]	train-rmse:0.497769
[201]	train-rmse:0.497609
[202]	train-rmse:0.497420
[203]	train-rmse:0.497299
[204]	train-rmse:0.497091
[205]	train-rmse:0.496891
[206]	train-rmse:0.496749
[207]	train-rmse:0.496573
[208]	train-rmse:0.496393
[209]	train-rmse:0.496212
[210]	train-rmse:0.496093
[211]	train-rmse:0.495944
[212]	train-rmse:0.495658
[213]	train-rmse:0.495407
[214]	train-rmse:0.495185
[215]	train-rmse:0.494982
[216]	train-rmse:0.494814
[217]	train-rmse:0.494714
[218]	train-rmse:0.494479
[219]	train-rmse:0.494294
[220]	train-rmse:0.494128
[221]	train-rmse:0.493985
[222]	train-rmse:0.493812
[223]	train-rmse:0.493694
[224]	train-rmse:0.493507
[225]	train-rmse:0.493314
[226]	train-rmse:0.493120
[227]	train-rmse:0.492973
[228]	train-rmse:0.492721
[229]	train-rmse:0.492628
[230]	train-rmse:0.492533
[231]	train-rmse:0.492384
[232]	train-rmse:0.492190
[233]	train-rmse:0.491983
[234]	train-rmse:0.491916
[235]	train-rmse:0.491787
[236]	train-rmse:0.491569
[237]	train-rmse:0.491439
[238]	train-rmse:0.491281
[239]	train-rmse:0.491146
[240]	train-rmse:0.490959
[241]	train-rmse:0.490751
[242]	train-rmse:0.490618
[243]	train-rmse:0.490432
[244]	train-rmse:0.490383
[245]	train-rmse:0.490294
[246]	train-rmse:0.490125
[247]	train-rmse:0.489958
[248]	train-rmse:0.489849
[249]	train-rmse:0.489703
[250]	train-rmse:0.489634
[251]	train-rmse:0.489405
[252]	train-rmse:0.489199
[253]	train-rmse:0.488973
[254]	train-rmse:0.488823
[255]	train-rmse:0.488742
[256]	train-rmse:0.488504
[257]	train-rmse:0.488382
[258]	train-rmse:0.488225
[259]	train-rmse:0.488132
[260]	train-rmse:0.487959
[261]	train-rmse:0.487831
[262]	train-rmse:0.487685
[263]	train-rmse:0.487458
[264]	train-rmse:0.487311
[265]	train-rmse:0.487110
[266]	train-rmse:0.486949
[267]	train-rmse:0.486711
[268]	train-rmse:0.486609
[269]	train-rmse:0.486532
[270]	train-rmse:0.486423
[271]	train-rmse:0.486243
[272]	train-rmse:0.486059
[273]	train-rmse:0.485929
[274]	train-rmse:0.485851
[275]	train-rmse:0.485749
[276]	train-rmse:0.485591
[277]	train-rmse:0.485498
[278]	train-rmse:0.485387
[279]	train-rmse:0.485254
[280]	train-rmse:0.485149
[281]	train-rmse:0.484964
[282]	train-rmse:0.484780
[283]	train-rmse:0.484663
[284]	train-rmse:0.484453
[285]	train-rmse:0.484324
[286]	train-rmse:0.484168
[287]	train-rmse:0.484004
[288]	train-rmse:0.483900
[289]	train-rmse:0.483756
[290]	train-rmse:0.483603
[291]	train-rmse:0.483487
[292]	train-rmse:0.483289
[293]	train-rmse:0.483176
[294]	train-rmse:0.482958
[295]	train-rmse:0.482747
[296]	train-rmse:0.482627
[297]	train-rmse:0.482569
[298]	train-rmse:0.482442
[299]	train-rmse:0.482231
[300]	train-rmse:0.482080
[301]	train-rmse:0.482036
[302]	train-rmse:0.481904
[303]	train-rmse:0.481694
[304]	train-rmse:0.481564
[305]	train-rmse:0.481455
[306]	train-rmse:0.481274
[307]	train-rmse:0.481118
[308]	train-rmse:0.480932
[309]	train-rmse:0.480796
[310]	train-rmse:0.480608
[311]	train-rmse:0.480532
[312]	train-rmse:0.480367
[313]	train-rmse:0.480182
[314]	train-rmse:0.480059
[315]	train-rmse:0.479997
[316]	train-rmse:0.479827
[317]	train-rmse:0.479648
[318]	train-rmse:0.479452
[319]	train-rmse:0.479360
[320]	train-rmse:0.479143
[321]	train-rmse:0.478981
[322]	train-rmse:0.478873
[323]	train-rmse:0.478779
[324]	train-rmse:0.478640
[325]	train-rmse:0.478533
[326]	train-rmse:0.478397
[327]	train-rmse:0.478288
[328]	train-rmse:0.478162
[329]	train-rmse:0.478004
[330]	train-rmse:0.477852
[331]	train-rmse:0.477722
[332]	train-rmse:0.477569
[333]	train-rmse:0.477375
[334]	train-rmse:0.477259
[335]	train-rmse:0.477152
[336]	train-rmse:0.476987
[337]	train-rmse:0.476759
[338]	train-rmse:0.476575
[339]	train-rmse:0.476441
[340]	train-rmse:0.476317
[341]	train-rmse:0.476244
[342]	train-rmse:0.476038
[343]	train-rmse:0.475851
[344]	train-rmse:0.475682
[345]	train-rmse:0.475491
[346]	train-rmse:0.475324
[347]	train-rmse:0.475232
[348]	train-rmse:0.475063
[349]	train-rmse:0.474802
[350]	train-rmse:0.474659
[351]	train-rmse:0.474527
[352]	train-rmse:0.474431
[353]	train-rmse:0.474351
[354]	train-rmse:0.474225
[355]	train-rmse:0.474150
[356]	train-rmse:0.474068
[357]	train-rmse:0.473944
[358]	train-rmse:0.473836
[359]	train-rmse:0.473689
[360]	train-rmse:0.473625
[361]	train-rmse:0.473442
[362]	train-rmse:0.473299
[363]	train-rmse:0.473224
[364]	train-rmse:0.473044
[365]	train-rmse:0.472976
[366]	train-rmse:0.472815
[367]	train-rmse:0.472640
[368]	train-rmse:0.472519
[369]	train-rmse:0.472392
[370]	train-rmse:0.472257
[371]	train-rmse:0.472118
[372]	train-rmse:0.471930
[373]	train-rmse:0.471788
[374]	train-rmse:0.471669
[375]	train-rmse:0.471509
[376]	train-rmse:0.471404
[377]	train-rmse:0.471240
[378]	train-rmse:0.471075
[379]	train-rmse:0.470940
[380]	train-rmse:0.470835
[381]	train-rmse:0.470640
[382]	train-rmse:0.470513
[383]	train-rmse:0.470391
[384]	train-rmse:0.470225
[385]	train-rmse:0.470115
[386]	train-rmse:0.469900
[387]	train-rmse:0.469790
[388]	train-rmse:0.469620
[389]	train-rmse:0.469540
[390]	train-rmse:0.469372
[391]	train-rmse:0.469227
[392]	train-rmse:0.469134
[393]	train-rmse:0.468964
[394]	train-rmse:0.468776
[395]	train-rmse:0.468622
[396]	train-rmse:0.468489
[397]	train-rmse:0.468326
[398]	train-rmse:0.468170
[399]	train-rmse:0.468050
[0]	train-rmse:0.790948
[1]	train-rmse:0.766880
[2]	train-rmse:0.746942
[3]	train-rmse:0.726933
[4]	train-rmse:0.710183
[5]	train-rmse:0.696030
[6]	train-rmse:0.681980
[7]	train-rmse:0.671170
[8]	train-rmse:0.659700
[9]	train-rmse:0.649429
[10]	train-rmse:0.640298
[11]	train-rmse:0.632723
[12]	train-rmse:0.625540
[13]	train-rmse:0.619610
[14]	train-rmse:0.613734
[15]	train-rmse:0.608454
[16]	train-rmse:0.603642
[17]	train-rmse:0.599319
[18]	train-rmse:0.595547
[19]	train-rmse:0.591610
[20]	train-rmse:0.588222
[21]	train-rmse:0.585071
[22]	train-rmse:0.582250
[23]	train-rmse:0.579802
[24]	train-rmse:0.577583
[25]	train-rmse:0.575130
[26]	train-rmse:0.573198
[27]	train-rmse:0.571208
[28]	train-rmse:0.569373
[29]	train-rmse:0.567610
[30]	train-rmse:0.565960
[31]	train-rmse:0.564328
[32]	train-rmse:0.562827
[33]	train-rmse:0.561211
[34]	train-rmse:0.559569
[35]	train-rmse:0.558432
[36]	train-rmse:0.557076
[37]	train-rmse:0.555822
[38]	train-rmse:0.554653
[39]	train-rmse:0.553574
[40]	train-rmse:0.552210
[41]	train-rmse:0.551232
[42]	train-rmse:0.550041
[43]	train-rmse:0.549000
[44]	train-rmse:0.547993
[45]	train-rmse:0.547205
[46]	train-rmse:0.546499
[47]	train-rmse:0.545687
[48]	train-rmse:0.544834
[49]	train-rmse:0.544100
[50]	train-rmse:0.543425
[51]	train-rmse:0.542636
[52]	train-rmse:0.541895
[53]	train-rmse:0.541353
[54]	train-rmse:0.540698
[55]	train-rmse:0.540002
[56]	train-rmse:0.539422
[57]	train-rmse:0.538847
[58]	train-rmse:0.538308
[59]	train-rmse:0.537542
[60]	train-rmse:0.536993
[61]	train-rmse:0.536225
[62]	train-rmse:0.535580
[63]	train-rmse:0.535123
[64]	train-rmse:0.534651
[65]	train-rmse:0.534130
[66]	train-rmse:0.533656
[67]	train-rmse:0.533164
[68]	train-rmse:0.532607
[69]	train-rmse:0.532239
[70]	train-rmse:0.531677
[71]	train-rmse:0.531283
[72]	train-rmse:0.530901
[73]	train-rmse:0.530551
[74]	train-rmse:0.530149
[75]	train-rmse:0.529751
[76]	train-rmse:0.529324
[77]	train-rmse:0.528922
[78]	train-rmse:0.528544
[79]	train-rmse:0.528144
[80]	train-rmse:0.527594
[81]	train-rmse:0.527166
[82]	train-rmse:0.526822
[83]	train-rmse:0.526421
[84]	train-rmse:0.526033
[85]	train-rmse:0.525717
[86]	train-rmse:0.525370
[87]	train-rmse:0.525026
[88]	train-rmse:0.524690
[89]	train-rmse:0.524335
[90]	train-rmse:0.523896
[91]	train-rmse:0.523661
[92]	train-rmse:0.523317
[93]	train-rmse:0.522922
[94]	train-rmse:0.522547
[95]	train-rmse:0.522284
[96]	train-rmse:0.521995
[97]	train-rmse:0.521704
[98]	train-rmse:0.521410
[99]	train-rmse:0.521228
[100]	train-rmse:0.521018
[101]	train-rmse:0.520635
[102]	train-rmse:0.520389
[103]	train-rmse:0.520146
[104]	train-rmse:0.519762
[105]	train-rmse:0.519511
[106]	train-rmse:0.519140
[107]	train-rmse:0.518912
[108]	train-rmse:0.518621
[109]	train-rmse:0.518359
[110]	train-rmse:0.518108
[111]	train-rmse:0.517853
[112]	train-rmse:0.517492
[113]	train-rmse:0.517331
[114]	train-rmse:0.517093
[115]	train-rmse:0.516801
[116]	train-rmse:0.516622
[117]	train-rmse:0.516195
[118]	train-rmse:0.515967
[119]	train-rmse:0.515658
[120]	train-rmse:0.515427
[121]	train-rmse:0.515180
[122]	train-rmse:0.514951
[123]	train-rmse:0.514702
[124]	train-rmse:0.514453
[125]	train-rmse:0.514162
[126]	train-rmse:0.513912
[127]	train-rmse:0.513694
[128]	train-rmse:0.513518
[129]	train-rmse:0.513213
[130]	train-rmse:0.512970
[131]	train-rmse:0.512727
[132]	train-rmse:0.512505
[133]	train-rmse:0.512223
[134]	train-rmse:0.512082
[135]	train-rmse:0.511831
[136]	train-rmse:0.511629
[137]	train-rmse:0.511475
[138]	train-rmse:0.511247
[139]	train-rmse:0.510939
[140]	train-rmse:0.510731
[141]	train-rmse:0.510486
[142]	train-rmse:0.510268
[143]	train-rmse:0.510100
[144]	train-rmse:0.509882
[145]	train-rmse:0.509707
[146]	train-rmse:0.509506
[147]	train-rmse:0.509245
[148]	train-rmse:0.508946
[149]	train-rmse:0.508819
[150]	train-rmse:0.508556
[151]	train-rmse:0.508331
[152]	train-rmse:0.508157
[153]	train-rmse:0.507930
[154]	train-rmse:0.507762
[155]	train-rmse:0.507537
[156]	train-rmse:0.507351
[157]	train-rmse:0.507138
[158]	train-rmse:0.506940
[159]	train-rmse:0.506750
[160]	train-rmse:0.506559
[161]	train-rmse:0.506376
[162]	train-rmse:0.506164
[163]	train-rmse:0.506052
[164]	train-rmse:0.505852
[165]	train-rmse:0.505611
[166]	train-rmse:0.505457
[167]	train-rmse:0.505277
[168]	train-rmse:0.505063
[169]	train-rmse:0.504892
[170]	train-rmse:0.504647
[171]	train-rmse:0.504435
[172]	train-rmse:0.504246
[173]	train-rmse:0.504094
[174]	train-rmse:0.503904
[175]	train-rmse:0.503781
[176]	train-rmse:0.503560
[177]	train-rmse:0.503383
[178]	train-rmse:0.503252
[179]	train-rmse:0.503072
[180]	train-rmse:0.502851
[181]	train-rmse:0.502694
[182]	train-rmse:0.502565
[183]	train-rmse:0.502335
[184]	train-rmse:0.502167
[185]	train-rmse:0.501980
[186]	train-rmse:0.501746
[187]	train-rmse:0.501610
[188]	train-rmse:0.501404
[189]	train-rmse:0.501253
[190]	train-rmse:0.501008
[191]	train-rmse:0.500861
[192]	train-rmse:0.500753
[193]	train-rmse:0.500656
[194]	train-rmse:0.500389
[195]	train-rmse:0.500107
[196]	train-rmse:0.499967
[197]	train-rmse:0.499819
[198]	train-rmse:0.499628
[199]	train-rmse:0.499445
[200]	train-rmse:0.499262
[201]	train-rmse:0.499106
[202]	train-rmse:0.498991
[203]	train-rmse:0.498785
[204]	train-rmse:0.498639
[205]	train-rmse:0.498432
[206]	train-rmse:0.498269
[207]	train-rmse:0.498025
[208]	train-rmse:0.497800
[209]	train-rmse:0.497675
[210]	train-rmse:0.497520
[211]	train-rmse:0.497293
[212]	train-rmse:0.497222
[213]	train-rmse:0.497107
[214]	train-rmse:0.497001
[215]	train-rmse:0.496898
[216]	train-rmse:0.496672
[217]	train-rmse:0.496496
[218]	train-rmse:0.496289
[219]	train-rmse:0.496077
[220]	train-rmse:0.495895
[221]	train-rmse:0.495769
[222]	train-rmse:0.495615
[223]	train-rmse:0.495570
[224]	train-rmse:0.495336
[225]	train-rmse:0.495130
[226]	train-rmse:0.494940
[227]	train-rmse:0.494820
[228]	train-rmse:0.494664
[229]	train-rmse:0.494469
[230]	train-rmse:0.494341
[231]	train-rmse:0.494301
[232]	train-rmse:0.494185
[233]	train-rmse:0.493966
[234]	train-rmse:0.493731
[235]	train-rmse:0.493593
[236]	train-rmse:0.493405
[237]	train-rmse:0.493226
[238]	train-rmse:0.493099
[239]	train-rmse:0.492925
[240]	train-rmse:0.492764
[241]	train-rmse:0.492567
[242]	train-rmse:0.492405
[243]	train-rmse:0.492261
[244]	train-rmse:0.492130
[245]	train-rmse:0.492007
[246]	train-rmse:0.491882
[247]	train-rmse:0.491699
[248]	train-rmse:0.491493
[249]	train-rmse:0.491327
[250]	train-rmse:0.491260
[251]	train-rmse:0.491122
[252]	train-rmse:0.491021
[253]	train-rmse:0.490875
[254]	train-rmse:0.490803
[255]	train-rmse:0.490724
[256]	train-rmse:0.490590
[257]	train-rmse:0.490510
[258]	train-rmse:0.490389
[259]	train-rmse:0.490198
[260]	train-rmse:0.490016
[261]	train-rmse:0.489837
[262]	train-rmse:0.489598
[263]	train-rmse:0.489515
[264]	train-rmse:0.489337
[265]	train-rmse:0.489224
[266]	train-rmse:0.489081
[267]	train-rmse:0.488980
[268]	train-rmse:0.488825
[269]	train-rmse:0.488743
[270]	train-rmse:0.488618
[271]	train-rmse:0.488470
[272]	train-rmse:0.488340
[273]	train-rmse:0.488170
[274]	train-rmse:0.488011
[275]	train-rmse:0.487921
[276]	train-rmse:0.487809
[277]	train-rmse:0.487770
[278]	train-rmse:0.487589
[279]	train-rmse:0.487481
[280]	train-rmse:0.487394
[281]	train-rmse:0.487177
[282]	train-rmse:0.487064
[283]	train-rmse:0.486873
[284]	train-rmse:0.486738
[285]	train-rmse:0.486557
[286]	train-rmse:0.486355
[287]	train-rmse:0.486202
[288]	train-rmse:0.486094
[289]	train-rmse:0.486001
[290]	train-rmse:0.485832
[291]	train-rmse:0.485667
[292]	train-rmse:0.485568
[293]	train-rmse:0.485384
[294]	train-rmse:0.485226
[295]	train-rmse:0.485052
[296]	train-rmse:0.484915
[297]	train-rmse:0.484780
[298]	train-rmse:0.484622
[299]	train-rmse:0.484436
[300]	train-rmse:0.484275
[301]	train-rmse:0.484148
[302]	train-rmse:0.484098
[303]	train-rmse:0.484007
[304]	train-rmse:0.483888
[305]	train-rmse:0.483729
[306]	train-rmse:0.483549
[307]	train-rmse:0.483356
[308]	train-rmse:0.483133
[309]	train-rmse:0.482993
[310]	train-rmse:0.482834
[311]	train-rmse:0.482655
[312]	train-rmse:0.482493
[313]	train-rmse:0.482384
[314]	train-rmse:0.482257
[315]	train-rmse:0.482183
[316]	train-rmse:0.482045
[317]	train-rmse:0.481833
[318]	train-rmse:0.481697
[319]	train-rmse:0.481634
[320]	train-rmse:0.481518
[321]	train-rmse:0.481385
[322]	train-rmse:0.481202
[323]	train-rmse:0.481099
[324]	train-rmse:0.480904
[325]	train-rmse:0.480808
[326]	train-rmse:0.480632
[327]	train-rmse:0.480460
[328]	train-rmse:0.480312
[329]	train-rmse:0.480141
[330]	train-rmse:0.479930
[331]	train-rmse:0.479738
[332]	train-rmse:0.479683
[333]	train-rmse:0.479567
[334]	train-rmse:0.479358
[335]	train-rmse:0.479317
[336]	train-rmse:0.479166
[337]	train-rmse:0.478976
[338]	train-rmse:0.478752
[339]	train-rmse:0.478607
[340]	train-rmse:0.478434
[341]	train-rmse:0.478302
[342]	train-rmse:0.478241
[343]	train-rmse:0.478069
[344]	train-rmse:0.477967
[345]	train-rmse:0.477800
[346]	train-rmse:0.477681
[347]	train-rmse:0.477513
[348]	train-rmse:0.477330
[349]	train-rmse:0.477092
[350]	train-rmse:0.477000
[351]	train-rmse:0.476937
[352]	train-rmse:0.476781
[353]	train-rmse:0.476662
[354]	train-rmse:0.476582
[355]	train-rmse:0.476467
[356]	train-rmse:0.476305
[357]	train-rmse:0.476139
[358]	train-rmse:0.475999
[359]	train-rmse:0.475928
[360]	train-rmse:0.475798
[361]	train-rmse:0.475631
[362]	train-rmse:0.475476
[363]	train-rmse:0.475363
[364]	train-rmse:0.475236
[365]	train-rmse:0.475076
[366]	train-rmse:0.474938
[367]	train-rmse:0.474731
[368]	train-rmse:0.474576
[369]	train-rmse:0.474392
[370]	train-rmse:0.474247
[371]	train-rmse:0.474174
[372]	train-rmse:0.474052
[373]	train-rmse:0.473901
[374]	train-rmse:0.473729
[375]	train-rmse:0.473621
[376]	train-rmse:0.473475
[377]	train-rmse:0.473348
[378]	train-rmse:0.473156
[379]	train-rmse:0.473020
[380]	train-rmse:0.472887
[381]	train-rmse:0.472766
[382]	train-rmse:0.472616
[383]	train-rmse:0.472457
[384]	train-rmse:0.472270
[385]	train-rmse:0.472100
[386]	train-rmse:0.472038
[387]	train-rmse:0.471921
[388]	train-rmse:0.471746
[389]	train-rmse:0.471676
[390]	train-rmse:0.471510
[391]	train-rmse:0.471441
[392]	train-rmse:0.471293
[393]	train-rmse:0.471160
[394]	train-rmse:0.471051
[395]	train-rmse:0.470905
[396]	train-rmse:0.470769
[397]	train-rmse:0.470683
[398]	train-rmse:0.470529
[399]	train-rmse:0.470389
[0]	train-rmse:0.790346
[1]	train-rmse:0.770908
[2]	train-rmse:0.748345
[3]	train-rmse:0.730376
[4]	train-rmse:0.712266
[5]	train-rmse:0.698269
[6]	train-rmse:0.685200
[7]	train-rmse:0.672037
[8]	train-rmse:0.660012
[9]	train-rmse:0.649645
[10]	train-rmse:0.641062
[11]	train-rmse:0.633185
[12]	train-rmse:0.625514
[13]	train-rmse:0.619805
[14]	train-rmse:0.614193
[15]	train-rmse:0.609391
[16]	train-rmse:0.605237
[17]	train-rmse:0.600433
[18]	train-rmse:0.596309
[19]	train-rmse:0.592686
[20]	train-rmse:0.589129
[21]	train-rmse:0.586035
[22]	train-rmse:0.583020
[23]	train-rmse:0.580461
[24]	train-rmse:0.577989
[25]	train-rmse:0.575503
[26]	train-rmse:0.573369
[27]	train-rmse:0.571577
[28]	train-rmse:0.569570
[29]	train-rmse:0.567869
[30]	train-rmse:0.566069
[31]	train-rmse:0.564423
[32]	train-rmse:0.562631
[33]	train-rmse:0.561165
[34]	train-rmse:0.559589
[35]	train-rmse:0.558424
[36]	train-rmse:0.557006
[37]	train-rmse:0.556042
[38]	train-rmse:0.554917
[39]	train-rmse:0.553879
[40]	train-rmse:0.552793
[41]	train-rmse:0.551672
[42]	train-rmse:0.550803
[43]	train-rmse:0.549819
[44]	train-rmse:0.548920
[45]	train-rmse:0.548096
[46]	train-rmse:0.547362
[47]	train-rmse:0.546466
[48]	train-rmse:0.545501
[49]	train-rmse:0.544704
[50]	train-rmse:0.543874
[51]	train-rmse:0.543195
[52]	train-rmse:0.542430
[53]	train-rmse:0.541728
[54]	train-rmse:0.541164
[55]	train-rmse:0.540473
[56]	train-rmse:0.539736
[57]	train-rmse:0.538988
[58]	train-rmse:0.538384
[59]	train-rmse:0.537797
[60]	train-rmse:0.537195
[61]	train-rmse:0.536614
[62]	train-rmse:0.536162
[63]	train-rmse:0.535411
[64]	train-rmse:0.534926
[65]	train-rmse:0.534442
[66]	train-rmse:0.533864
[67]	train-rmse:0.533313
[68]	train-rmse:0.532937
[69]	train-rmse:0.532332
[70]	train-rmse:0.531447
[71]	train-rmse:0.530931
[72]	train-rmse:0.530352
[73]	train-rmse:0.529972
[74]	train-rmse:0.529558
[75]	train-rmse:0.529010
[76]	train-rmse:0.528716
[77]	train-rmse:0.528186
[78]	train-rmse:0.527866
[79]	train-rmse:0.527453
[80]	train-rmse:0.527088
[81]	train-rmse:0.526683
[82]	train-rmse:0.526339
[83]	train-rmse:0.526005
[84]	train-rmse:0.525737
[85]	train-rmse:0.525437
[86]	train-rmse:0.525110
[87]	train-rmse:0.524787
[88]	train-rmse:0.524352
[89]	train-rmse:0.524012
[90]	train-rmse:0.523630
[91]	train-rmse:0.523371
[92]	train-rmse:0.522955
[93]	train-rmse:0.522651
[94]	train-rmse:0.522409
[95]	train-rmse:0.522129
[96]	train-rmse:0.521767
[97]	train-rmse:0.521370
[98]	train-rmse:0.521124
[99]	train-rmse:0.520847
[100]	train-rmse:0.520621
[101]	train-rmse:0.520339
[102]	train-rmse:0.520025
[103]	train-rmse:0.519709
[104]	train-rmse:0.519501
[105]	train-rmse:0.519205
[106]	train-rmse:0.518952
[107]	train-rmse:0.518644
[108]	train-rmse:0.518297
[109]	train-rmse:0.518048
[110]	train-rmse:0.517767
[111]	train-rmse:0.517436
[112]	train-rmse:0.517097
[113]	train-rmse:0.516771
[114]	train-rmse:0.516460
[115]	train-rmse:0.516198
[116]	train-rmse:0.515929
[117]	train-rmse:0.515731
[118]	train-rmse:0.515484
[119]	train-rmse:0.515285
[120]	train-rmse:0.514919
[121]	train-rmse:0.514626
[122]	train-rmse:0.514284
[123]	train-rmse:0.514054
[124]	train-rmse:0.513835
[125]	train-rmse:0.513664
[126]	train-rmse:0.513298
[127]	train-rmse:0.512979
[128]	train-rmse:0.512627
[129]	train-rmse:0.512445
[130]	train-rmse:0.512290
[131]	train-rmse:0.512005
[132]	train-rmse:0.511731
[133]	train-rmse:0.511542
[134]	train-rmse:0.511449
[135]	train-rmse:0.511243
[136]	train-rmse:0.510952
[137]	train-rmse:0.510682
[138]	train-rmse:0.510518
[139]	train-rmse:0.510459
[140]	train-rmse:0.510134
[141]	train-rmse:0.509947
[142]	train-rmse:0.509778
[143]	train-rmse:0.509573
[144]	train-rmse:0.509383
[145]	train-rmse:0.509229
[146]	train-rmse:0.509096
[147]	train-rmse:0.508823
[148]	train-rmse:0.508633
[149]	train-rmse:0.508522
[150]	train-rmse:0.508224
[151]	train-rmse:0.507985
[152]	train-rmse:0.507797
[153]	train-rmse:0.507664
[154]	train-rmse:0.507461
[155]	train-rmse:0.507342
[156]	train-rmse:0.507127
[157]	train-rmse:0.507015
[158]	train-rmse:0.506787
[159]	train-rmse:0.506620
[160]	train-rmse:0.506437
[161]	train-rmse:0.506372
[162]	train-rmse:0.506083
[163]	train-rmse:0.505875
[164]	train-rmse:0.505740
[165]	train-rmse:0.505599
[166]	train-rmse:0.505385
[167]	train-rmse:0.505220
[168]	train-rmse:0.505056
[169]	train-rmse:0.504921
[170]	train-rmse:0.504761
[171]	train-rmse:0.504568
[172]	train-rmse:0.504393
[173]	train-rmse:0.504228
[174]	train-rmse:0.504015
[175]	train-rmse:0.503912
[176]	train-rmse:0.503703
[177]	train-rmse:0.503508
[178]	train-rmse:0.503402
[179]	train-rmse:0.503329
[180]	train-rmse:0.503128
[181]	train-rmse:0.502938
[182]	train-rmse:0.502693
[183]	train-rmse:0.502549
[184]	train-rmse:0.502382
[185]	train-rmse:0.502120
[186]	train-rmse:0.501964
[187]	train-rmse:0.501760
[188]	train-rmse:0.501538
[189]	train-rmse:0.501363
[190]	train-rmse:0.501174
[191]	train-rmse:0.500932
[192]	train-rmse:0.500824
[193]	train-rmse:0.500651
[194]	train-rmse:0.500453
[195]	train-rmse:0.500334
[196]	train-rmse:0.500149
[197]	train-rmse:0.500008
[198]	train-rmse:0.499817
[199]	train-rmse:0.499644
[200]	train-rmse:0.499423
[201]	train-rmse:0.499233
[202]	train-rmse:0.499059
[203]	train-rmse:0.498839
[204]	train-rmse:0.498639
[205]	train-rmse:0.498465
[206]	train-rmse:0.498239
[207]	train-rmse:0.498103
[208]	train-rmse:0.497980
[209]	train-rmse:0.497827
[210]	train-rmse:0.497689
[211]	train-rmse:0.497500
[212]	train-rmse:0.497282
[213]	train-rmse:0.497049
[214]	train-rmse:0.496950
[215]	train-rmse:0.496824
[216]	train-rmse:0.496704
[217]	train-rmse:0.496593
[218]	train-rmse:0.496448
[219]	train-rmse:0.496330
[220]	train-rmse:0.496265
[221]	train-rmse:0.496223
[222]	train-rmse:0.495989
[223]	train-rmse:0.495877
[224]	train-rmse:0.495795
[225]	train-rmse:0.495757
[226]	train-rmse:0.495549
[227]	train-rmse:0.495414
[228]	train-rmse:0.495281
[229]	train-rmse:0.495137
[230]	train-rmse:0.494933
[231]	train-rmse:0.494820
[232]	train-rmse:0.494586
[233]	train-rmse:0.494433
[234]	train-rmse:0.494325
[235]	train-rmse:0.494287
[236]	train-rmse:0.494214
[237]	train-rmse:0.494022
[238]	train-rmse:0.493987
[239]	train-rmse:0.493843
[240]	train-rmse:0.493702
[241]	train-rmse:0.493479
[242]	train-rmse:0.493335
[243]	train-rmse:0.493185
[244]	train-rmse:0.493040
[245]	train-rmse:0.492940
[246]	train-rmse:0.492827
[247]	train-rmse:0.492628
[248]	train-rmse:0.492439
[249]	train-rmse:0.492281
[250]	train-rmse:0.492153
[251]	train-rmse:0.492009
[252]	train-rmse:0.491898
[253]	train-rmse:0.491632
[254]	train-rmse:0.491484
[255]	train-rmse:0.491281
[256]	train-rmse:0.491108
[257]	train-rmse:0.491009
[258]	train-rmse:0.490846
[259]	train-rmse:0.490679
[260]	train-rmse:0.490569
[261]	train-rmse:0.490364
[262]	train-rmse:0.490294
[263]	train-rmse:0.490123
[264]	train-rmse:0.489949
[265]	train-rmse:0.489780
[266]	train-rmse:0.489670
[267]	train-rmse:0.489569
[268]	train-rmse:0.489403
[269]	train-rmse:0.489294
[270]	train-rmse:0.489103
[271]	train-rmse:0.488916
[272]	train-rmse:0.488800
[273]	train-rmse:0.488713
[274]	train-rmse:0.488587
[275]	train-rmse:0.488492
[276]	train-rmse:0.488271
[277]	train-rmse:0.488068
[278]	train-rmse:0.487859
[279]	train-rmse:0.487706
[280]	train-rmse:0.487513
[281]	train-rmse:0.487344
[282]	train-rmse:0.487224
[283]	train-rmse:0.487122
[284]	train-rmse:0.486984
[285]	train-rmse:0.486810
[286]	train-rmse:0.486584
[287]	train-rmse:0.486433
[288]	train-rmse:0.486246
[289]	train-rmse:0.486106
[290]	train-rmse:0.485928
[291]	train-rmse:0.485876
[292]	train-rmse:0.485780
[293]	train-rmse:0.485601
[294]	train-rmse:0.485455
[295]	train-rmse:0.485276
[296]	train-rmse:0.485143
[297]	train-rmse:0.485010
[298]	train-rmse:0.484858
[299]	train-rmse:0.484795
[300]	train-rmse:0.484641
[301]	train-rmse:0.484537
[302]	train-rmse:0.484381
[303]	train-rmse:0.484227
[304]	train-rmse:0.484001
[305]	train-rmse:0.483907
[306]	train-rmse:0.483748
[307]	train-rmse:0.483587
[308]	train-rmse:0.483401
[309]	train-rmse:0.483316
[310]	train-rmse:0.483232
[311]	train-rmse:0.483087
[312]	train-rmse:0.482892
[313]	train-rmse:0.482757
[314]	train-rmse:0.482578
[315]	train-rmse:0.482501
[316]	train-rmse:0.482345
[317]	train-rmse:0.482209
[318]	train-rmse:0.482129
[319]	train-rmse:0.481960
[320]	train-rmse:0.481853
[321]	train-rmse:0.481756
[322]	train-rmse:0.481621
[323]	train-rmse:0.481471
[324]	train-rmse:0.481391
[325]	train-rmse:0.481272
[326]	train-rmse:0.481145
[327]	train-rmse:0.480959
[328]	train-rmse:0.480839
[329]	train-rmse:0.480788
[330]	train-rmse:0.480635
[331]	train-rmse:0.480498
[332]	train-rmse:0.480400
[333]	train-rmse:0.480262
[334]	train-rmse:0.480201
[335]	train-rmse:0.480058
[336]	train-rmse:0.479976
[337]	train-rmse:0.479787
[338]	train-rmse:0.479652
[339]	train-rmse:0.479515
[340]	train-rmse:0.479417
[341]	train-rmse:0.479213
[342]	train-rmse:0.479139
[343]	train-rmse:0.479044
[344]	train-rmse:0.478909
[345]	train-rmse:0.478813
[346]	train-rmse:0.478707
[347]	train-rmse:0.478552
[348]	train-rmse:0.478478
[349]	train-rmse:0.478285
[350]	train-rmse:0.478143
[351]	train-rmse:0.478028
[352]	train-rmse:0.477858
[353]	train-rmse:0.477690
[354]	train-rmse:0.477526
[355]	train-rmse:0.477373
[356]	train-rmse:0.477257
[357]	train-rmse:0.477148
[358]	train-rmse:0.477007
[359]	train-rmse:0.476848
[360]	train-rmse:0.476753
[361]	train-rmse:0.476554
[362]	train-rmse:0.476444
[363]	train-rmse:0.476276
[364]	train-rmse:0.476142
[365]	train-rmse:0.476021
[366]	train-rmse:0.475862
[367]	train-rmse:0.475731
[368]	train-rmse:0.475607
[369]	train-rmse:0.475557
[370]	train-rmse:0.475449
[371]	train-rmse:0.475327
[372]	train-rmse:0.475177
[373]	train-rmse:0.475095
[374]	train-rmse:0.474974
[375]	train-rmse:0.474767
[376]	train-rmse:0.474695
[377]	train-rmse:0.474500
[378]	train-rmse:0.474363
[379]	train-rmse:0.474240
[380]	train-rmse:0.474098
[381]	train-rmse:0.474004
[382]	train-rmse:0.473838
[383]	train-rmse:0.473742
[384]	train-rmse:0.473688
[385]	train-rmse:0.473537
[386]	train-rmse:0.473438
[387]	train-rmse:0.473344
[388]	train-rmse:0.473135
[389]	train-rmse:0.473039
[390]	train-rmse:0.472899
[391]	train-rmse:0.472780
[392]	train-rmse:0.472651
[393]	train-rmse:0.472560
[394]	train-rmse:0.472480
[395]	train-rmse:0.472331
[396]	train-rmse:0.472194
[397]	train-rmse:0.472065
[398]	train-rmse:0.471975
[399]	train-rmse:0.471931
[Tune-y] 4: mae.test.mean=1.15e+03; time: 23.0 min; memory: 202Mb use, 655Mb max
           used  (Mb) gc trigger  (Mb) max used  (Mb)
Ncells  1388130  74.2    2637877 140.9  1770749  94.6
Vcells 16126413 123.1   47048107 359.0 73490571 560.7
Job time in seconds: 1381
Error in unserialize(node$con) : error reading from connection
Calls: <Anonymous> ... doTryCatch -> recvData -> recvData.SOCKnode -> unserialize
Execution halted
