[Tune-x] 1: max_depth=9; min_child_weight=1; eta=0.0841; colsample_bytree=0.982; subsample=0.674
[0]	train-rmse:0.780190
[1]	train-rmse:0.753823
[2]	train-rmse:0.730290
[3]	train-rmse:0.709251
[4]	train-rmse:0.691175
[5]	train-rmse:0.675038
[6]	train-rmse:0.660688
[7]	train-rmse:0.648252
[8]	train-rmse:0.636841
[9]	train-rmse:0.627015
[10]	train-rmse:0.617848
[11]	train-rmse:0.609538
[12]	train-rmse:0.602159
[13]	train-rmse:0.595496
[14]	train-rmse:0.589248
[15]	train-rmse:0.583786
[16]	train-rmse:0.578615
[17]	train-rmse:0.574496
[18]	train-rmse:0.570275
[19]	train-rmse:0.566448
[20]	train-rmse:0.563308
[21]	train-rmse:0.560362
[22]	train-rmse:0.557583
[23]	train-rmse:0.554563
[24]	train-rmse:0.551901
[25]	train-rmse:0.549015
[26]	train-rmse:0.546538
[27]	train-rmse:0.544374
[28]	train-rmse:0.542276
[29]	train-rmse:0.540078
[30]	train-rmse:0.538300
[31]	train-rmse:0.536274
[32]	train-rmse:0.534213
[33]	train-rmse:0.532523
[34]	train-rmse:0.531045
[35]	train-rmse:0.529412
[36]	train-rmse:0.527998
[37]	train-rmse:0.526688
[38]	train-rmse:0.525402
[39]	train-rmse:0.523965
[40]	train-rmse:0.522525
[41]	train-rmse:0.521309
[42]	train-rmse:0.520107
[43]	train-rmse:0.518937
[44]	train-rmse:0.517934
[45]	train-rmse:0.516814
[46]	train-rmse:0.515382
[47]	train-rmse:0.514666
[48]	train-rmse:0.513737
[49]	train-rmse:0.512804
[50]	train-rmse:0.511851
[51]	train-rmse:0.510851
[52]	train-rmse:0.509849
[53]	train-rmse:0.509015
[54]	train-rmse:0.508015
[55]	train-rmse:0.507202
[56]	train-rmse:0.505872
[57]	train-rmse:0.505051
[58]	train-rmse:0.504215
[59]	train-rmse:0.503141
[60]	train-rmse:0.502354
[61]	train-rmse:0.501705
[62]	train-rmse:0.500865
[63]	train-rmse:0.499979
[64]	train-rmse:0.499366
[65]	train-rmse:0.498443
[66]	train-rmse:0.497918
[67]	train-rmse:0.497221
[68]	train-rmse:0.496412
[69]	train-rmse:0.495569
[70]	train-rmse:0.494883
[71]	train-rmse:0.494266
[72]	train-rmse:0.493272
[73]	train-rmse:0.492353
[74]	train-rmse:0.491629
[75]	train-rmse:0.491232
[76]	train-rmse:0.490606
[77]	train-rmse:0.490030
[78]	train-rmse:0.489664
[79]	train-rmse:0.489144
[80]	train-rmse:0.488524
[81]	train-rmse:0.487940
[82]	train-rmse:0.487373
[83]	train-rmse:0.486631
[84]	train-rmse:0.486307
[85]	train-rmse:0.485727
[86]	train-rmse:0.485092
[87]	train-rmse:0.484592
[88]	train-rmse:0.483822
[89]	train-rmse:0.483346
[90]	train-rmse:0.482630
[91]	train-rmse:0.481975
[92]	train-rmse:0.481398
[93]	train-rmse:0.481090
[94]	train-rmse:0.480684
[95]	train-rmse:0.480106
[96]	train-rmse:0.479594
[97]	train-rmse:0.479187
[98]	train-rmse:0.478727
[99]	train-rmse:0.478295
[100]	train-rmse:0.477727
[101]	train-rmse:0.477286
[102]	train-rmse:0.476786
[103]	train-rmse:0.476135
[104]	train-rmse:0.475616
[105]	train-rmse:0.475186
[106]	train-rmse:0.474496
[107]	train-rmse:0.474141
[108]	train-rmse:0.473601
[109]	train-rmse:0.473287
[110]	train-rmse:0.472931
[111]	train-rmse:0.472519
[112]	train-rmse:0.471875
[113]	train-rmse:0.471247
[114]	train-rmse:0.470833
[115]	train-rmse:0.470309
[116]	train-rmse:0.469775
[117]	train-rmse:0.469140
[118]	train-rmse:0.468766
[119]	train-rmse:0.468438
[120]	train-rmse:0.468088
[121]	train-rmse:0.467746
[122]	train-rmse:0.467312
[123]	train-rmse:0.466801
[124]	train-rmse:0.466351
[125]	train-rmse:0.465903
[126]	train-rmse:0.465643
[127]	train-rmse:0.465381
[128]	train-rmse:0.465003
[129]	train-rmse:0.464744
[130]	train-rmse:0.464588
[131]	train-rmse:0.464194
[132]	train-rmse:0.463653
[133]	train-rmse:0.462987
[134]	train-rmse:0.462486
[135]	train-rmse:0.462178
[136]	train-rmse:0.461868
[137]	train-rmse:0.461625
[138]	train-rmse:0.461259
[139]	train-rmse:0.460602
[140]	train-rmse:0.460017
[141]	train-rmse:0.459574
[142]	train-rmse:0.459065
[143]	train-rmse:0.458765
[144]	train-rmse:0.458508
[145]	train-rmse:0.458223
[146]	train-rmse:0.457882
[147]	train-rmse:0.457459
[148]	train-rmse:0.457212
[149]	train-rmse:0.456669
[150]	train-rmse:0.456362
[151]	train-rmse:0.455973
[152]	train-rmse:0.455588
[153]	train-rmse:0.455194
[154]	train-rmse:0.454893
[155]	train-rmse:0.454568
[156]	train-rmse:0.454400
[157]	train-rmse:0.453979
[158]	train-rmse:0.453466
[159]	train-rmse:0.453050
[160]	train-rmse:0.452680
[161]	train-rmse:0.452286
[162]	train-rmse:0.451948
[163]	train-rmse:0.451526
[164]	train-rmse:0.451202
[165]	train-rmse:0.450788
[166]	train-rmse:0.450533
[167]	train-rmse:0.450011
[168]	train-rmse:0.449786
[169]	train-rmse:0.449421
[170]	train-rmse:0.449059
[171]	train-rmse:0.448771
[172]	train-rmse:0.448395
[173]	train-rmse:0.448064
[174]	train-rmse:0.447654
[175]	train-rmse:0.447368
[176]	train-rmse:0.446937
[177]	train-rmse:0.446536
[178]	train-rmse:0.445977
[179]	train-rmse:0.445685
[180]	train-rmse:0.445161
[181]	train-rmse:0.444908
[182]	train-rmse:0.444615
[183]	train-rmse:0.444259
[184]	train-rmse:0.443935
[185]	train-rmse:0.443768
[186]	train-rmse:0.443385
[187]	train-rmse:0.443032
[188]	train-rmse:0.442725
[189]	train-rmse:0.442246
[190]	train-rmse:0.442031
[191]	train-rmse:0.441651
[192]	train-rmse:0.441174
[193]	train-rmse:0.440884
[194]	train-rmse:0.440526
[195]	train-rmse:0.440026
[196]	train-rmse:0.439577
[197]	train-rmse:0.439129
[198]	train-rmse:0.438783
[199]	train-rmse:0.438261
[200]	train-rmse:0.437885
[201]	train-rmse:0.437774
[202]	train-rmse:0.437508
[203]	train-rmse:0.437243
[204]	train-rmse:0.436952
[205]	train-rmse:0.436543
[206]	train-rmse:0.436228
[207]	train-rmse:0.435722
[208]	train-rmse:0.435287
[209]	train-rmse:0.435064
[210]	train-rmse:0.434790
[211]	train-rmse:0.434330
[212]	train-rmse:0.433964
[213]	train-rmse:0.433690
[214]	train-rmse:0.433440
[215]	train-rmse:0.432948
[216]	train-rmse:0.432661
[217]	train-rmse:0.432383
[218]	train-rmse:0.431977
[219]	train-rmse:0.431737
[220]	train-rmse:0.431429
[221]	train-rmse:0.430996
[222]	train-rmse:0.430500
[223]	train-rmse:0.430200
[224]	train-rmse:0.429749
[225]	train-rmse:0.429334
[226]	train-rmse:0.429074
[227]	train-rmse:0.428797
[228]	train-rmse:0.428619
[229]	train-rmse:0.428373
[230]	train-rmse:0.427997
[231]	train-rmse:0.427865
[232]	train-rmse:0.427317
[233]	train-rmse:0.427070
[234]	train-rmse:0.426594
[235]	train-rmse:0.426324
[236]	train-rmse:0.426080
[237]	train-rmse:0.425726
[238]	train-rmse:0.425402
[239]	train-rmse:0.424962
[240]	train-rmse:0.424696
[241]	train-rmse:0.424442
[242]	train-rmse:0.424206
[243]	train-rmse:0.423948
[244]	train-rmse:0.423558
[245]	train-rmse:0.423272
[246]	train-rmse:0.423012
[247]	train-rmse:0.422691
[248]	train-rmse:0.422485
[249]	train-rmse:0.422107
[250]	train-rmse:0.421737
[251]	train-rmse:0.421421
[252]	train-rmse:0.421073
[253]	train-rmse:0.420638
[254]	train-rmse:0.420200
[255]	train-rmse:0.419747
[256]	train-rmse:0.419387
[257]	train-rmse:0.418942
[258]	train-rmse:0.418754
[259]	train-rmse:0.418429
[260]	train-rmse:0.418065
[261]	train-rmse:0.417832
[262]	train-rmse:0.417528
[263]	train-rmse:0.417289
[264]	train-rmse:0.417028
[265]	train-rmse:0.416724
[266]	train-rmse:0.416551
[267]	train-rmse:0.416162
[268]	train-rmse:0.415928
[269]	train-rmse:0.415641
[270]	train-rmse:0.415245
[271]	train-rmse:0.414984
[272]	train-rmse:0.414572
[273]	train-rmse:0.414237
[274]	train-rmse:0.413791
[275]	train-rmse:0.413368
[276]	train-rmse:0.412979
[277]	train-rmse:0.412681
[278]	train-rmse:0.412314
[279]	train-rmse:0.412115
[280]	train-rmse:0.411959
[281]	train-rmse:0.411826
[282]	train-rmse:0.411573
[283]	train-rmse:0.411068
[284]	train-rmse:0.410655
[285]	train-rmse:0.410382
[286]	train-rmse:0.410023
[287]	train-rmse:0.409731
[288]	train-rmse:0.409418
[289]	train-rmse:0.409128
[290]	train-rmse:0.408801
[291]	train-rmse:0.408551
[292]	train-rmse:0.408124
[293]	train-rmse:0.407930
[294]	train-rmse:0.407649
[295]	train-rmse:0.407402
[296]	train-rmse:0.407248
[297]	train-rmse:0.406914
[298]	train-rmse:0.406495
[299]	train-rmse:0.406289
[300]	train-rmse:0.405905
[301]	train-rmse:0.405601
[302]	train-rmse:0.405473
[303]	train-rmse:0.405149
[304]	train-rmse:0.404790
[305]	train-rmse:0.404422
[306]	train-rmse:0.404131
[307]	train-rmse:0.403819
[308]	train-rmse:0.403431
[309]	train-rmse:0.403133
[310]	train-rmse:0.402811
[311]	train-rmse:0.402439
[312]	train-rmse:0.402227
[313]	train-rmse:0.401924
[314]	train-rmse:0.401563
[315]	train-rmse:0.401272
[316]	train-rmse:0.400979
[317]	train-rmse:0.400698
[318]	train-rmse:0.400343
[319]	train-rmse:0.400010
[320]	train-rmse:0.399753
[321]	train-rmse:0.399602
[322]	train-rmse:0.399307
[323]	train-rmse:0.399041
[324]	train-rmse:0.398712
[325]	train-rmse:0.398378
[326]	train-rmse:0.397988
[327]	train-rmse:0.397755
[328]	train-rmse:0.397380
[329]	train-rmse:0.397150
[330]	train-rmse:0.396844
[331]	train-rmse:0.396395
[332]	train-rmse:0.396140
[333]	train-rmse:0.395978
[334]	train-rmse:0.395605
[335]	train-rmse:0.395274
[336]	train-rmse:0.394960
[337]	train-rmse:0.394640
[338]	train-rmse:0.394382
[339]	train-rmse:0.394003
[340]	train-rmse:0.393788
[341]	train-rmse:0.393386
[342]	train-rmse:0.393101
[343]	train-rmse:0.392898
[344]	train-rmse:0.392669
[345]	train-rmse:0.392261
[346]	train-rmse:0.391882
[347]	train-rmse:0.391551
[348]	train-rmse:0.391214
[349]	train-rmse:0.390917
[350]	train-rmse:0.390730
[351]	train-rmse:0.390255
[352]	train-rmse:0.390009
[353]	train-rmse:0.389552
[354]	train-rmse:0.389231
[355]	train-rmse:0.389022
[356]	train-rmse:0.388685
[357]	train-rmse:0.388410
[358]	train-rmse:0.388198
[359]	train-rmse:0.387833
[360]	train-rmse:0.387613
[361]	train-rmse:0.387314
[362]	train-rmse:0.387083
[363]	train-rmse:0.386684
[364]	train-rmse:0.386295
[365]	train-rmse:0.386000
[366]	train-rmse:0.385834
[367]	train-rmse:0.385503
[368]	train-rmse:0.385250
[369]	train-rmse:0.384850
[370]	train-rmse:0.384530
[371]	train-rmse:0.384216
[372]	train-rmse:0.383923
[373]	train-rmse:0.383718
[374]	train-rmse:0.383505
[375]	train-rmse:0.383097
[376]	train-rmse:0.382840
[377]	train-rmse:0.382491
[378]	train-rmse:0.382307
[379]	train-rmse:0.382042
[380]	train-rmse:0.381875
[381]	train-rmse:0.381573
[382]	train-rmse:0.381401
[383]	train-rmse:0.380985
[384]	train-rmse:0.380804
[385]	train-rmse:0.380500
[386]	train-rmse:0.380253
[387]	train-rmse:0.380009
[388]	train-rmse:0.379650
[389]	train-rmse:0.379369
[390]	train-rmse:0.379106
[391]	train-rmse:0.378841
[392]	train-rmse:0.378528
[393]	train-rmse:0.378232
[394]	train-rmse:0.378031
[395]	train-rmse:0.377662
[396]	train-rmse:0.377344
[397]	train-rmse:0.377040
[398]	train-rmse:0.376725
[399]	train-rmse:0.376459
[0]	train-rmse:0.781535
[1]	train-rmse:0.755029
[2]	train-rmse:0.732324
[3]	train-rmse:0.710784
[4]	train-rmse:0.692592
[5]	train-rmse:0.676463
[6]	train-rmse:0.661903
[7]	train-rmse:0.649064
[8]	train-rmse:0.637562
[9]	train-rmse:0.627031
[10]	train-rmse:0.617753
[11]	train-rmse:0.609532
[12]	train-rmse:0.602092
[13]	train-rmse:0.595688
[14]	train-rmse:0.589845
[15]	train-rmse:0.583809
[16]	train-rmse:0.578934
[17]	train-rmse:0.574050
[18]	train-rmse:0.569601
[19]	train-rmse:0.565963
[20]	train-rmse:0.562396
[21]	train-rmse:0.559203
[22]	train-rmse:0.556263
[23]	train-rmse:0.553808
[24]	train-rmse:0.551216
[25]	train-rmse:0.548492
[26]	train-rmse:0.546261
[27]	train-rmse:0.544095
[28]	train-rmse:0.541806
[29]	train-rmse:0.539722
[30]	train-rmse:0.537757
[31]	train-rmse:0.536046
[32]	train-rmse:0.534021
[33]	train-rmse:0.532407
[34]	train-rmse:0.531042
[35]	train-rmse:0.529644
[36]	train-rmse:0.528432
[37]	train-rmse:0.526884
[38]	train-rmse:0.525375
[39]	train-rmse:0.523912
[40]	train-rmse:0.522769
[41]	train-rmse:0.521597
[42]	train-rmse:0.520365
[43]	train-rmse:0.519290
[44]	train-rmse:0.518319
[45]	train-rmse:0.517434
[46]	train-rmse:0.516333
[47]	train-rmse:0.515376
[48]	train-rmse:0.514477
[49]	train-rmse:0.513483
[50]	train-rmse:0.512610
[51]	train-rmse:0.511472
[52]	train-rmse:0.510745
[53]	train-rmse:0.509755
[54]	train-rmse:0.508791
[55]	train-rmse:0.507915
[56]	train-rmse:0.506909
[57]	train-rmse:0.505833
[58]	train-rmse:0.504988
[59]	train-rmse:0.504417
[60]	train-rmse:0.503621
[61]	train-rmse:0.502695
[62]	train-rmse:0.501891
[63]	train-rmse:0.501153
[64]	train-rmse:0.500273
[65]	train-rmse:0.499653
[66]	train-rmse:0.498876
[67]	train-rmse:0.498194
[68]	train-rmse:0.497259
[69]	train-rmse:0.496634
[70]	train-rmse:0.495952
[71]	train-rmse:0.495332
[72]	train-rmse:0.494572
[73]	train-rmse:0.494069
[74]	train-rmse:0.493453
[75]	train-rmse:0.493077
[76]	train-rmse:0.492659
[77]	train-rmse:0.492018
[78]	train-rmse:0.491430
[79]	train-rmse:0.490740
[80]	train-rmse:0.490360
[81]	train-rmse:0.489629
[82]	train-rmse:0.489170
[83]	train-rmse:0.488482
[84]	train-rmse:0.487787
[85]	train-rmse:0.487213
[86]	train-rmse:0.486654
[87]	train-rmse:0.486159
[88]	train-rmse:0.485635
[89]	train-rmse:0.485100
[90]	train-rmse:0.484423
[91]	train-rmse:0.483756
[92]	train-rmse:0.483242
[93]	train-rmse:0.482881
[94]	train-rmse:0.482473
[95]	train-rmse:0.481894
[96]	train-rmse:0.481387
[97]	train-rmse:0.480964
[98]	train-rmse:0.480721
[99]	train-rmse:0.480449
[100]	train-rmse:0.480088
[101]	train-rmse:0.479703
[102]	train-rmse:0.479307
[103]	train-rmse:0.478759
[104]	train-rmse:0.478303
[105]	train-rmse:0.477965
[106]	train-rmse:0.477544
[107]	train-rmse:0.477222
[108]	train-rmse:0.476882
[109]	train-rmse:0.476399
[110]	train-rmse:0.475905
[111]	train-rmse:0.475379
[112]	train-rmse:0.474808
[113]	train-rmse:0.474333
[114]	train-rmse:0.473909
[115]	train-rmse:0.473465
[116]	train-rmse:0.473238
[117]	train-rmse:0.473094
[118]	train-rmse:0.472828
[119]	train-rmse:0.472375
[120]	train-rmse:0.472039
[121]	train-rmse:0.471721
[122]	train-rmse:0.471438
[123]	train-rmse:0.471133
[124]	train-rmse:0.470729
[125]	train-rmse:0.470399
[126]	train-rmse:0.469953
[127]	train-rmse:0.469398
[128]	train-rmse:0.469043
[129]	train-rmse:0.468624
[130]	train-rmse:0.468387
[131]	train-rmse:0.468104
[132]	train-rmse:0.467718
[133]	train-rmse:0.467091
[134]	train-rmse:0.466595
[135]	train-rmse:0.466295
[136]	train-rmse:0.465666
[137]	train-rmse:0.465304
[138]	train-rmse:0.465047
[139]	train-rmse:0.464606
[140]	train-rmse:0.464267
[141]	train-rmse:0.463900
[142]	train-rmse:0.463305
[143]	train-rmse:0.462951
[144]	train-rmse:0.462532
[145]	train-rmse:0.462160
[146]	train-rmse:0.461852
[147]	train-rmse:0.461390
[148]	train-rmse:0.461101
[149]	train-rmse:0.460636
[150]	train-rmse:0.460140
[151]	train-rmse:0.459924
[152]	train-rmse:0.459428
[153]	train-rmse:0.459039
[154]	train-rmse:0.458772
[155]	train-rmse:0.458330
[156]	train-rmse:0.457999
[157]	train-rmse:0.457549
[158]	train-rmse:0.457187
[159]	train-rmse:0.456705
[160]	train-rmse:0.456266
[161]	train-rmse:0.456059
[162]	train-rmse:0.455644
[163]	train-rmse:0.455247
[164]	train-rmse:0.454694
[165]	train-rmse:0.454343
[166]	train-rmse:0.453962
[167]	train-rmse:0.453618
[168]	train-rmse:0.453276
[169]	train-rmse:0.452865
[170]	train-rmse:0.452395
[171]	train-rmse:0.451976
[172]	train-rmse:0.451815
[173]	train-rmse:0.451555
[174]	train-rmse:0.451238
[175]	train-rmse:0.451021
[176]	train-rmse:0.450635
[177]	train-rmse:0.450171
[178]	train-rmse:0.449969
[179]	train-rmse:0.449597
[180]	train-rmse:0.449153
[181]	train-rmse:0.448748
[182]	train-rmse:0.448244
[183]	train-rmse:0.447852
[184]	train-rmse:0.447390
[185]	train-rmse:0.447026
[186]	train-rmse:0.446631
[187]	train-rmse:0.446223
[188]	train-rmse:0.445817
[189]	train-rmse:0.445481
[190]	train-rmse:0.445149
[191]	train-rmse:0.444625
[192]	train-rmse:0.444395
[193]	train-rmse:0.444058
[194]	train-rmse:0.443572
[195]	train-rmse:0.443274
[196]	train-rmse:0.443093
[197]	train-rmse:0.442655
[198]	train-rmse:0.442143
[199]	train-rmse:0.441720
[200]	train-rmse:0.441429
[201]	train-rmse:0.441162
[202]	train-rmse:0.440846
[203]	train-rmse:0.440452
[204]	train-rmse:0.440320
[205]	train-rmse:0.440051
[206]	train-rmse:0.439774
[207]	train-rmse:0.439507
[208]	train-rmse:0.439235
[209]	train-rmse:0.438788
[210]	train-rmse:0.438431
[211]	train-rmse:0.438053
[212]	train-rmse:0.437816
[213]	train-rmse:0.437603
[214]	train-rmse:0.437144
[215]	train-rmse:0.436729
[216]	train-rmse:0.436412
[217]	train-rmse:0.436166
[218]	train-rmse:0.435813
[219]	train-rmse:0.435444
[220]	train-rmse:0.435060
[221]	train-rmse:0.434579
[222]	train-rmse:0.434167
[223]	train-rmse:0.433733
[224]	train-rmse:0.433536
[225]	train-rmse:0.433358
[226]	train-rmse:0.432990
[227]	train-rmse:0.432681
[228]	train-rmse:0.432322
[229]	train-rmse:0.431948
[230]	train-rmse:0.431761
[231]	train-rmse:0.431330
[232]	train-rmse:0.431023
[233]	train-rmse:0.430758
[234]	train-rmse:0.430454
[235]	train-rmse:0.430308
[236]	train-rmse:0.430135
[237]	train-rmse:0.429928
[238]	train-rmse:0.429551
[239]	train-rmse:0.429242
[240]	train-rmse:0.429020
[241]	train-rmse:0.428689
[242]	train-rmse:0.428156
[243]	train-rmse:0.427837
[244]	train-rmse:0.427423
[245]	train-rmse:0.427154
[246]	train-rmse:0.426769
[247]	train-rmse:0.426546
[248]	train-rmse:0.426355
[249]	train-rmse:0.426051
[250]	train-rmse:0.425789
[251]	train-rmse:0.425478
[252]	train-rmse:0.425404
[253]	train-rmse:0.425131
[254]	train-rmse:0.424841
[255]	train-rmse:0.424690
[256]	train-rmse:0.424532
[257]	train-rmse:0.424199
[258]	train-rmse:0.423854
[259]	train-rmse:0.423629
[260]	train-rmse:0.423499
[261]	train-rmse:0.423093
[262]	train-rmse:0.422906
[263]	train-rmse:0.422617
[264]	train-rmse:0.422341
[265]	train-rmse:0.422096
[266]	train-rmse:0.421891
[267]	train-rmse:0.421516
[268]	train-rmse:0.421102
[269]	train-rmse:0.420762
[270]	train-rmse:0.420382
[271]	train-rmse:0.419967
[272]	train-rmse:0.419664
[273]	train-rmse:0.419497
[274]	train-rmse:0.419263
[275]	train-rmse:0.418791
[276]	train-rmse:0.418486
[277]	train-rmse:0.418211
[278]	train-rmse:0.417836
[279]	train-rmse:0.417592
[280]	train-rmse:0.417308
[281]	train-rmse:0.416945
[282]	train-rmse:0.416614
[283]	train-rmse:0.416177
[284]	train-rmse:0.415764
[285]	train-rmse:0.415549
[286]	train-rmse:0.415198
[287]	train-rmse:0.414954
[288]	train-rmse:0.414555
[289]	train-rmse:0.414104
[290]	train-rmse:0.413939
[291]	train-rmse:0.413686
[292]	train-rmse:0.413355
[293]	train-rmse:0.413167
[294]	train-rmse:0.412824
[295]	train-rmse:0.412512
[296]	train-rmse:0.412124
[297]	train-rmse:0.411736
[298]	train-rmse:0.411428
[299]	train-rmse:0.411110
[300]	train-rmse:0.410899
[301]	train-rmse:0.410554
[302]	train-rmse:0.410289
[303]	train-rmse:0.410130
[304]	train-rmse:0.409859
[305]	train-rmse:0.409478
[306]	train-rmse:0.409130
[307]	train-rmse:0.408812
[308]	train-rmse:0.408536
[309]	train-rmse:0.408255
[310]	train-rmse:0.407830
[311]	train-rmse:0.407539
[312]	train-rmse:0.407138
[313]	train-rmse:0.406794
[314]	train-rmse:0.406452
[315]	train-rmse:0.406294
[316]	train-rmse:0.406013
[317]	train-rmse:0.405824
[318]	train-rmse:0.405502
[319]	train-rmse:0.405131
[320]	train-rmse:0.404699
[321]	train-rmse:0.404376
[322]	train-rmse:0.404051
[323]	train-rmse:0.403810
[324]	train-rmse:0.403394
[325]	train-rmse:0.402931
[326]	train-rmse:0.402604
[327]	train-rmse:0.402354
[328]	train-rmse:0.402058
[329]	train-rmse:0.401731
[330]	train-rmse:0.401282
[331]	train-rmse:0.400935
[332]	train-rmse:0.400638
[333]	train-rmse:0.400388
[334]	train-rmse:0.400147
[335]	train-rmse:0.399864
[336]	train-rmse:0.399445
[337]	train-rmse:0.399100
[338]	train-rmse:0.398831
[339]	train-rmse:0.398499
[340]	train-rmse:0.398263
[341]	train-rmse:0.398070
[342]	train-rmse:0.397760
[343]	train-rmse:0.397516
[344]	train-rmse:0.397271
[345]	train-rmse:0.396978
[346]	train-rmse:0.396690
[347]	train-rmse:0.396361
[348]	train-rmse:0.396109
[349]	train-rmse:0.395772
[350]	train-rmse:0.395474
[351]	train-rmse:0.395164
[352]	train-rmse:0.394766
[353]	train-rmse:0.394506
[354]	train-rmse:0.394259
[355]	train-rmse:0.394026
[356]	train-rmse:0.393611
[357]	train-rmse:0.393357
[358]	train-rmse:0.392954
[359]	train-rmse:0.392656
[360]	train-rmse:0.392266
[361]	train-rmse:0.391994
[362]	train-rmse:0.391839
[363]	train-rmse:0.391499
[364]	train-rmse:0.391299
[365]	train-rmse:0.391124
[366]	train-rmse:0.390857
[367]	train-rmse:0.390713
[368]	train-rmse:0.390342
[369]	train-rmse:0.390076
[370]	train-rmse:0.389748
[371]	train-rmse:0.389522
[372]	train-rmse:0.389191
[373]	train-rmse:0.388850
[374]	train-rmse:0.388542
[375]	train-rmse:0.388192
[376]	train-rmse:0.387956
[377]	train-rmse:0.387639
[378]	train-rmse:0.387377
[379]	train-rmse:0.386997
[380]	train-rmse:0.386620
[381]	train-rmse:0.386308
[382]	train-rmse:0.386076
[383]	train-rmse:0.385780
[384]	train-rmse:0.385698
[385]	train-rmse:0.385464
[386]	train-rmse:0.385250
[387]	train-rmse:0.384926
[388]	train-rmse:0.384593
[389]	train-rmse:0.384329
[390]	train-rmse:0.384004
[391]	train-rmse:0.383712
[392]	train-rmse:0.383487
[393]	train-rmse:0.383299
[394]	train-rmse:0.383018
[395]	train-rmse:0.382662
[396]	train-rmse:0.382261
[397]	train-rmse:0.381925
[398]	train-rmse:0.381640
[399]	train-rmse:0.381368
[0]	train-rmse:0.783097
[1]	train-rmse:0.756054
[2]	train-rmse:0.732594
[3]	train-rmse:0.712672
[4]	train-rmse:0.693908
[5]	train-rmse:0.677315
[6]	train-rmse:0.662801
[7]	train-rmse:0.649738
[8]	train-rmse:0.638275
[9]	train-rmse:0.627948
[10]	train-rmse:0.618678
[11]	train-rmse:0.610493
[12]	train-rmse:0.602705
[13]	train-rmse:0.596021
[14]	train-rmse:0.589757
[15]	train-rmse:0.584150
[16]	train-rmse:0.579023
[17]	train-rmse:0.574486
[18]	train-rmse:0.570238
[19]	train-rmse:0.566248
[20]	train-rmse:0.562695
[21]	train-rmse:0.559741
[22]	train-rmse:0.556805
[23]	train-rmse:0.554084
[24]	train-rmse:0.551391
[25]	train-rmse:0.549112
[26]	train-rmse:0.546874
[27]	train-rmse:0.544700
[28]	train-rmse:0.542697
[29]	train-rmse:0.540507
[30]	train-rmse:0.538668
[31]	train-rmse:0.536772
[32]	train-rmse:0.535207
[33]	train-rmse:0.533449
[34]	train-rmse:0.531669
[35]	train-rmse:0.530136
[36]	train-rmse:0.528713
[37]	train-rmse:0.527204
[38]	train-rmse:0.525792
[39]	train-rmse:0.524266
[40]	train-rmse:0.523080
[41]	train-rmse:0.521931
[42]	train-rmse:0.520589
[43]	train-rmse:0.519429
[44]	train-rmse:0.518484
[45]	train-rmse:0.517489
[46]	train-rmse:0.516357
[47]	train-rmse:0.515460
[48]	train-rmse:0.514690
[49]	train-rmse:0.513423
[50]	train-rmse:0.512456
[51]	train-rmse:0.511504
[52]	train-rmse:0.510672
[53]	train-rmse:0.509765
[54]	train-rmse:0.508750
[55]	train-rmse:0.508003
[56]	train-rmse:0.507237
[57]	train-rmse:0.506252
[58]	train-rmse:0.505310
[59]	train-rmse:0.504597
[60]	train-rmse:0.503867
[61]	train-rmse:0.503035
[62]	train-rmse:0.502428
[63]	train-rmse:0.501618
[64]	train-rmse:0.501049
[65]	train-rmse:0.500441
[66]	train-rmse:0.499951
[67]	train-rmse:0.499349
[68]	train-rmse:0.498700
[69]	train-rmse:0.498086
[70]	train-rmse:0.497370
[71]	train-rmse:0.496428
[72]	train-rmse:0.495814
[73]	train-rmse:0.495295
[74]	train-rmse:0.494610
[75]	train-rmse:0.493980
[76]	train-rmse:0.493302
[77]	train-rmse:0.492773
[78]	train-rmse:0.491915
[79]	train-rmse:0.491459
[80]	train-rmse:0.490950
[81]	train-rmse:0.490324
[82]	train-rmse:0.489883
[83]	train-rmse:0.489352
[84]	train-rmse:0.488779
[85]	train-rmse:0.488234
[86]	train-rmse:0.487680
[87]	train-rmse:0.487299
[88]	train-rmse:0.486749
[89]	train-rmse:0.486239
[90]	train-rmse:0.485634
[91]	train-rmse:0.484980
[92]	train-rmse:0.484515
[93]	train-rmse:0.484076
[94]	train-rmse:0.483699
[95]	train-rmse:0.483346
[96]	train-rmse:0.482859
[97]	train-rmse:0.482374
[98]	train-rmse:0.482061
[99]	train-rmse:0.481434
[100]	train-rmse:0.481099
[101]	train-rmse:0.480519
[102]	train-rmse:0.480303
[103]	train-rmse:0.479863
[104]	train-rmse:0.479233
[105]	train-rmse:0.478772
[106]	train-rmse:0.478210
[107]	train-rmse:0.477860
[108]	train-rmse:0.477445
[109]	train-rmse:0.477042
[110]	train-rmse:0.476554
[111]	train-rmse:0.476175
[112]	train-rmse:0.475661
[113]	train-rmse:0.475298
[114]	train-rmse:0.474815
[115]	train-rmse:0.474308
[116]	train-rmse:0.473895
[117]	train-rmse:0.473247
[118]	train-rmse:0.472764
[119]	train-rmse:0.472301
[120]	train-rmse:0.471875
[121]	train-rmse:0.471583
[122]	train-rmse:0.471367
[123]	train-rmse:0.471037
[124]	train-rmse:0.470536
[125]	train-rmse:0.470184
[126]	train-rmse:0.469604
[127]	train-rmse:0.469168
[128]	train-rmse:0.468630
[129]	train-rmse:0.468196
[130]	train-rmse:0.467960
[131]	train-rmse:0.467395
[132]	train-rmse:0.466929
[133]	train-rmse:0.466554
[134]	train-rmse:0.466266
[135]	train-rmse:0.465752
[136]	train-rmse:0.465339
[137]	train-rmse:0.464946
[138]	train-rmse:0.464792
[139]	train-rmse:0.464450
[140]	train-rmse:0.464193
[141]	train-rmse:0.463740
[142]	train-rmse:0.463280
[143]	train-rmse:0.462761
[144]	train-rmse:0.462480
[145]	train-rmse:0.461921
[146]	train-rmse:0.461585
[147]	train-rmse:0.461214
[148]	train-rmse:0.460732
[149]	train-rmse:0.460239
[150]	train-rmse:0.459757
[151]	train-rmse:0.459413
[152]	train-rmse:0.459036
[153]	train-rmse:0.458631
[154]	train-rmse:0.457989
[155]	train-rmse:0.457647
[156]	train-rmse:0.457423
[157]	train-rmse:0.456859
[158]	train-rmse:0.456564
[159]	train-rmse:0.456309
[160]	train-rmse:0.455851
[161]	train-rmse:0.455653
[162]	train-rmse:0.455382
[163]	train-rmse:0.455027
[164]	train-rmse:0.454376
[165]	train-rmse:0.453963
[166]	train-rmse:0.453440
[167]	train-rmse:0.453109
[168]	train-rmse:0.452877
[169]	train-rmse:0.452357
[170]	train-rmse:0.451932
[171]	train-rmse:0.451575
[172]	train-rmse:0.451393
[173]	train-rmse:0.451299
[174]	train-rmse:0.451052
[175]	train-rmse:0.450587
[176]	train-rmse:0.450206
[177]	train-rmse:0.449972
[178]	train-rmse:0.449569
[179]	train-rmse:0.449418
[180]	train-rmse:0.449039
[181]	train-rmse:0.448805
[182]	train-rmse:0.448477
[183]	train-rmse:0.447952
[184]	train-rmse:0.447771
[185]	train-rmse:0.447448
[186]	train-rmse:0.447146
[187]	train-rmse:0.447025
[188]	train-rmse:0.446835
[189]	train-rmse:0.446510
[190]	train-rmse:0.446170
[191]	train-rmse:0.445828
[192]	train-rmse:0.445460
[193]	train-rmse:0.445192
[194]	train-rmse:0.444705
[195]	train-rmse:0.444397
[196]	train-rmse:0.444037
[197]	train-rmse:0.443638
[198]	train-rmse:0.443334
[199]	train-rmse:0.443183
[200]	train-rmse:0.442827
[201]	train-rmse:0.442573
[202]	train-rmse:0.442250
[203]	train-rmse:0.441889
[204]	train-rmse:0.441707
[205]	train-rmse:0.441388
[206]	train-rmse:0.440936
[207]	train-rmse:0.440736
[208]	train-rmse:0.440412
[209]	train-rmse:0.439889
[210]	train-rmse:0.439508
[211]	train-rmse:0.439435
[212]	train-rmse:0.438970
[213]	train-rmse:0.438829
[214]	train-rmse:0.438674
[215]	train-rmse:0.438394
[216]	train-rmse:0.438168
[217]	train-rmse:0.437894
[218]	train-rmse:0.437498
[219]	train-rmse:0.437053
[220]	train-rmse:0.436803
[221]	train-rmse:0.436310
[222]	train-rmse:0.435926
[223]	train-rmse:0.435741
[224]	train-rmse:0.435238
[225]	train-rmse:0.434890
[226]	train-rmse:0.434619
[227]	train-rmse:0.434238
[228]	train-rmse:0.433954
[229]	train-rmse:0.433617
[230]	train-rmse:0.433485
[231]	train-rmse:0.433077
[232]	train-rmse:0.432671
[233]	train-rmse:0.432202
[234]	train-rmse:0.432010
[235]	train-rmse:0.431563
[236]	train-rmse:0.431245
[237]	train-rmse:0.430970
[238]	train-rmse:0.430551
[239]	train-rmse:0.430248
[240]	train-rmse:0.429805
[241]	train-rmse:0.429519
[242]	train-rmse:0.429091
[243]	train-rmse:0.428748
[244]	train-rmse:0.428307
[245]	train-rmse:0.427946
[246]	train-rmse:0.427542
[247]	train-rmse:0.427165
[248]	train-rmse:0.426649
[249]	train-rmse:0.426414
[250]	train-rmse:0.426191
[251]	train-rmse:0.425985
[252]	train-rmse:0.425664
[253]	train-rmse:0.425341
[254]	train-rmse:0.425152
[255]	train-rmse:0.424805
[256]	train-rmse:0.424426
[257]	train-rmse:0.424229
[258]	train-rmse:0.423992
[259]	train-rmse:0.423853
[260]	train-rmse:0.423505
[261]	train-rmse:0.423234
[262]	train-rmse:0.422982
[263]	train-rmse:0.422669
[264]	train-rmse:0.422279
[265]	train-rmse:0.422031
[266]	train-rmse:0.421703
[267]	train-rmse:0.421345
[268]	train-rmse:0.420983
[269]	train-rmse:0.420618
[270]	train-rmse:0.420214
[271]	train-rmse:0.419931
[272]	train-rmse:0.419549
[273]	train-rmse:0.419270
[274]	train-rmse:0.419057
[275]	train-rmse:0.418810
[276]	train-rmse:0.418541
[277]	train-rmse:0.418400
[278]	train-rmse:0.418049
[279]	train-rmse:0.417880
[280]	train-rmse:0.417564
[281]	train-rmse:0.417304
[282]	train-rmse:0.417023
[283]	train-rmse:0.416747
[284]	train-rmse:0.416450
[285]	train-rmse:0.416020
[286]	train-rmse:0.415751
[287]	train-rmse:0.415438
[288]	train-rmse:0.415207
[289]	train-rmse:0.414728
[290]	train-rmse:0.414370
[291]	train-rmse:0.414108
[292]	train-rmse:0.413850
[293]	train-rmse:0.413471
[294]	train-rmse:0.413174
[295]	train-rmse:0.412812
[296]	train-rmse:0.412532
[297]	train-rmse:0.412213
[298]	train-rmse:0.411792
[299]	train-rmse:0.411406
[300]	train-rmse:0.411001
[301]	train-rmse:0.410838
[302]	train-rmse:0.410642
[303]	train-rmse:0.410349
[304]	train-rmse:0.409960
[305]	train-rmse:0.409675
[306]	train-rmse:0.409324
[307]	train-rmse:0.409027
[308]	train-rmse:0.408635
[309]	train-rmse:0.408393
[310]	train-rmse:0.408132
[311]	train-rmse:0.407684
[312]	train-rmse:0.407364
[313]	train-rmse:0.407081
[314]	train-rmse:0.406850
[315]	train-rmse:0.406651
[316]	train-rmse:0.406318
[317]	train-rmse:0.406167
[318]	train-rmse:0.405724
[319]	train-rmse:0.405331
[320]	train-rmse:0.405074
[321]	train-rmse:0.404692
[322]	train-rmse:0.404378
[323]	train-rmse:0.404040
[324]	train-rmse:0.403847
[325]	train-rmse:0.403632
[326]	train-rmse:0.403382
[327]	train-rmse:0.402983
[328]	train-rmse:0.402908
[329]	train-rmse:0.402696
[330]	train-rmse:0.402575
[331]	train-rmse:0.402143
[332]	train-rmse:0.401843
[333]	train-rmse:0.401560
[334]	train-rmse:0.401353
[335]	train-rmse:0.401111
[336]	train-rmse:0.400734
[337]	train-rmse:0.400436
[338]	train-rmse:0.400110
[339]	train-rmse:0.399849
[340]	train-rmse:0.399516
[341]	train-rmse:0.399213
[342]	train-rmse:0.398844
[343]	train-rmse:0.398493
[344]	train-rmse:0.398270
[345]	train-rmse:0.397899
[346]	train-rmse:0.397601
[347]	train-rmse:0.397277
[348]	train-rmse:0.396846
[349]	train-rmse:0.396505
[350]	train-rmse:0.396116
[351]	train-rmse:0.395654
[352]	train-rmse:0.395323
[353]	train-rmse:0.395079
[354]	train-rmse:0.394838
[355]	train-rmse:0.394551
[356]	train-rmse:0.394372
[357]	train-rmse:0.394038
[358]	train-rmse:0.393736
[359]	train-rmse:0.393449
[360]	train-rmse:0.393202
[361]	train-rmse:0.392897
[362]	train-rmse:0.392548
[363]	train-rmse:0.392191
[364]	train-rmse:0.391863
[365]	train-rmse:0.391494
[366]	train-rmse:0.391095
[367]	train-rmse:0.390940
[368]	train-rmse:0.390624
[369]	train-rmse:0.390309
[370]	train-rmse:0.390003
[371]	train-rmse:0.389647
[372]	train-rmse:0.389368
[373]	train-rmse:0.389056
[374]	train-rmse:0.388754
[375]	train-rmse:0.388318
[376]	train-rmse:0.387978
[377]	train-rmse:0.387650
[378]	train-rmse:0.387253
[379]	train-rmse:0.387024
[380]	train-rmse:0.386667
[381]	train-rmse:0.386267
[382]	train-rmse:0.385964
[383]	train-rmse:0.385575
[384]	train-rmse:0.385320
[385]	train-rmse:0.384918
[386]	train-rmse:0.384778
[387]	train-rmse:0.384454
[388]	train-rmse:0.384315
[389]	train-rmse:0.383965
[390]	train-rmse:0.383620
[391]	train-rmse:0.383406
[392]	train-rmse:0.383029
[393]	train-rmse:0.382777
[394]	train-rmse:0.382484
[395]	train-rmse:0.382179
[396]	train-rmse:0.381948
[397]	train-rmse:0.381586
[398]	train-rmse:0.381262
[399]	train-rmse:0.380968
[Tune-y] 1: mae.test.mean=1.17e+03; time: 43.7 min; memory: 202Mb use, 655Mb max
           used  (Mb) gc trigger  (Mb) max used  (Mb)
Ncells  1388130  74.2    2637877 140.9  1770749  94.6
Vcells 16126413 123.1   47048107 359.0 73487505 560.7
Job time in seconds: 2621
Error in unserialize(node$con) : error reading from connection
Calls: <Anonymous> ... doTryCatch -> recvData -> recvData.SOCKnode -> unserialize
Execution halted
