[Tune-x] 9: max_depth=7; min_child_weight=0; eta=0.079; colsample_bytree=0.997; subsample=0.838
[0]	train-rmse:0.784278
[1]	train-rmse:0.760962
[2]	train-rmse:0.740673
[3]	train-rmse:0.723783
[4]	train-rmse:0.707800
[5]	train-rmse:0.693035
[6]	train-rmse:0.680494
[7]	train-rmse:0.668910
[8]	train-rmse:0.658932
[9]	train-rmse:0.649647
[10]	train-rmse:0.641149
[11]	train-rmse:0.633607
[12]	train-rmse:0.626934
[13]	train-rmse:0.621057
[14]	train-rmse:0.615468
[15]	train-rmse:0.610537
[16]	train-rmse:0.605853
[17]	train-rmse:0.601734
[18]	train-rmse:0.597730
[19]	train-rmse:0.594319
[20]	train-rmse:0.591104
[21]	train-rmse:0.587767
[22]	train-rmse:0.585180
[23]	train-rmse:0.582438
[24]	train-rmse:0.579842
[25]	train-rmse:0.577421
[26]	train-rmse:0.575165
[27]	train-rmse:0.572850
[28]	train-rmse:0.570439
[29]	train-rmse:0.568493
[30]	train-rmse:0.566684
[31]	train-rmse:0.565130
[32]	train-rmse:0.563506
[33]	train-rmse:0.561856
[34]	train-rmse:0.560491
[35]	train-rmse:0.559100
[36]	train-rmse:0.557674
[37]	train-rmse:0.556494
[38]	train-rmse:0.555220
[39]	train-rmse:0.554127
[40]	train-rmse:0.552794
[41]	train-rmse:0.551813
[42]	train-rmse:0.550805
[43]	train-rmse:0.549768
[44]	train-rmse:0.548996
[45]	train-rmse:0.548172
[46]	train-rmse:0.547239
[47]	train-rmse:0.546329
[48]	train-rmse:0.545345
[49]	train-rmse:0.544492
[50]	train-rmse:0.543708
[51]	train-rmse:0.542999
[52]	train-rmse:0.542196
[53]	train-rmse:0.541355
[54]	train-rmse:0.540657
[55]	train-rmse:0.539962
[56]	train-rmse:0.539350
[57]	train-rmse:0.538828
[58]	train-rmse:0.538107
[59]	train-rmse:0.537434
[60]	train-rmse:0.536773
[61]	train-rmse:0.536096
[62]	train-rmse:0.535487
[63]	train-rmse:0.535072
[64]	train-rmse:0.534515
[65]	train-rmse:0.533916
[66]	train-rmse:0.533170
[67]	train-rmse:0.532557
[68]	train-rmse:0.532092
[69]	train-rmse:0.531335
[70]	train-rmse:0.530899
[71]	train-rmse:0.530332
[72]	train-rmse:0.529794
[73]	train-rmse:0.529381
[74]	train-rmse:0.528973
[75]	train-rmse:0.528486
[76]	train-rmse:0.527842
[77]	train-rmse:0.527350
[78]	train-rmse:0.526891
[79]	train-rmse:0.526516
[80]	train-rmse:0.526172
[81]	train-rmse:0.525880
[82]	train-rmse:0.525480
[83]	train-rmse:0.525038
[84]	train-rmse:0.524555
[85]	train-rmse:0.524248
[86]	train-rmse:0.523887
[87]	train-rmse:0.523442
[88]	train-rmse:0.523071
[89]	train-rmse:0.522696
[90]	train-rmse:0.522280
[91]	train-rmse:0.521970
[92]	train-rmse:0.521604
[93]	train-rmse:0.521386
[94]	train-rmse:0.520986
[95]	train-rmse:0.520733
[96]	train-rmse:0.520375
[97]	train-rmse:0.520033
[98]	train-rmse:0.519699
[99]	train-rmse:0.519299
[100]	train-rmse:0.519023
[101]	train-rmse:0.518800
[102]	train-rmse:0.518447
[103]	train-rmse:0.518097
[104]	train-rmse:0.517914
[105]	train-rmse:0.517490
[106]	train-rmse:0.517193
[107]	train-rmse:0.516932
[108]	train-rmse:0.516541
[109]	train-rmse:0.516198
[110]	train-rmse:0.515947
[111]	train-rmse:0.515664
[112]	train-rmse:0.515415
[113]	train-rmse:0.515037
[114]	train-rmse:0.514523
[115]	train-rmse:0.514220
[116]	train-rmse:0.513987
[117]	train-rmse:0.513723
[118]	train-rmse:0.513559
[119]	train-rmse:0.513416
[120]	train-rmse:0.513207
[121]	train-rmse:0.512964
[122]	train-rmse:0.512700
[123]	train-rmse:0.512384
[124]	train-rmse:0.512081
[125]	train-rmse:0.511843
[126]	train-rmse:0.511499
[127]	train-rmse:0.511092
[128]	train-rmse:0.510825
[129]	train-rmse:0.510543
[130]	train-rmse:0.510245
[131]	train-rmse:0.510041
[132]	train-rmse:0.509789
[133]	train-rmse:0.509650
[134]	train-rmse:0.509497
[135]	train-rmse:0.509221
[136]	train-rmse:0.509094
[137]	train-rmse:0.508892
[138]	train-rmse:0.508690
[139]	train-rmse:0.508484
[140]	train-rmse:0.508274
[141]	train-rmse:0.508012
[142]	train-rmse:0.507738
[143]	train-rmse:0.507531
[144]	train-rmse:0.507253
[145]	train-rmse:0.507022
[146]	train-rmse:0.506882
[147]	train-rmse:0.506635
[148]	train-rmse:0.506457
[149]	train-rmse:0.506227
[150]	train-rmse:0.506029
[151]	train-rmse:0.505828
[152]	train-rmse:0.505645
[153]	train-rmse:0.505496
[154]	train-rmse:0.505262
[155]	train-rmse:0.505027
[156]	train-rmse:0.504791
[157]	train-rmse:0.504526
[158]	train-rmse:0.504346
[159]	train-rmse:0.504142
[160]	train-rmse:0.503952
[161]	train-rmse:0.503723
[162]	train-rmse:0.503564
[163]	train-rmse:0.503331
[164]	train-rmse:0.503156
[165]	train-rmse:0.502922
[166]	train-rmse:0.502835
[167]	train-rmse:0.502694
[168]	train-rmse:0.502501
[169]	train-rmse:0.502270
[170]	train-rmse:0.502073
[171]	train-rmse:0.501851
[172]	train-rmse:0.501619
[173]	train-rmse:0.501348
[174]	train-rmse:0.501088
[175]	train-rmse:0.500938
[176]	train-rmse:0.500752
[177]	train-rmse:0.500670
[178]	train-rmse:0.500349
[179]	train-rmse:0.500124
[180]	train-rmse:0.499985
[181]	train-rmse:0.499907
[182]	train-rmse:0.499719
[183]	train-rmse:0.499511
[184]	train-rmse:0.499385
[185]	train-rmse:0.499262
[186]	train-rmse:0.499023
[187]	train-rmse:0.498808
[188]	train-rmse:0.498635
[189]	train-rmse:0.498413
[190]	train-rmse:0.498280
[191]	train-rmse:0.498065
[192]	train-rmse:0.497837
[193]	train-rmse:0.497637
[194]	train-rmse:0.497550
[195]	train-rmse:0.497431
[196]	train-rmse:0.497266
[197]	train-rmse:0.497125
[198]	train-rmse:0.496920
[199]	train-rmse:0.496763
[200]	train-rmse:0.496627
[201]	train-rmse:0.496509
[202]	train-rmse:0.496347
[203]	train-rmse:0.496128
[204]	train-rmse:0.495953
[205]	train-rmse:0.495743
[206]	train-rmse:0.495459
[207]	train-rmse:0.495160
[208]	train-rmse:0.494959
[209]	train-rmse:0.494734
[210]	train-rmse:0.494546
[211]	train-rmse:0.494264
[212]	train-rmse:0.494060
[213]	train-rmse:0.493899
[214]	train-rmse:0.493619
[215]	train-rmse:0.493566
[216]	train-rmse:0.493328
[217]	train-rmse:0.493194
[218]	train-rmse:0.493011
[219]	train-rmse:0.492774
[220]	train-rmse:0.492621
[221]	train-rmse:0.492481
[222]	train-rmse:0.492268
[223]	train-rmse:0.492108
[224]	train-rmse:0.492026
[225]	train-rmse:0.491858
[226]	train-rmse:0.491739
[227]	train-rmse:0.491681
[228]	train-rmse:0.491544
[229]	train-rmse:0.491444
[230]	train-rmse:0.491234
[231]	train-rmse:0.491102
[232]	train-rmse:0.490974
[233]	train-rmse:0.490759
[234]	train-rmse:0.490538
[235]	train-rmse:0.490420
[236]	train-rmse:0.490224
[237]	train-rmse:0.490108
[238]	train-rmse:0.489984
[239]	train-rmse:0.489823
[240]	train-rmse:0.489698
[241]	train-rmse:0.489594
[242]	train-rmse:0.489475
[243]	train-rmse:0.489361
[244]	train-rmse:0.489228
[245]	train-rmse:0.489087
[246]	train-rmse:0.488923
[247]	train-rmse:0.488724
[248]	train-rmse:0.488600
[249]	train-rmse:0.488462
[250]	train-rmse:0.488288
[251]	train-rmse:0.488112
[252]	train-rmse:0.487952
[253]	train-rmse:0.487787
[254]	train-rmse:0.487633
[255]	train-rmse:0.487454
[256]	train-rmse:0.487232
[257]	train-rmse:0.487098
[258]	train-rmse:0.486961
[259]	train-rmse:0.486725
[260]	train-rmse:0.486594
[261]	train-rmse:0.486412
[262]	train-rmse:0.486358
[263]	train-rmse:0.486233
[264]	train-rmse:0.486040
[265]	train-rmse:0.485918
[266]	train-rmse:0.485732
[267]	train-rmse:0.485552
[268]	train-rmse:0.485400
[269]	train-rmse:0.485153
[270]	train-rmse:0.485069
[271]	train-rmse:0.484853
[272]	train-rmse:0.484674
[273]	train-rmse:0.484508
[274]	train-rmse:0.484370
[275]	train-rmse:0.484246
[276]	train-rmse:0.484178
[277]	train-rmse:0.483960
[278]	train-rmse:0.483849
[279]	train-rmse:0.483727
[280]	train-rmse:0.483599
[281]	train-rmse:0.483448
[282]	train-rmse:0.483381
[283]	train-rmse:0.483259
[284]	train-rmse:0.483171
[285]	train-rmse:0.483097
[286]	train-rmse:0.482907
[287]	train-rmse:0.482760
[288]	train-rmse:0.482560
[289]	train-rmse:0.482366
[290]	train-rmse:0.482218
[291]	train-rmse:0.482050
[292]	train-rmse:0.481893
[293]	train-rmse:0.481738
[294]	train-rmse:0.481644
[295]	train-rmse:0.481559
[296]	train-rmse:0.481463
[297]	train-rmse:0.481268
[298]	train-rmse:0.481044
[299]	train-rmse:0.480849
[300]	train-rmse:0.480697
[301]	train-rmse:0.480498
[302]	train-rmse:0.480326
[303]	train-rmse:0.480147
[304]	train-rmse:0.480014
[305]	train-rmse:0.479909
[306]	train-rmse:0.479800
[307]	train-rmse:0.479684
[308]	train-rmse:0.479515
[309]	train-rmse:0.479343
[310]	train-rmse:0.479153
[311]	train-rmse:0.479018
[312]	train-rmse:0.478873
[313]	train-rmse:0.478664
[314]	train-rmse:0.478481
[315]	train-rmse:0.478342
[316]	train-rmse:0.478144
[317]	train-rmse:0.477984
[318]	train-rmse:0.477871
[319]	train-rmse:0.477751
[320]	train-rmse:0.477556
[321]	train-rmse:0.477409
[322]	train-rmse:0.477288
[323]	train-rmse:0.477147
[324]	train-rmse:0.476948
[325]	train-rmse:0.476735
[326]	train-rmse:0.476571
[327]	train-rmse:0.476394
[328]	train-rmse:0.476200
[329]	train-rmse:0.476004
[330]	train-rmse:0.475896
[331]	train-rmse:0.475814
[332]	train-rmse:0.475623
[333]	train-rmse:0.475492
[334]	train-rmse:0.475381
[335]	train-rmse:0.475349
[336]	train-rmse:0.475200
[337]	train-rmse:0.474992
[338]	train-rmse:0.474809
[339]	train-rmse:0.474681
[340]	train-rmse:0.474596
[341]	train-rmse:0.474462
[342]	train-rmse:0.474316
[343]	train-rmse:0.474213
[344]	train-rmse:0.474062
[345]	train-rmse:0.473868
[346]	train-rmse:0.473718
[347]	train-rmse:0.473616
[348]	train-rmse:0.473516
[349]	train-rmse:0.473344
[350]	train-rmse:0.473237
[351]	train-rmse:0.473059
[352]	train-rmse:0.472859
[353]	train-rmse:0.472693
[354]	train-rmse:0.472560
[355]	train-rmse:0.472438
[356]	train-rmse:0.472255
[357]	train-rmse:0.472094
[358]	train-rmse:0.471943
[359]	train-rmse:0.471777
[360]	train-rmse:0.471733
[361]	train-rmse:0.471601
[362]	train-rmse:0.471429
[363]	train-rmse:0.471275
[364]	train-rmse:0.471250
[365]	train-rmse:0.471138
[366]	train-rmse:0.470944
[367]	train-rmse:0.470810
[368]	train-rmse:0.470643
[369]	train-rmse:0.470554
[370]	train-rmse:0.470422
[371]	train-rmse:0.470245
[372]	train-rmse:0.470085
[373]	train-rmse:0.470047
[374]	train-rmse:0.469927
[375]	train-rmse:0.469800
[376]	train-rmse:0.469673
[377]	train-rmse:0.469523
[378]	train-rmse:0.469338
[379]	train-rmse:0.469258
[380]	train-rmse:0.469151
[381]	train-rmse:0.469044
[382]	train-rmse:0.468910
[383]	train-rmse:0.468835
[384]	train-rmse:0.468684
[385]	train-rmse:0.468634
[386]	train-rmse:0.468450
[387]	train-rmse:0.468336
[388]	train-rmse:0.468178
[389]	train-rmse:0.468015
[390]	train-rmse:0.467904
[391]	train-rmse:0.467669
[392]	train-rmse:0.467512
[393]	train-rmse:0.467380
[394]	train-rmse:0.467230
[395]	train-rmse:0.467088
[396]	train-rmse:0.467027
[397]	train-rmse:0.466967
[398]	train-rmse:0.466811
[399]	train-rmse:0.466684
[0]	train-rmse:0.785411
[1]	train-rmse:0.762030
[2]	train-rmse:0.741827
[3]	train-rmse:0.724137
[4]	train-rmse:0.708421
[5]	train-rmse:0.694484
[6]	train-rmse:0.682329
[7]	train-rmse:0.671313
[8]	train-rmse:0.660743
[9]	train-rmse:0.651534
[10]	train-rmse:0.643353
[11]	train-rmse:0.635584
[12]	train-rmse:0.629194
[13]	train-rmse:0.622409
[14]	train-rmse:0.616749
[15]	train-rmse:0.611497
[16]	train-rmse:0.607045
[17]	train-rmse:0.602621
[18]	train-rmse:0.598857
[19]	train-rmse:0.595510
[20]	train-rmse:0.591939
[21]	train-rmse:0.588904
[22]	train-rmse:0.585932
[23]	train-rmse:0.583156
[24]	train-rmse:0.580785
[25]	train-rmse:0.578248
[26]	train-rmse:0.575945
[27]	train-rmse:0.573679
[28]	train-rmse:0.571689
[29]	train-rmse:0.569639
[30]	train-rmse:0.568019
[31]	train-rmse:0.566492
[32]	train-rmse:0.564743
[33]	train-rmse:0.563335
[34]	train-rmse:0.561769
[35]	train-rmse:0.560323
[36]	train-rmse:0.558990
[37]	train-rmse:0.557865
[38]	train-rmse:0.556601
[39]	train-rmse:0.555214
[40]	train-rmse:0.554304
[41]	train-rmse:0.553223
[42]	train-rmse:0.552211
[43]	train-rmse:0.551196
[44]	train-rmse:0.550206
[45]	train-rmse:0.549222
[46]	train-rmse:0.548171
[47]	train-rmse:0.547181
[48]	train-rmse:0.546331
[49]	train-rmse:0.545576
[50]	train-rmse:0.544737
[51]	train-rmse:0.543991
[52]	train-rmse:0.543384
[53]	train-rmse:0.542717
[54]	train-rmse:0.541862
[55]	train-rmse:0.541154
[56]	train-rmse:0.540632
[57]	train-rmse:0.540058
[58]	train-rmse:0.539375
[59]	train-rmse:0.538778
[60]	train-rmse:0.538181
[61]	train-rmse:0.537350
[62]	train-rmse:0.536788
[63]	train-rmse:0.536316
[64]	train-rmse:0.535723
[65]	train-rmse:0.535157
[66]	train-rmse:0.534681
[67]	train-rmse:0.533981
[68]	train-rmse:0.533549
[69]	train-rmse:0.533064
[70]	train-rmse:0.532560
[71]	train-rmse:0.532083
[72]	train-rmse:0.531730
[73]	train-rmse:0.531327
[74]	train-rmse:0.530879
[75]	train-rmse:0.530196
[76]	train-rmse:0.529699
[77]	train-rmse:0.529207
[78]	train-rmse:0.528704
[79]	train-rmse:0.528267
[80]	train-rmse:0.527902
[81]	train-rmse:0.527561
[82]	train-rmse:0.527205
[83]	train-rmse:0.526727
[84]	train-rmse:0.526444
[85]	train-rmse:0.526040
[86]	train-rmse:0.525636
[87]	train-rmse:0.525279
[88]	train-rmse:0.524998
[89]	train-rmse:0.524591
[90]	train-rmse:0.524288
[91]	train-rmse:0.524005
[92]	train-rmse:0.523621
[93]	train-rmse:0.523083
[94]	train-rmse:0.522800
[95]	train-rmse:0.522379
[96]	train-rmse:0.522046
[97]	train-rmse:0.521835
[98]	train-rmse:0.521590
[99]	train-rmse:0.521199
[100]	train-rmse:0.520915
[101]	train-rmse:0.520599
[102]	train-rmse:0.520219
[103]	train-rmse:0.519826
[104]	train-rmse:0.519559
[105]	train-rmse:0.519355
[106]	train-rmse:0.519104
[107]	train-rmse:0.518821
[108]	train-rmse:0.518457
[109]	train-rmse:0.518142
[110]	train-rmse:0.517808
[111]	train-rmse:0.517566
[112]	train-rmse:0.517311
[113]	train-rmse:0.517004
[114]	train-rmse:0.516663
[115]	train-rmse:0.516305
[116]	train-rmse:0.515970
[117]	train-rmse:0.515625
[118]	train-rmse:0.515278
[119]	train-rmse:0.515069
[120]	train-rmse:0.514932
[121]	train-rmse:0.514640
[122]	train-rmse:0.514380
[123]	train-rmse:0.514137
[124]	train-rmse:0.513876
[125]	train-rmse:0.513528
[126]	train-rmse:0.513225
[127]	train-rmse:0.512923
[128]	train-rmse:0.512576
[129]	train-rmse:0.512405
[130]	train-rmse:0.512165
[131]	train-rmse:0.511983
[132]	train-rmse:0.511780
[133]	train-rmse:0.511586
[134]	train-rmse:0.511325
[135]	train-rmse:0.511050
[136]	train-rmse:0.510899
[137]	train-rmse:0.510683
[138]	train-rmse:0.510451
[139]	train-rmse:0.510209
[140]	train-rmse:0.510032
[141]	train-rmse:0.509770
[142]	train-rmse:0.509557
[143]	train-rmse:0.509362
[144]	train-rmse:0.509098
[145]	train-rmse:0.508984
[146]	train-rmse:0.508824
[147]	train-rmse:0.508633
[148]	train-rmse:0.508433
[149]	train-rmse:0.508267
[150]	train-rmse:0.507996
[151]	train-rmse:0.507814
[152]	train-rmse:0.507572
[153]	train-rmse:0.507380
[154]	train-rmse:0.507041
[155]	train-rmse:0.506899
[156]	train-rmse:0.506675
[157]	train-rmse:0.506324
[158]	train-rmse:0.506136
[159]	train-rmse:0.505990
[160]	train-rmse:0.505617
[161]	train-rmse:0.505436
[162]	train-rmse:0.505221
[163]	train-rmse:0.504965
[164]	train-rmse:0.504701
[165]	train-rmse:0.504445
[166]	train-rmse:0.504208
[167]	train-rmse:0.504049
[168]	train-rmse:0.503899
[169]	train-rmse:0.503650
[170]	train-rmse:0.503559
[171]	train-rmse:0.503422
[172]	train-rmse:0.503180
[173]	train-rmse:0.502946
[174]	train-rmse:0.502705
[175]	train-rmse:0.502560
[176]	train-rmse:0.502331
[177]	train-rmse:0.502156
[178]	train-rmse:0.501998
[179]	train-rmse:0.501826
[180]	train-rmse:0.501624
[181]	train-rmse:0.501455
[182]	train-rmse:0.501300
[183]	train-rmse:0.501076
[184]	train-rmse:0.500911
[185]	train-rmse:0.500722
[186]	train-rmse:0.500536
[187]	train-rmse:0.500455
[188]	train-rmse:0.500365
[189]	train-rmse:0.500100
[190]	train-rmse:0.499879
[191]	train-rmse:0.499714
[192]	train-rmse:0.499365
[193]	train-rmse:0.499137
[194]	train-rmse:0.498890
[195]	train-rmse:0.498667
[196]	train-rmse:0.498476
[197]	train-rmse:0.498345
[198]	train-rmse:0.498168
[199]	train-rmse:0.498015
[200]	train-rmse:0.497857
[201]	train-rmse:0.497766
[202]	train-rmse:0.497560
[203]	train-rmse:0.497412
[204]	train-rmse:0.497252
[205]	train-rmse:0.497221
[206]	train-rmse:0.497019
[207]	train-rmse:0.496822
[208]	train-rmse:0.496670
[209]	train-rmse:0.496537
[210]	train-rmse:0.496331
[211]	train-rmse:0.496156
[212]	train-rmse:0.496071
[213]	train-rmse:0.495824
[214]	train-rmse:0.495688
[215]	train-rmse:0.495486
[216]	train-rmse:0.495258
[217]	train-rmse:0.495079
[218]	train-rmse:0.495030
[219]	train-rmse:0.494903
[220]	train-rmse:0.494718
[221]	train-rmse:0.494575
[222]	train-rmse:0.494338
[223]	train-rmse:0.494114
[224]	train-rmse:0.493972
[225]	train-rmse:0.493837
[226]	train-rmse:0.493643
[227]	train-rmse:0.493375
[228]	train-rmse:0.493175
[229]	train-rmse:0.493116
[230]	train-rmse:0.493012
[231]	train-rmse:0.492840
[232]	train-rmse:0.492618
[233]	train-rmse:0.492464
[234]	train-rmse:0.492226
[235]	train-rmse:0.492069
[236]	train-rmse:0.491932
[237]	train-rmse:0.491862
[238]	train-rmse:0.491659
[239]	train-rmse:0.491519
[240]	train-rmse:0.491414
[241]	train-rmse:0.491278
[242]	train-rmse:0.491165
[243]	train-rmse:0.490955
[244]	train-rmse:0.490837
[245]	train-rmse:0.490700
[246]	train-rmse:0.490475
[247]	train-rmse:0.490320
[248]	train-rmse:0.490167
[249]	train-rmse:0.490028
[250]	train-rmse:0.489868
[251]	train-rmse:0.489712
[252]	train-rmse:0.489463
[253]	train-rmse:0.489406
[254]	train-rmse:0.489176
[255]	train-rmse:0.488993
[256]	train-rmse:0.488814
[257]	train-rmse:0.488676
[258]	train-rmse:0.488517
[259]	train-rmse:0.488277
[260]	train-rmse:0.488037
[261]	train-rmse:0.487863
[262]	train-rmse:0.487717
[263]	train-rmse:0.487629
[264]	train-rmse:0.487476
[265]	train-rmse:0.487339
[266]	train-rmse:0.487166
[267]	train-rmse:0.486998
[268]	train-rmse:0.486811
[269]	train-rmse:0.486697
[270]	train-rmse:0.486529
[271]	train-rmse:0.486412
[272]	train-rmse:0.486281
[273]	train-rmse:0.486131
[274]	train-rmse:0.486074
[275]	train-rmse:0.485912
[276]	train-rmse:0.485816
[277]	train-rmse:0.485712
[278]	train-rmse:0.485540
[279]	train-rmse:0.485299
[280]	train-rmse:0.485088
[281]	train-rmse:0.484945
[282]	train-rmse:0.484853
[283]	train-rmse:0.484695
[284]	train-rmse:0.484521
[285]	train-rmse:0.484363
[286]	train-rmse:0.484207
[287]	train-rmse:0.483998
[288]	train-rmse:0.483837
[289]	train-rmse:0.483626
[290]	train-rmse:0.483473
[291]	train-rmse:0.483357
[292]	train-rmse:0.483268
[293]	train-rmse:0.483135
[294]	train-rmse:0.482972
[295]	train-rmse:0.482849
[296]	train-rmse:0.482670
[297]	train-rmse:0.482514
[298]	train-rmse:0.482415
[299]	train-rmse:0.482326
[300]	train-rmse:0.482240
[301]	train-rmse:0.482076
[302]	train-rmse:0.481955
[303]	train-rmse:0.481855
[304]	train-rmse:0.481726
[305]	train-rmse:0.481656
[306]	train-rmse:0.481506
[307]	train-rmse:0.481439
[308]	train-rmse:0.481338
[309]	train-rmse:0.481211
[310]	train-rmse:0.481095
[311]	train-rmse:0.481014
[312]	train-rmse:0.480847
[313]	train-rmse:0.480671
[314]	train-rmse:0.480520
[315]	train-rmse:0.480418
[316]	train-rmse:0.480228
[317]	train-rmse:0.480068
[318]	train-rmse:0.479908
[319]	train-rmse:0.479765
[320]	train-rmse:0.479718
[321]	train-rmse:0.479637
[322]	train-rmse:0.479498
[323]	train-rmse:0.479349
[324]	train-rmse:0.479213
[325]	train-rmse:0.479062
[326]	train-rmse:0.478881
[327]	train-rmse:0.478765
[328]	train-rmse:0.478588
[329]	train-rmse:0.478443
[330]	train-rmse:0.478293
[331]	train-rmse:0.478148
[332]	train-rmse:0.478012
[333]	train-rmse:0.477938
[334]	train-rmse:0.477841
[335]	train-rmse:0.477774
[336]	train-rmse:0.477590
[337]	train-rmse:0.477445
[338]	train-rmse:0.477285
[339]	train-rmse:0.477207
[340]	train-rmse:0.477068
[341]	train-rmse:0.476963
[342]	train-rmse:0.476906
[343]	train-rmse:0.476811
[344]	train-rmse:0.476759
[345]	train-rmse:0.476540
[346]	train-rmse:0.476425
[347]	train-rmse:0.476317
[348]	train-rmse:0.476120
[349]	train-rmse:0.475973
[350]	train-rmse:0.475830
[351]	train-rmse:0.475647
[352]	train-rmse:0.475458
[353]	train-rmse:0.475369
[354]	train-rmse:0.475174
[355]	train-rmse:0.475039
[356]	train-rmse:0.474916
[357]	train-rmse:0.474725
[358]	train-rmse:0.474589
[359]	train-rmse:0.474443
[360]	train-rmse:0.474384
[361]	train-rmse:0.474241
[362]	train-rmse:0.474170
[363]	train-rmse:0.473995
[364]	train-rmse:0.473801
[365]	train-rmse:0.473661
[366]	train-rmse:0.473604
[367]	train-rmse:0.473443
[368]	train-rmse:0.473247
[369]	train-rmse:0.473151
[370]	train-rmse:0.473047
[371]	train-rmse:0.472804
[372]	train-rmse:0.472625
[373]	train-rmse:0.472506
[374]	train-rmse:0.472356
[375]	train-rmse:0.472177
[376]	train-rmse:0.471979
[377]	train-rmse:0.471847
[378]	train-rmse:0.471691
[379]	train-rmse:0.471584
[380]	train-rmse:0.471398
[381]	train-rmse:0.471325
[382]	train-rmse:0.471175
[383]	train-rmse:0.471046
[384]	train-rmse:0.470845
[385]	train-rmse:0.470754
[386]	train-rmse:0.470667
[387]	train-rmse:0.470524
[388]	train-rmse:0.470493
[389]	train-rmse:0.470342
[390]	train-rmse:0.470197
[391]	train-rmse:0.470058
[392]	train-rmse:0.469928
[393]	train-rmse:0.469766
[394]	train-rmse:0.469707
[395]	train-rmse:0.469602
[396]	train-rmse:0.469465
[397]	train-rmse:0.469314
[398]	train-rmse:0.469215
[399]	train-rmse:0.469113
[0]	train-rmse:0.786913
[1]	train-rmse:0.763806
[2]	train-rmse:0.743610
[3]	train-rmse:0.725733
[4]	train-rmse:0.709888
[5]	train-rmse:0.695233
[6]	train-rmse:0.682788
[7]	train-rmse:0.671924
[8]	train-rmse:0.661439
[9]	train-rmse:0.651812
[10]	train-rmse:0.643908
[11]	train-rmse:0.636109
[12]	train-rmse:0.629456
[13]	train-rmse:0.622801
[14]	train-rmse:0.616846
[15]	train-rmse:0.612030
[16]	train-rmse:0.607055
[17]	train-rmse:0.602659
[18]	train-rmse:0.598953
[19]	train-rmse:0.595330
[20]	train-rmse:0.592003
[21]	train-rmse:0.588723
[22]	train-rmse:0.586233
[23]	train-rmse:0.583525
[24]	train-rmse:0.581148
[25]	train-rmse:0.578834
[26]	train-rmse:0.576513
[27]	train-rmse:0.574169
[28]	train-rmse:0.572350
[29]	train-rmse:0.570546
[30]	train-rmse:0.568670
[31]	train-rmse:0.567120
[32]	train-rmse:0.565355
[33]	train-rmse:0.563870
[34]	train-rmse:0.562420
[35]	train-rmse:0.560906
[36]	train-rmse:0.559339
[37]	train-rmse:0.558103
[38]	train-rmse:0.556682
[39]	train-rmse:0.555432
[40]	train-rmse:0.554531
[41]	train-rmse:0.553329
[42]	train-rmse:0.552343
[43]	train-rmse:0.551472
[44]	train-rmse:0.550699
[45]	train-rmse:0.549736
[46]	train-rmse:0.548819
[47]	train-rmse:0.548055
[48]	train-rmse:0.547154
[49]	train-rmse:0.546298
[50]	train-rmse:0.545571
[51]	train-rmse:0.544572
[52]	train-rmse:0.543659
[53]	train-rmse:0.542990
[54]	train-rmse:0.542287
[55]	train-rmse:0.541557
[56]	train-rmse:0.540884
[57]	train-rmse:0.540253
[58]	train-rmse:0.539596
[59]	train-rmse:0.539000
[60]	train-rmse:0.538422
[61]	train-rmse:0.537569
[62]	train-rmse:0.537033
[63]	train-rmse:0.536352
[64]	train-rmse:0.535793
[65]	train-rmse:0.535239
[66]	train-rmse:0.534634
[67]	train-rmse:0.534182
[68]	train-rmse:0.533642
[69]	train-rmse:0.533167
[70]	train-rmse:0.532664
[71]	train-rmse:0.531941
[72]	train-rmse:0.531602
[73]	train-rmse:0.531158
[74]	train-rmse:0.530683
[75]	train-rmse:0.529993
[76]	train-rmse:0.529577
[77]	train-rmse:0.529209
[78]	train-rmse:0.528716
[79]	train-rmse:0.528142
[80]	train-rmse:0.527777
[81]	train-rmse:0.527445
[82]	train-rmse:0.527074
[83]	train-rmse:0.526470
[84]	train-rmse:0.526047
[85]	train-rmse:0.525622
[86]	train-rmse:0.525015
[87]	train-rmse:0.524600
[88]	train-rmse:0.524281
[89]	train-rmse:0.523892
[90]	train-rmse:0.523346
[91]	train-rmse:0.522987
[92]	train-rmse:0.522769
[93]	train-rmse:0.522465
[94]	train-rmse:0.522219
[95]	train-rmse:0.521916
[96]	train-rmse:0.521607
[97]	train-rmse:0.521327
[98]	train-rmse:0.520985
[99]	train-rmse:0.520725
[100]	train-rmse:0.520409
[101]	train-rmse:0.520025
[102]	train-rmse:0.519621
[103]	train-rmse:0.519216
[104]	train-rmse:0.518772
[105]	train-rmse:0.518351
[106]	train-rmse:0.517951
[107]	train-rmse:0.517743
[108]	train-rmse:0.517529
[109]	train-rmse:0.517214
[110]	train-rmse:0.516822
[111]	train-rmse:0.516678
[112]	train-rmse:0.516443
[113]	train-rmse:0.516149
[114]	train-rmse:0.515952
[115]	train-rmse:0.515698
[116]	train-rmse:0.515506
[117]	train-rmse:0.515212
[118]	train-rmse:0.514990
[119]	train-rmse:0.514705
[120]	train-rmse:0.514420
[121]	train-rmse:0.514135
[122]	train-rmse:0.513859
[123]	train-rmse:0.513570
[124]	train-rmse:0.513313
[125]	train-rmse:0.513062
[126]	train-rmse:0.512780
[127]	train-rmse:0.512482
[128]	train-rmse:0.512227
[129]	train-rmse:0.512126
[130]	train-rmse:0.511877
[131]	train-rmse:0.511573
[132]	train-rmse:0.511408
[133]	train-rmse:0.511096
[134]	train-rmse:0.510795
[135]	train-rmse:0.510527
[136]	train-rmse:0.510384
[137]	train-rmse:0.510183
[138]	train-rmse:0.509902
[139]	train-rmse:0.509634
[140]	train-rmse:0.509450
[141]	train-rmse:0.509241
[142]	train-rmse:0.509017
[143]	train-rmse:0.508783
[144]	train-rmse:0.508683
[145]	train-rmse:0.508544
[146]	train-rmse:0.508357
[147]	train-rmse:0.508233
[148]	train-rmse:0.508054
[149]	train-rmse:0.507842
[150]	train-rmse:0.507685
[151]	train-rmse:0.507569
[152]	train-rmse:0.507291
[153]	train-rmse:0.507091
[154]	train-rmse:0.506892
[155]	train-rmse:0.506618
[156]	train-rmse:0.506356
[157]	train-rmse:0.506139
[158]	train-rmse:0.505967
[159]	train-rmse:0.505754
[160]	train-rmse:0.505490
[161]	train-rmse:0.505387
[162]	train-rmse:0.505195
[163]	train-rmse:0.504994
[164]	train-rmse:0.504817
[165]	train-rmse:0.504706
[166]	train-rmse:0.504486
[167]	train-rmse:0.504341
[168]	train-rmse:0.504136
[169]	train-rmse:0.503865
[170]	train-rmse:0.503573
[171]	train-rmse:0.503428
[172]	train-rmse:0.503243
[173]	train-rmse:0.503115
[174]	train-rmse:0.502869
[175]	train-rmse:0.502771
[176]	train-rmse:0.502649
[177]	train-rmse:0.502522
[178]	train-rmse:0.502372
[179]	train-rmse:0.502099
[180]	train-rmse:0.501913
[181]	train-rmse:0.501738
[182]	train-rmse:0.501523
[183]	train-rmse:0.501300
[184]	train-rmse:0.501144
[185]	train-rmse:0.500877
[186]	train-rmse:0.500784
[187]	train-rmse:0.500623
[188]	train-rmse:0.500439
[189]	train-rmse:0.500135
[190]	train-rmse:0.500070
[191]	train-rmse:0.499998
[192]	train-rmse:0.499864
[193]	train-rmse:0.499583
[194]	train-rmse:0.499432
[195]	train-rmse:0.499323
[196]	train-rmse:0.499099
[197]	train-rmse:0.498950
[198]	train-rmse:0.498766
[199]	train-rmse:0.498487
[200]	train-rmse:0.498238
[201]	train-rmse:0.498083
[202]	train-rmse:0.497923
[203]	train-rmse:0.497782
[204]	train-rmse:0.497553
[205]	train-rmse:0.497297
[206]	train-rmse:0.497118
[207]	train-rmse:0.496974
[208]	train-rmse:0.496873
[209]	train-rmse:0.496762
[210]	train-rmse:0.496537
[211]	train-rmse:0.496346
[212]	train-rmse:0.496153
[213]	train-rmse:0.496022
[214]	train-rmse:0.495827
[215]	train-rmse:0.495695
[216]	train-rmse:0.495493
[217]	train-rmse:0.495401
[218]	train-rmse:0.495314
[219]	train-rmse:0.495070
[220]	train-rmse:0.494946
[221]	train-rmse:0.494762
[222]	train-rmse:0.494701
[223]	train-rmse:0.494457
[224]	train-rmse:0.494262
[225]	train-rmse:0.494142
[226]	train-rmse:0.494044
[227]	train-rmse:0.493935
[228]	train-rmse:0.493759
[229]	train-rmse:0.493581
[230]	train-rmse:0.493428
[231]	train-rmse:0.493282
[232]	train-rmse:0.493089
[233]	train-rmse:0.493028
[234]	train-rmse:0.492814
[235]	train-rmse:0.492621
[236]	train-rmse:0.492527
[237]	train-rmse:0.492412
[238]	train-rmse:0.492230
[239]	train-rmse:0.491992
[240]	train-rmse:0.491919
[241]	train-rmse:0.491765
[242]	train-rmse:0.491573
[243]	train-rmse:0.491469
[244]	train-rmse:0.491280
[245]	train-rmse:0.491141
[246]	train-rmse:0.490970
[247]	train-rmse:0.490908
[248]	train-rmse:0.490709
[249]	train-rmse:0.490639
[250]	train-rmse:0.490433
[251]	train-rmse:0.490277
[252]	train-rmse:0.490117
[253]	train-rmse:0.489941
[254]	train-rmse:0.489834
[255]	train-rmse:0.489600
[256]	train-rmse:0.489417
[257]	train-rmse:0.489312
[258]	train-rmse:0.489178
[259]	train-rmse:0.489061
[260]	train-rmse:0.488890
[261]	train-rmse:0.488726
[262]	train-rmse:0.488489
[263]	train-rmse:0.488278
[264]	train-rmse:0.488163
[265]	train-rmse:0.487963
[266]	train-rmse:0.487933
[267]	train-rmse:0.487741
[268]	train-rmse:0.487586
[269]	train-rmse:0.487500
[270]	train-rmse:0.487390
[271]	train-rmse:0.487266
[272]	train-rmse:0.487041
[273]	train-rmse:0.486881
[274]	train-rmse:0.486680
[275]	train-rmse:0.486481
[276]	train-rmse:0.486308
[277]	train-rmse:0.486212
[278]	train-rmse:0.486042
[279]	train-rmse:0.485881
[280]	train-rmse:0.485681
[281]	train-rmse:0.485507
[282]	train-rmse:0.485404
[283]	train-rmse:0.485207
[284]	train-rmse:0.485070
[285]	train-rmse:0.485018
[286]	train-rmse:0.484821
[287]	train-rmse:0.484755
[288]	train-rmse:0.484627
[289]	train-rmse:0.484421
[290]	train-rmse:0.484303
[291]	train-rmse:0.484087
[292]	train-rmse:0.483896
[293]	train-rmse:0.483694
[294]	train-rmse:0.483539
[295]	train-rmse:0.483382
[296]	train-rmse:0.483200
[297]	train-rmse:0.483095
[298]	train-rmse:0.482892
[299]	train-rmse:0.482859
[300]	train-rmse:0.482772
[301]	train-rmse:0.482620
[302]	train-rmse:0.482439
[303]	train-rmse:0.482251
[304]	train-rmse:0.482164
[305]	train-rmse:0.481932
[306]	train-rmse:0.481757
[307]	train-rmse:0.481596
[308]	train-rmse:0.481466
[309]	train-rmse:0.481305
[310]	train-rmse:0.481230
[311]	train-rmse:0.481107
[312]	train-rmse:0.480898
[313]	train-rmse:0.480716
[314]	train-rmse:0.480665
[315]	train-rmse:0.480524
[316]	train-rmse:0.480362
[317]	train-rmse:0.480295
[318]	train-rmse:0.480186
[319]	train-rmse:0.480075
[320]	train-rmse:0.479961
[321]	train-rmse:0.479820
[322]	train-rmse:0.479643
[323]	train-rmse:0.479458
[324]	train-rmse:0.479346
[325]	train-rmse:0.479228
[326]	train-rmse:0.479085
[327]	train-rmse:0.478934
[328]	train-rmse:0.478827
[329]	train-rmse:0.478738
[330]	train-rmse:0.478638
[331]	train-rmse:0.478539
[332]	train-rmse:0.478459
[333]	train-rmse:0.478408
[334]	train-rmse:0.478279
[335]	train-rmse:0.478194
[336]	train-rmse:0.478039
[337]	train-rmse:0.477907
[338]	train-rmse:0.477760
[339]	train-rmse:0.477615
[340]	train-rmse:0.477573
[341]	train-rmse:0.477425
[342]	train-rmse:0.477322
[343]	train-rmse:0.477224
[344]	train-rmse:0.477117
[345]	train-rmse:0.476983
[346]	train-rmse:0.476806
[347]	train-rmse:0.476616
[348]	train-rmse:0.476493
[349]	train-rmse:0.476296
[350]	train-rmse:0.476184
[351]	train-rmse:0.476003
[352]	train-rmse:0.475839
[353]	train-rmse:0.475705
[354]	train-rmse:0.475528
[355]	train-rmse:0.475377
[356]	train-rmse:0.475165
[357]	train-rmse:0.474995
[358]	train-rmse:0.474824
[359]	train-rmse:0.474744
[360]	train-rmse:0.474626
[361]	train-rmse:0.474515
[362]	train-rmse:0.474364
[363]	train-rmse:0.474275
[364]	train-rmse:0.474124
[365]	train-rmse:0.473949
[366]	train-rmse:0.473840
[367]	train-rmse:0.473649
[368]	train-rmse:0.473509
[369]	train-rmse:0.473300
[370]	train-rmse:0.473137
[371]	train-rmse:0.472995
[372]	train-rmse:0.472838
[373]	train-rmse:0.472717
[374]	train-rmse:0.472648
[375]	train-rmse:0.472443
[376]	train-rmse:0.472293
[377]	train-rmse:0.472173
[378]	train-rmse:0.472004
[379]	train-rmse:0.471886
[380]	train-rmse:0.471825
[381]	train-rmse:0.471666
[382]	train-rmse:0.471458
[383]	train-rmse:0.471255
[384]	train-rmse:0.471120
[385]	train-rmse:0.470919
[386]	train-rmse:0.470773
[387]	train-rmse:0.470595
[388]	train-rmse:0.470397
[389]	train-rmse:0.470213
[390]	train-rmse:0.470142
[391]	train-rmse:0.469981
[392]	train-rmse:0.469877
[393]	train-rmse:0.469718
[394]	train-rmse:0.469657
[395]	train-rmse:0.469568
[396]	train-rmse:0.469477
[397]	train-rmse:0.469373
[398]	train-rmse:0.469245
[399]	train-rmse:0.469110
[Tune-y] 9: mae.test.mean=1.15e+03; time: 32.5 min; memory: 202Mb use, 655Mb max
           used  (Mb) gc trigger  (Mb) max used  (Mb)
Ncells  1388130  74.2    2637877 140.9  1770749  94.6
Vcells 16126413 123.1   47048107 359.0 73504701 560.8
Job time in seconds: 1952
Error in unserialize(node$con) : error reading from connection
Calls: <Anonymous> ... doTryCatch -> recvData -> recvData.SOCKnode -> unserialize
Execution halted
