[Tune-x] 6: max_depth=10; min_child_weight=2; eta=0.0767; colsample_bytree=0.899; subsample=0.631
[0]	train-rmse:0.782281
[1]	train-rmse:0.757073
[2]	train-rmse:0.734245
[3]	train-rmse:0.713751
[4]	train-rmse:0.695142
[5]	train-rmse:0.678511
[6]	train-rmse:0.663908
[7]	train-rmse:0.650723
[8]	train-rmse:0.638956
[9]	train-rmse:0.628172
[10]	train-rmse:0.618629
[11]	train-rmse:0.609915
[12]	train-rmse:0.602015
[13]	train-rmse:0.594789
[14]	train-rmse:0.588011
[15]	train-rmse:0.581866
[16]	train-rmse:0.576574
[17]	train-rmse:0.571214
[18]	train-rmse:0.566377
[19]	train-rmse:0.562071
[20]	train-rmse:0.558181
[21]	train-rmse:0.554554
[22]	train-rmse:0.550953
[23]	train-rmse:0.547587
[24]	train-rmse:0.544153
[25]	train-rmse:0.541035
[26]	train-rmse:0.538518
[27]	train-rmse:0.535772
[28]	train-rmse:0.533259
[29]	train-rmse:0.530827
[30]	train-rmse:0.528174
[31]	train-rmse:0.526077
[32]	train-rmse:0.523978
[33]	train-rmse:0.521791
[34]	train-rmse:0.520118
[35]	train-rmse:0.518569
[36]	train-rmse:0.516605
[37]	train-rmse:0.515310
[38]	train-rmse:0.513477
[39]	train-rmse:0.511945
[40]	train-rmse:0.510607
[41]	train-rmse:0.509283
[42]	train-rmse:0.507815
[43]	train-rmse:0.506532
[44]	train-rmse:0.505090
[45]	train-rmse:0.503760
[46]	train-rmse:0.502414
[47]	train-rmse:0.501243
[48]	train-rmse:0.499987
[49]	train-rmse:0.498766
[50]	train-rmse:0.497767
[51]	train-rmse:0.496939
[52]	train-rmse:0.495722
[53]	train-rmse:0.494458
[54]	train-rmse:0.493393
[55]	train-rmse:0.492344
[56]	train-rmse:0.491446
[57]	train-rmse:0.490419
[58]	train-rmse:0.489442
[59]	train-rmse:0.488322
[60]	train-rmse:0.487610
[61]	train-rmse:0.486925
[62]	train-rmse:0.485799
[63]	train-rmse:0.484833
[64]	train-rmse:0.483893
[65]	train-rmse:0.482869
[66]	train-rmse:0.482203
[67]	train-rmse:0.481407
[68]	train-rmse:0.480680
[69]	train-rmse:0.479923
[70]	train-rmse:0.479389
[71]	train-rmse:0.478782
[72]	train-rmse:0.477837
[73]	train-rmse:0.477192
[74]	train-rmse:0.476430
[75]	train-rmse:0.475851
[76]	train-rmse:0.475101
[77]	train-rmse:0.474364
[78]	train-rmse:0.473850
[79]	train-rmse:0.472949
[80]	train-rmse:0.472397
[81]	train-rmse:0.471656
[82]	train-rmse:0.470963
[83]	train-rmse:0.470460
[84]	train-rmse:0.469763
[85]	train-rmse:0.469193
[86]	train-rmse:0.468466
[87]	train-rmse:0.467999
[88]	train-rmse:0.467481
[89]	train-rmse:0.466917
[90]	train-rmse:0.466103
[91]	train-rmse:0.465744
[92]	train-rmse:0.465176
[93]	train-rmse:0.464461
[94]	train-rmse:0.463822
[95]	train-rmse:0.463472
[96]	train-rmse:0.462877
[97]	train-rmse:0.461892
[98]	train-rmse:0.461666
[99]	train-rmse:0.461136
[100]	train-rmse:0.460553
[101]	train-rmse:0.459632
[102]	train-rmse:0.459086
[103]	train-rmse:0.458646
[104]	train-rmse:0.457954
[105]	train-rmse:0.457668
[106]	train-rmse:0.456855
[107]	train-rmse:0.456452
[108]	train-rmse:0.455868
[109]	train-rmse:0.455396
[110]	train-rmse:0.454618
[111]	train-rmse:0.453820
[112]	train-rmse:0.453332
[113]	train-rmse:0.452860
[114]	train-rmse:0.452382
[115]	train-rmse:0.451928
[116]	train-rmse:0.451350
[117]	train-rmse:0.450871
[118]	train-rmse:0.450256
[119]	train-rmse:0.449591
[120]	train-rmse:0.448914
[121]	train-rmse:0.448530
[122]	train-rmse:0.448017
[123]	train-rmse:0.447395
[124]	train-rmse:0.446917
[125]	train-rmse:0.446408
[126]	train-rmse:0.445925
[127]	train-rmse:0.445205
[128]	train-rmse:0.444734
[129]	train-rmse:0.444354
[130]	train-rmse:0.443929
[131]	train-rmse:0.443498
[132]	train-rmse:0.443145
[133]	train-rmse:0.442654
[134]	train-rmse:0.442282
[135]	train-rmse:0.441799
[136]	train-rmse:0.441405
[137]	train-rmse:0.441111
[138]	train-rmse:0.440789
[139]	train-rmse:0.440259
[140]	train-rmse:0.439901
[141]	train-rmse:0.439597
[142]	train-rmse:0.439383
[143]	train-rmse:0.438640
[144]	train-rmse:0.438105
[145]	train-rmse:0.437333
[146]	train-rmse:0.436965
[147]	train-rmse:0.436431
[148]	train-rmse:0.435902
[149]	train-rmse:0.435279
[150]	train-rmse:0.434781
[151]	train-rmse:0.434126
[152]	train-rmse:0.433730
[153]	train-rmse:0.433325
[154]	train-rmse:0.432876
[155]	train-rmse:0.432509
[156]	train-rmse:0.432262
[157]	train-rmse:0.431721
[158]	train-rmse:0.431293
[159]	train-rmse:0.430833
[160]	train-rmse:0.430502
[161]	train-rmse:0.430129
[162]	train-rmse:0.429802
[163]	train-rmse:0.429436
[164]	train-rmse:0.429208
[165]	train-rmse:0.428801
[166]	train-rmse:0.428223
[167]	train-rmse:0.427726
[168]	train-rmse:0.427174
[169]	train-rmse:0.427001
[170]	train-rmse:0.426598
[171]	train-rmse:0.426101
[172]	train-rmse:0.425629
[173]	train-rmse:0.425146
[174]	train-rmse:0.424556
[175]	train-rmse:0.424231
[176]	train-rmse:0.424120
[177]	train-rmse:0.423702
[178]	train-rmse:0.423112
[179]	train-rmse:0.422696
[180]	train-rmse:0.422114
[181]	train-rmse:0.421801
[182]	train-rmse:0.421340
[183]	train-rmse:0.420874
[184]	train-rmse:0.420548
[185]	train-rmse:0.420270
[186]	train-rmse:0.420000
[187]	train-rmse:0.419361
[188]	train-rmse:0.418794
[189]	train-rmse:0.418411
[190]	train-rmse:0.417863
[191]	train-rmse:0.417535
[192]	train-rmse:0.417157
[193]	train-rmse:0.416730
[194]	train-rmse:0.416387
[195]	train-rmse:0.415937
[196]	train-rmse:0.415535
[197]	train-rmse:0.415099
[198]	train-rmse:0.414773
[199]	train-rmse:0.414528
[200]	train-rmse:0.414124
[201]	train-rmse:0.413740
[202]	train-rmse:0.413077
[203]	train-rmse:0.412591
[204]	train-rmse:0.412037
[205]	train-rmse:0.411571
[206]	train-rmse:0.411136
[207]	train-rmse:0.410530
[208]	train-rmse:0.410310
[209]	train-rmse:0.409984
[210]	train-rmse:0.409541
[211]	train-rmse:0.409100
[212]	train-rmse:0.408691
[213]	train-rmse:0.408335
[214]	train-rmse:0.407807
[215]	train-rmse:0.407323
[216]	train-rmse:0.407014
[217]	train-rmse:0.406654
[218]	train-rmse:0.406223
[219]	train-rmse:0.405679
[220]	train-rmse:0.405435
[221]	train-rmse:0.405229
[222]	train-rmse:0.404957
[223]	train-rmse:0.404668
[224]	train-rmse:0.404085
[225]	train-rmse:0.403620
[226]	train-rmse:0.403051
[227]	train-rmse:0.402489
[228]	train-rmse:0.402031
[229]	train-rmse:0.401763
[230]	train-rmse:0.401179
[231]	train-rmse:0.400719
[232]	train-rmse:0.400520
[233]	train-rmse:0.399969
[234]	train-rmse:0.399545
[235]	train-rmse:0.399062
[236]	train-rmse:0.398668
[237]	train-rmse:0.398120
[238]	train-rmse:0.397498
[239]	train-rmse:0.397010
[240]	train-rmse:0.396615
[241]	train-rmse:0.396372
[242]	train-rmse:0.396081
[243]	train-rmse:0.395731
[244]	train-rmse:0.395540
[245]	train-rmse:0.395139
[246]	train-rmse:0.394766
[247]	train-rmse:0.394341
[248]	train-rmse:0.394094
[249]	train-rmse:0.393789
[250]	train-rmse:0.393315
[251]	train-rmse:0.393029
[252]	train-rmse:0.392522
[253]	train-rmse:0.392165
[254]	train-rmse:0.391852
[255]	train-rmse:0.391389
[256]	train-rmse:0.390889
[257]	train-rmse:0.390624
[258]	train-rmse:0.390267
[259]	train-rmse:0.390070
[260]	train-rmse:0.389629
[261]	train-rmse:0.389229
[262]	train-rmse:0.388816
[263]	train-rmse:0.388448
[264]	train-rmse:0.388210
[265]	train-rmse:0.387942
[266]	train-rmse:0.387454
[267]	train-rmse:0.387091
[268]	train-rmse:0.386633
[269]	train-rmse:0.386338
[270]	train-rmse:0.385754
[271]	train-rmse:0.385570
[272]	train-rmse:0.385141
[273]	train-rmse:0.384834
[274]	train-rmse:0.384457
[275]	train-rmse:0.383812
[276]	train-rmse:0.383498
[277]	train-rmse:0.383127
[278]	train-rmse:0.382752
[279]	train-rmse:0.382335
[280]	train-rmse:0.382101
[281]	train-rmse:0.381763
[282]	train-rmse:0.381185
[283]	train-rmse:0.380718
[284]	train-rmse:0.380318
[285]	train-rmse:0.379993
[286]	train-rmse:0.379661
[287]	train-rmse:0.379361
[288]	train-rmse:0.378915
[289]	train-rmse:0.378480
[290]	train-rmse:0.378249
[291]	train-rmse:0.377871
[292]	train-rmse:0.377387
[293]	train-rmse:0.376940
[294]	train-rmse:0.376487
[295]	train-rmse:0.375988
[296]	train-rmse:0.375499
[297]	train-rmse:0.374999
[298]	train-rmse:0.374775
[299]	train-rmse:0.374386
[300]	train-rmse:0.373969
[301]	train-rmse:0.373562
[302]	train-rmse:0.373309
[303]	train-rmse:0.372731
[304]	train-rmse:0.372303
[305]	train-rmse:0.371890
[306]	train-rmse:0.371444
[307]	train-rmse:0.370781
[308]	train-rmse:0.370473
[309]	train-rmse:0.370186
[310]	train-rmse:0.369884
[311]	train-rmse:0.369451
[312]	train-rmse:0.369241
[313]	train-rmse:0.368824
[314]	train-rmse:0.368505
[315]	train-rmse:0.368144
[316]	train-rmse:0.367758
[317]	train-rmse:0.367257
[318]	train-rmse:0.366966
[319]	train-rmse:0.366746
[320]	train-rmse:0.366381
[321]	train-rmse:0.366115
[322]	train-rmse:0.365713
[323]	train-rmse:0.365329
[324]	train-rmse:0.365092
[325]	train-rmse:0.364681
[326]	train-rmse:0.364380
[327]	train-rmse:0.364051
[328]	train-rmse:0.363489
[329]	train-rmse:0.362994
[330]	train-rmse:0.362721
[331]	train-rmse:0.362321
[332]	train-rmse:0.361982
[333]	train-rmse:0.361679
[334]	train-rmse:0.361404
[335]	train-rmse:0.361122
[336]	train-rmse:0.360797
[337]	train-rmse:0.360448
[338]	train-rmse:0.360191
[339]	train-rmse:0.359952
[340]	train-rmse:0.359395
[341]	train-rmse:0.359046
[342]	train-rmse:0.358600
[343]	train-rmse:0.358230
[344]	train-rmse:0.357830
[345]	train-rmse:0.357541
[346]	train-rmse:0.357082
[347]	train-rmse:0.356727
[348]	train-rmse:0.356395
[349]	train-rmse:0.356013
[350]	train-rmse:0.355681
[351]	train-rmse:0.355306
[352]	train-rmse:0.354706
[353]	train-rmse:0.354247
[354]	train-rmse:0.353922
[355]	train-rmse:0.353557
[356]	train-rmse:0.353354
[357]	train-rmse:0.352921
[358]	train-rmse:0.352496
[359]	train-rmse:0.352008
[360]	train-rmse:0.351856
[361]	train-rmse:0.351479
[362]	train-rmse:0.351051
[363]	train-rmse:0.350833
[364]	train-rmse:0.350470
[365]	train-rmse:0.350090
[366]	train-rmse:0.349796
[367]	train-rmse:0.349512
[368]	train-rmse:0.349216
[369]	train-rmse:0.348965
[370]	train-rmse:0.348364
[371]	train-rmse:0.347845
[372]	train-rmse:0.347394
[373]	train-rmse:0.347031
[374]	train-rmse:0.346778
[375]	train-rmse:0.346511
[376]	train-rmse:0.346168
[377]	train-rmse:0.345814
[378]	train-rmse:0.345439
[379]	train-rmse:0.345084
[380]	train-rmse:0.344655
[381]	train-rmse:0.344207
[382]	train-rmse:0.343881
[383]	train-rmse:0.343508
[384]	train-rmse:0.343305
[385]	train-rmse:0.342978
[386]	train-rmse:0.342459
[387]	train-rmse:0.341951
[388]	train-rmse:0.341776
[389]	train-rmse:0.341416
[390]	train-rmse:0.341175
[391]	train-rmse:0.340881
[392]	train-rmse:0.340550
[393]	train-rmse:0.340154
[394]	train-rmse:0.339792
[395]	train-rmse:0.339472
[396]	train-rmse:0.339147
[397]	train-rmse:0.338660
[398]	train-rmse:0.338341
[399]	train-rmse:0.337846
[0]	train-rmse:0.783017
[1]	train-rmse:0.757502
[2]	train-rmse:0.735140
[3]	train-rmse:0.715162
[4]	train-rmse:0.697121
[5]	train-rmse:0.680103
[6]	train-rmse:0.665048
[7]	train-rmse:0.651920
[8]	train-rmse:0.639549
[9]	train-rmse:0.628759
[10]	train-rmse:0.618713
[11]	train-rmse:0.609819
[12]	train-rmse:0.601900
[13]	train-rmse:0.594503
[14]	train-rmse:0.587515
[15]	train-rmse:0.581399
[16]	train-rmse:0.576072
[17]	train-rmse:0.570959
[18]	train-rmse:0.566089
[19]	train-rmse:0.561655
[20]	train-rmse:0.557526
[21]	train-rmse:0.553522
[22]	train-rmse:0.550080
[23]	train-rmse:0.546858
[24]	train-rmse:0.543847
[25]	train-rmse:0.540763
[26]	train-rmse:0.538113
[27]	train-rmse:0.535480
[28]	train-rmse:0.533471
[29]	train-rmse:0.531091
[30]	train-rmse:0.529156
[31]	train-rmse:0.527122
[32]	train-rmse:0.525146
[33]	train-rmse:0.523368
[34]	train-rmse:0.521338
[35]	train-rmse:0.519679
[36]	train-rmse:0.517892
[37]	train-rmse:0.516389
[38]	train-rmse:0.515033
[39]	train-rmse:0.513480
[40]	train-rmse:0.511946
[41]	train-rmse:0.510418
[42]	train-rmse:0.508703
[43]	train-rmse:0.507390
[44]	train-rmse:0.506289
[45]	train-rmse:0.505368
[46]	train-rmse:0.504276
[47]	train-rmse:0.502943
[48]	train-rmse:0.501984
[49]	train-rmse:0.500870
[50]	train-rmse:0.499590
[51]	train-rmse:0.498270
[52]	train-rmse:0.497170
[53]	train-rmse:0.496077
[54]	train-rmse:0.494919
[55]	train-rmse:0.493918
[56]	train-rmse:0.493090
[57]	train-rmse:0.492131
[58]	train-rmse:0.491107
[59]	train-rmse:0.489994
[60]	train-rmse:0.488474
[61]	train-rmse:0.487589
[62]	train-rmse:0.486159
[63]	train-rmse:0.485239
[64]	train-rmse:0.484236
[65]	train-rmse:0.483467
[66]	train-rmse:0.482670
[67]	train-rmse:0.481832
[68]	train-rmse:0.481292
[69]	train-rmse:0.480424
[70]	train-rmse:0.479733
[71]	train-rmse:0.478849
[72]	train-rmse:0.478098
[73]	train-rmse:0.477422
[74]	train-rmse:0.476822
[75]	train-rmse:0.476107
[76]	train-rmse:0.475374
[77]	train-rmse:0.474770
[78]	train-rmse:0.474282
[79]	train-rmse:0.473801
[80]	train-rmse:0.473134
[81]	train-rmse:0.472344
[82]	train-rmse:0.471697
[83]	train-rmse:0.470883
[84]	train-rmse:0.470435
[85]	train-rmse:0.469828
[86]	train-rmse:0.469238
[87]	train-rmse:0.468511
[88]	train-rmse:0.467816
[89]	train-rmse:0.467389
[90]	train-rmse:0.466895
[91]	train-rmse:0.466191
[92]	train-rmse:0.465626
[93]	train-rmse:0.464873
[94]	train-rmse:0.464362
[95]	train-rmse:0.463809
[96]	train-rmse:0.462948
[97]	train-rmse:0.462396
[98]	train-rmse:0.462061
[99]	train-rmse:0.461557
[100]	train-rmse:0.460808
[101]	train-rmse:0.460275
[102]	train-rmse:0.459739
[103]	train-rmse:0.459210
[104]	train-rmse:0.458935
[105]	train-rmse:0.458542
[106]	train-rmse:0.457977
[107]	train-rmse:0.457346
[108]	train-rmse:0.456473
[109]	train-rmse:0.456172
[110]	train-rmse:0.455595
[111]	train-rmse:0.455106
[112]	train-rmse:0.454866
[113]	train-rmse:0.454466
[114]	train-rmse:0.453872
[115]	train-rmse:0.453309
[116]	train-rmse:0.452808
[117]	train-rmse:0.452357
[118]	train-rmse:0.451616
[119]	train-rmse:0.451002
[120]	train-rmse:0.450720
[121]	train-rmse:0.450093
[122]	train-rmse:0.449549
[123]	train-rmse:0.449078
[124]	train-rmse:0.448470
[125]	train-rmse:0.447864
[126]	train-rmse:0.447453
[127]	train-rmse:0.446839
[128]	train-rmse:0.446535
[129]	train-rmse:0.445811
[130]	train-rmse:0.445324
[131]	train-rmse:0.444797
[132]	train-rmse:0.444099
[133]	train-rmse:0.443597
[134]	train-rmse:0.443092
[135]	train-rmse:0.442600
[136]	train-rmse:0.441864
[137]	train-rmse:0.441655
[138]	train-rmse:0.441152
[139]	train-rmse:0.440882
[140]	train-rmse:0.440447
[141]	train-rmse:0.440182
[142]	train-rmse:0.439768
[143]	train-rmse:0.439156
[144]	train-rmse:0.438909
[145]	train-rmse:0.438421
[146]	train-rmse:0.437949
[147]	train-rmse:0.437553
[148]	train-rmse:0.437149
[149]	train-rmse:0.436522
[150]	train-rmse:0.435934
[151]	train-rmse:0.435674
[152]	train-rmse:0.435234
[153]	train-rmse:0.435012
[154]	train-rmse:0.434439
[155]	train-rmse:0.433940
[156]	train-rmse:0.433405
[157]	train-rmse:0.433013
[158]	train-rmse:0.432694
[159]	train-rmse:0.432306
[160]	train-rmse:0.432060
[161]	train-rmse:0.431721
[162]	train-rmse:0.431179
[163]	train-rmse:0.430801
[164]	train-rmse:0.430146
[165]	train-rmse:0.429737
[166]	train-rmse:0.429310
[167]	train-rmse:0.428738
[168]	train-rmse:0.428409
[169]	train-rmse:0.427823
[170]	train-rmse:0.427567
[171]	train-rmse:0.427202
[172]	train-rmse:0.426967
[173]	train-rmse:0.426524
[174]	train-rmse:0.426309
[175]	train-rmse:0.425841
[176]	train-rmse:0.425380
[177]	train-rmse:0.424803
[178]	train-rmse:0.424384
[179]	train-rmse:0.424031
[180]	train-rmse:0.423564
[181]	train-rmse:0.423016
[182]	train-rmse:0.422474
[183]	train-rmse:0.422087
[184]	train-rmse:0.421859
[185]	train-rmse:0.421443
[186]	train-rmse:0.420895
[187]	train-rmse:0.420505
[188]	train-rmse:0.420081
[189]	train-rmse:0.419632
[190]	train-rmse:0.419105
[191]	train-rmse:0.418654
[192]	train-rmse:0.418347
[193]	train-rmse:0.417909
[194]	train-rmse:0.417654
[195]	train-rmse:0.417317
[196]	train-rmse:0.416811
[197]	train-rmse:0.416542
[198]	train-rmse:0.416177
[199]	train-rmse:0.415704
[200]	train-rmse:0.415314
[201]	train-rmse:0.414897
[202]	train-rmse:0.414355
[203]	train-rmse:0.414084
[204]	train-rmse:0.413478
[205]	train-rmse:0.413247
[206]	train-rmse:0.412868
[207]	train-rmse:0.412528
[208]	train-rmse:0.412238
[209]	train-rmse:0.411896
[210]	train-rmse:0.411553
[211]	train-rmse:0.411161
[212]	train-rmse:0.410782
[213]	train-rmse:0.410248
[214]	train-rmse:0.409802
[215]	train-rmse:0.409378
[216]	train-rmse:0.408886
[217]	train-rmse:0.408508
[218]	train-rmse:0.408195
[219]	train-rmse:0.407553
[220]	train-rmse:0.407250
[221]	train-rmse:0.406874
[222]	train-rmse:0.406548
[223]	train-rmse:0.406205
[224]	train-rmse:0.405867
[225]	train-rmse:0.405538
[226]	train-rmse:0.405166
[227]	train-rmse:0.404670
[228]	train-rmse:0.404236
[229]	train-rmse:0.403679
[230]	train-rmse:0.403240
[231]	train-rmse:0.403038
[232]	train-rmse:0.402652
[233]	train-rmse:0.402205
[234]	train-rmse:0.401789
[235]	train-rmse:0.401432
[236]	train-rmse:0.400930
[237]	train-rmse:0.400590
[238]	train-rmse:0.400237
[239]	train-rmse:0.399840
[240]	train-rmse:0.399447
[241]	train-rmse:0.399006
[242]	train-rmse:0.398538
[243]	train-rmse:0.398110
[244]	train-rmse:0.397837
[245]	train-rmse:0.397254
[246]	train-rmse:0.396887
[247]	train-rmse:0.396663
[248]	train-rmse:0.396332
[249]	train-rmse:0.395928
[250]	train-rmse:0.395649
[251]	train-rmse:0.395122
[252]	train-rmse:0.394737
[253]	train-rmse:0.394282
[254]	train-rmse:0.393841
[255]	train-rmse:0.393425
[256]	train-rmse:0.393008
[257]	train-rmse:0.392607
[258]	train-rmse:0.392296
[259]	train-rmse:0.391817
[260]	train-rmse:0.391492
[261]	train-rmse:0.391021
[262]	train-rmse:0.390492
[263]	train-rmse:0.389990
[264]	train-rmse:0.389408
[265]	train-rmse:0.389200
[266]	train-rmse:0.388721
[267]	train-rmse:0.388387
[268]	train-rmse:0.387857
[269]	train-rmse:0.387329
[270]	train-rmse:0.386895
[271]	train-rmse:0.386681
[272]	train-rmse:0.386203
[273]	train-rmse:0.385878
[274]	train-rmse:0.385495
[275]	train-rmse:0.385157
[276]	train-rmse:0.384834
[277]	train-rmse:0.384373
[278]	train-rmse:0.383916
[279]	train-rmse:0.383611
[280]	train-rmse:0.383183
[281]	train-rmse:0.382748
[282]	train-rmse:0.382419
[283]	train-rmse:0.382035
[284]	train-rmse:0.381697
[285]	train-rmse:0.381195
[286]	train-rmse:0.380870
[287]	train-rmse:0.380622
[288]	train-rmse:0.380389
[289]	train-rmse:0.380048
[290]	train-rmse:0.379783
[291]	train-rmse:0.379393
[292]	train-rmse:0.378953
[293]	train-rmse:0.378415
[294]	train-rmse:0.378027
[295]	train-rmse:0.377614
[296]	train-rmse:0.377294
[297]	train-rmse:0.376820
[298]	train-rmse:0.376450
[299]	train-rmse:0.376115
[300]	train-rmse:0.375636
[301]	train-rmse:0.375260
[302]	train-rmse:0.375013
[303]	train-rmse:0.374655
[304]	train-rmse:0.374360
[305]	train-rmse:0.374226
[306]	train-rmse:0.373820
[307]	train-rmse:0.373471
[308]	train-rmse:0.373097
[309]	train-rmse:0.372868
[310]	train-rmse:0.372628
[311]	train-rmse:0.372367
[312]	train-rmse:0.371933
[313]	train-rmse:0.371481
[314]	train-rmse:0.371092
[315]	train-rmse:0.370670
[316]	train-rmse:0.370149
[317]	train-rmse:0.369713
[318]	train-rmse:0.369376
[319]	train-rmse:0.369127
[320]	train-rmse:0.368596
[321]	train-rmse:0.368144
[322]	train-rmse:0.367752
[323]	train-rmse:0.367408
[324]	train-rmse:0.366886
[325]	train-rmse:0.366420
[326]	train-rmse:0.365939
[327]	train-rmse:0.365843
[328]	train-rmse:0.365570
[329]	train-rmse:0.365202
[330]	train-rmse:0.364835
[331]	train-rmse:0.364530
[332]	train-rmse:0.364092
[333]	train-rmse:0.363635
[334]	train-rmse:0.363410
[335]	train-rmse:0.363099
[336]	train-rmse:0.362649
[337]	train-rmse:0.362352
[338]	train-rmse:0.362005
[339]	train-rmse:0.361619
[340]	train-rmse:0.360983
[341]	train-rmse:0.360484
[342]	train-rmse:0.360153
[343]	train-rmse:0.359806
[344]	train-rmse:0.359451
[345]	train-rmse:0.358983
[346]	train-rmse:0.358627
[347]	train-rmse:0.358249
[348]	train-rmse:0.357886
[349]	train-rmse:0.357534
[350]	train-rmse:0.357214
[351]	train-rmse:0.356964
[352]	train-rmse:0.356684
[353]	train-rmse:0.356418
[354]	train-rmse:0.356160
[355]	train-rmse:0.355833
[356]	train-rmse:0.355384
[357]	train-rmse:0.355004
[358]	train-rmse:0.354682
[359]	train-rmse:0.354373
[360]	train-rmse:0.353879
[361]	train-rmse:0.353415
[362]	train-rmse:0.353175
[363]	train-rmse:0.352837
[364]	train-rmse:0.352376
[365]	train-rmse:0.352019
[366]	train-rmse:0.351548
[367]	train-rmse:0.351231
[368]	train-rmse:0.350942
[369]	train-rmse:0.350785
[370]	train-rmse:0.350360
[371]	train-rmse:0.350239
[372]	train-rmse:0.349889
[373]	train-rmse:0.349663
[374]	train-rmse:0.349315
[375]	train-rmse:0.348787
[376]	train-rmse:0.348437
[377]	train-rmse:0.347952
[378]	train-rmse:0.347559
[379]	train-rmse:0.347149
[380]	train-rmse:0.346876
[381]	train-rmse:0.346608
[382]	train-rmse:0.346318
[383]	train-rmse:0.345976
[384]	train-rmse:0.345649
[385]	train-rmse:0.345370
[386]	train-rmse:0.345120
[387]	train-rmse:0.344847
[388]	train-rmse:0.344545
[389]	train-rmse:0.344140
[390]	train-rmse:0.343844
[391]	train-rmse:0.343471
[392]	train-rmse:0.343017
[393]	train-rmse:0.342695
[394]	train-rmse:0.342440
[395]	train-rmse:0.341992
[396]	train-rmse:0.341629
[397]	train-rmse:0.341291
[398]	train-rmse:0.340875
[399]	train-rmse:0.340599
[0]	train-rmse:0.784772
[1]	train-rmse:0.759028
[2]	train-rmse:0.735878
[3]	train-rmse:0.714906
[4]	train-rmse:0.696638
[5]	train-rmse:0.680364
[6]	train-rmse:0.665154
[7]	train-rmse:0.651990
[8]	train-rmse:0.640035
[9]	train-rmse:0.629243
[10]	train-rmse:0.619717
[11]	train-rmse:0.610759
[12]	train-rmse:0.602642
[13]	train-rmse:0.595216
[14]	train-rmse:0.588561
[15]	train-rmse:0.582378
[16]	train-rmse:0.576910
[17]	train-rmse:0.571930
[18]	train-rmse:0.567079
[19]	train-rmse:0.562752
[20]	train-rmse:0.558577
[21]	train-rmse:0.554694
[22]	train-rmse:0.551248
[23]	train-rmse:0.547807
[24]	train-rmse:0.544854
[25]	train-rmse:0.542060
[26]	train-rmse:0.539164
[27]	train-rmse:0.536537
[28]	train-rmse:0.534146
[29]	train-rmse:0.531923
[30]	train-rmse:0.529571
[31]	train-rmse:0.527497
[32]	train-rmse:0.525432
[33]	train-rmse:0.523553
[34]	train-rmse:0.521723
[35]	train-rmse:0.519771
[36]	train-rmse:0.518212
[37]	train-rmse:0.516585
[38]	train-rmse:0.515227
[39]	train-rmse:0.513486
[40]	train-rmse:0.511824
[41]	train-rmse:0.510431
[42]	train-rmse:0.509173
[43]	train-rmse:0.507814
[44]	train-rmse:0.506344
[45]	train-rmse:0.504726
[46]	train-rmse:0.503699
[47]	train-rmse:0.502427
[48]	train-rmse:0.501379
[49]	train-rmse:0.500550
[50]	train-rmse:0.498997
[51]	train-rmse:0.497640
[52]	train-rmse:0.496626
[53]	train-rmse:0.495631
[54]	train-rmse:0.494386
[55]	train-rmse:0.493226
[56]	train-rmse:0.492236
[57]	train-rmse:0.491571
[58]	train-rmse:0.490733
[59]	train-rmse:0.489754
[60]	train-rmse:0.488685
[61]	train-rmse:0.487684
[62]	train-rmse:0.486952
[63]	train-rmse:0.486264
[64]	train-rmse:0.485393
[65]	train-rmse:0.484550
[66]	train-rmse:0.483853
[67]	train-rmse:0.483317
[68]	train-rmse:0.482459
[69]	train-rmse:0.481514
[70]	train-rmse:0.480925
[71]	train-rmse:0.480232
[72]	train-rmse:0.479525
[73]	train-rmse:0.478988
[74]	train-rmse:0.477780
[75]	train-rmse:0.477181
[76]	train-rmse:0.476459
[77]	train-rmse:0.475877
[78]	train-rmse:0.475340
[79]	train-rmse:0.474744
[80]	train-rmse:0.474229
[81]	train-rmse:0.473672
[82]	train-rmse:0.473294
[83]	train-rmse:0.472141
[84]	train-rmse:0.471607
[85]	train-rmse:0.470632
[86]	train-rmse:0.469966
[87]	train-rmse:0.469133
[88]	train-rmse:0.468593
[89]	train-rmse:0.468198
[90]	train-rmse:0.467618
[91]	train-rmse:0.467047
[92]	train-rmse:0.466490
[93]	train-rmse:0.465953
[94]	train-rmse:0.465378
[95]	train-rmse:0.464893
[96]	train-rmse:0.464415
[97]	train-rmse:0.464127
[98]	train-rmse:0.463631
[99]	train-rmse:0.463045
[100]	train-rmse:0.462292
[101]	train-rmse:0.461585
[102]	train-rmse:0.460792
[103]	train-rmse:0.460137
[104]	train-rmse:0.459230
[105]	train-rmse:0.458630
[106]	train-rmse:0.458027
[107]	train-rmse:0.457526
[108]	train-rmse:0.457265
[109]	train-rmse:0.457016
[110]	train-rmse:0.456182
[111]	train-rmse:0.455718
[112]	train-rmse:0.455189
[113]	train-rmse:0.454659
[114]	train-rmse:0.454011
[115]	train-rmse:0.453493
[116]	train-rmse:0.452913
[117]	train-rmse:0.452535
[118]	train-rmse:0.452065
[119]	train-rmse:0.451629
[120]	train-rmse:0.451089
[121]	train-rmse:0.450398
[122]	train-rmse:0.449660
[123]	train-rmse:0.449261
[124]	train-rmse:0.448850
[125]	train-rmse:0.448427
[126]	train-rmse:0.447890
[127]	train-rmse:0.447417
[128]	train-rmse:0.446859
[129]	train-rmse:0.446153
[130]	train-rmse:0.445975
[131]	train-rmse:0.445416
[132]	train-rmse:0.445172
[133]	train-rmse:0.444618
[134]	train-rmse:0.443821
[135]	train-rmse:0.443445
[136]	train-rmse:0.443249
[137]	train-rmse:0.442707
[138]	train-rmse:0.442297
[139]	train-rmse:0.441959
[140]	train-rmse:0.441630
[141]	train-rmse:0.441139
[142]	train-rmse:0.440562
[143]	train-rmse:0.440126
[144]	train-rmse:0.439572
[145]	train-rmse:0.439027
[146]	train-rmse:0.438805
[147]	train-rmse:0.438348
[148]	train-rmse:0.437716
[149]	train-rmse:0.437321
[150]	train-rmse:0.437057
[151]	train-rmse:0.436615
[152]	train-rmse:0.436031
[153]	train-rmse:0.435465
[154]	train-rmse:0.434908
[155]	train-rmse:0.434444
[156]	train-rmse:0.433744
[157]	train-rmse:0.433191
[158]	train-rmse:0.432821
[159]	train-rmse:0.432438
[160]	train-rmse:0.431939
[161]	train-rmse:0.431641
[162]	train-rmse:0.431057
[163]	train-rmse:0.430620
[164]	train-rmse:0.430190
[165]	train-rmse:0.429712
[166]	train-rmse:0.429220
[167]	train-rmse:0.428794
[168]	train-rmse:0.428429
[169]	train-rmse:0.428130
[170]	train-rmse:0.427704
[171]	train-rmse:0.427527
[172]	train-rmse:0.427217
[173]	train-rmse:0.426837
[174]	train-rmse:0.426710
[175]	train-rmse:0.426319
[176]	train-rmse:0.425999
[177]	train-rmse:0.425736
[178]	train-rmse:0.425453
[179]	train-rmse:0.425084
[180]	train-rmse:0.424474
[181]	train-rmse:0.423993
[182]	train-rmse:0.423678
[183]	train-rmse:0.423381
[184]	train-rmse:0.423085
[185]	train-rmse:0.422858
[186]	train-rmse:0.422382
[187]	train-rmse:0.421924
[188]	train-rmse:0.421306
[189]	train-rmse:0.420734
[190]	train-rmse:0.420424
[191]	train-rmse:0.420165
[192]	train-rmse:0.419872
[193]	train-rmse:0.419188
[194]	train-rmse:0.418762
[195]	train-rmse:0.418378
[196]	train-rmse:0.418180
[197]	train-rmse:0.417690
[198]	train-rmse:0.417278
[199]	train-rmse:0.416823
[200]	train-rmse:0.416479
[201]	train-rmse:0.415999
[202]	train-rmse:0.415706
[203]	train-rmse:0.415493
[204]	train-rmse:0.415115
[205]	train-rmse:0.414718
[206]	train-rmse:0.414324
[207]	train-rmse:0.413675
[208]	train-rmse:0.413208
[209]	train-rmse:0.412844
[210]	train-rmse:0.412358
[211]	train-rmse:0.412148
[212]	train-rmse:0.411730
[213]	train-rmse:0.411469
[214]	train-rmse:0.411151
[215]	train-rmse:0.410783
[216]	train-rmse:0.410435
[217]	train-rmse:0.410183
[218]	train-rmse:0.409721
[219]	train-rmse:0.409376
[220]	train-rmse:0.408850
[221]	train-rmse:0.408537
[222]	train-rmse:0.408029
[223]	train-rmse:0.407749
[224]	train-rmse:0.407376
[225]	train-rmse:0.406864
[226]	train-rmse:0.406340
[227]	train-rmse:0.405766
[228]	train-rmse:0.405041
[229]	train-rmse:0.404657
[230]	train-rmse:0.404376
[231]	train-rmse:0.404005
[232]	train-rmse:0.403473
[233]	train-rmse:0.402926
[234]	train-rmse:0.402536
[235]	train-rmse:0.402107
[236]	train-rmse:0.401714
[237]	train-rmse:0.401324
[238]	train-rmse:0.400782
[239]	train-rmse:0.400479
[240]	train-rmse:0.400172
[241]	train-rmse:0.399545
[242]	train-rmse:0.398961
[243]	train-rmse:0.398474
[244]	train-rmse:0.398122
[245]	train-rmse:0.397897
[246]	train-rmse:0.397564
[247]	train-rmse:0.397288
[248]	train-rmse:0.396852
[249]	train-rmse:0.396630
[250]	train-rmse:0.396220
[251]	train-rmse:0.395796
[252]	train-rmse:0.395232
[253]	train-rmse:0.394766
[254]	train-rmse:0.394397
[255]	train-rmse:0.394126
[256]	train-rmse:0.393824
[257]	train-rmse:0.393223
[258]	train-rmse:0.392976
[259]	train-rmse:0.392659
[260]	train-rmse:0.392164
[261]	train-rmse:0.391750
[262]	train-rmse:0.391517
[263]	train-rmse:0.391216
[264]	train-rmse:0.390791
[265]	train-rmse:0.390332
[266]	train-rmse:0.390051
[267]	train-rmse:0.389626
[268]	train-rmse:0.389334
[269]	train-rmse:0.389058
[270]	train-rmse:0.388685
[271]	train-rmse:0.388385
[272]	train-rmse:0.387875
[273]	train-rmse:0.387465
[274]	train-rmse:0.387098
[275]	train-rmse:0.386665
[276]	train-rmse:0.386350
[277]	train-rmse:0.385877
[278]	train-rmse:0.385468
[279]	train-rmse:0.385050
[280]	train-rmse:0.384661
[281]	train-rmse:0.384365
[282]	train-rmse:0.384068
[283]	train-rmse:0.383612
[284]	train-rmse:0.383232
[285]	train-rmse:0.382770
[286]	train-rmse:0.382264
[287]	train-rmse:0.381999
[288]	train-rmse:0.381549
[289]	train-rmse:0.381254
[290]	train-rmse:0.380814
[291]	train-rmse:0.380213
[292]	train-rmse:0.379810
[293]	train-rmse:0.379416
[294]	train-rmse:0.379106
[295]	train-rmse:0.378480
[296]	train-rmse:0.378096
[297]	train-rmse:0.377598
[298]	train-rmse:0.376994
[299]	train-rmse:0.376545
[300]	train-rmse:0.376075
[301]	train-rmse:0.375828
[302]	train-rmse:0.375354
[303]	train-rmse:0.375076
[304]	train-rmse:0.374786
[305]	train-rmse:0.374486
[306]	train-rmse:0.374165
[307]	train-rmse:0.373707
[308]	train-rmse:0.373282
[309]	train-rmse:0.372842
[310]	train-rmse:0.372444
[311]	train-rmse:0.372132
[312]	train-rmse:0.371745
[313]	train-rmse:0.371336
[314]	train-rmse:0.370863
[315]	train-rmse:0.370357
[316]	train-rmse:0.370027
[317]	train-rmse:0.369699
[318]	train-rmse:0.369427
[319]	train-rmse:0.369148
[320]	train-rmse:0.368744
[321]	train-rmse:0.368330
[322]	train-rmse:0.367854
[323]	train-rmse:0.367368
[324]	train-rmse:0.367051
[325]	train-rmse:0.366792
[326]	train-rmse:0.366500
[327]	train-rmse:0.366094
[328]	train-rmse:0.365675
[329]	train-rmse:0.365257
[330]	train-rmse:0.364868
[331]	train-rmse:0.364379
[332]	train-rmse:0.364051
[333]	train-rmse:0.363699
[334]	train-rmse:0.363376
[335]	train-rmse:0.363042
[336]	train-rmse:0.362612
[337]	train-rmse:0.362199
[338]	train-rmse:0.361892
[339]	train-rmse:0.361405
[340]	train-rmse:0.361025
[341]	train-rmse:0.360578
[342]	train-rmse:0.360065
[343]	train-rmse:0.359739
[344]	train-rmse:0.359502
[345]	train-rmse:0.359056
[346]	train-rmse:0.358631
[347]	train-rmse:0.358191
[348]	train-rmse:0.357886
[349]	train-rmse:0.357620
[350]	train-rmse:0.357237
[351]	train-rmse:0.356692
[352]	train-rmse:0.356272
[353]	train-rmse:0.355852
[354]	train-rmse:0.355493
[355]	train-rmse:0.355130
[356]	train-rmse:0.354736
[357]	train-rmse:0.354353
[358]	train-rmse:0.354208
[359]	train-rmse:0.353773
[360]	train-rmse:0.353510
[361]	train-rmse:0.353200
[362]	train-rmse:0.352854
[363]	train-rmse:0.352347
[364]	train-rmse:0.351809
[365]	train-rmse:0.351394
[366]	train-rmse:0.351080
[367]	train-rmse:0.350920
[368]	train-rmse:0.350549
[369]	train-rmse:0.350011
[370]	train-rmse:0.349623
[371]	train-rmse:0.349193
[372]	train-rmse:0.348862
[373]	train-rmse:0.348474
[374]	train-rmse:0.348251
[375]	train-rmse:0.348057
[376]	train-rmse:0.347756
[377]	train-rmse:0.347582
[378]	train-rmse:0.347269
[379]	train-rmse:0.346977
[380]	train-rmse:0.346502
[381]	train-rmse:0.346202
[382]	train-rmse:0.345824
[383]	train-rmse:0.345458
[384]	train-rmse:0.345150
[385]	train-rmse:0.344831
[386]	train-rmse:0.344506
[387]	train-rmse:0.344118
[388]	train-rmse:0.343878
[389]	train-rmse:0.343574
[390]	train-rmse:0.343263
[391]	train-rmse:0.342927
[392]	train-rmse:0.342596
[393]	train-rmse:0.342255
[394]	train-rmse:0.341782
[395]	train-rmse:0.341260
[396]	train-rmse:0.340839
[397]	train-rmse:0.340638
[398]	train-rmse:0.340398
[399]	train-rmse:0.340022
[Tune-y] 6: mae.test.mean=1.17e+03; time: 47.5 min; memory: 202Mb use, 561Mb max
           used  (Mb) gc trigger  (Mb) max used  (Mb)
Ncells  1388130  74.2    2637877 140.9  1770749  94.6
Vcells 16126413 123.1   48955112 373.5 61182039 466.8
Job time in seconds: 2852
Error in unserialize(node$con) : error reading from connection
Calls: <Anonymous> ... doTryCatch -> recvData -> recvData.SOCKnode -> unserialize
Execution halted
