[Tune-x] 5: max_depth=8; min_child_weight=3; eta=0.0523; colsample_bytree=0.966; subsample=0.672
[0]	train-rmse:0.792680
[1]	train-rmse:0.775799
[2]	train-rmse:0.761011
[3]	train-rmse:0.746405
[4]	train-rmse:0.732835
[5]	train-rmse:0.720456
[6]	train-rmse:0.709083
[7]	train-rmse:0.698496
[8]	train-rmse:0.688736
[9]	train-rmse:0.679629
[10]	train-rmse:0.671176
[11]	train-rmse:0.663357
[12]	train-rmse:0.656391
[13]	train-rmse:0.649441
[14]	train-rmse:0.643242
[15]	train-rmse:0.637330
[16]	train-rmse:0.631458
[17]	train-rmse:0.626199
[18]	train-rmse:0.621505
[19]	train-rmse:0.617179
[20]	train-rmse:0.612607
[21]	train-rmse:0.608250
[22]	train-rmse:0.604405
[23]	train-rmse:0.600939
[24]	train-rmse:0.597544
[25]	train-rmse:0.594227
[26]	train-rmse:0.591200
[27]	train-rmse:0.588328
[28]	train-rmse:0.585608
[29]	train-rmse:0.582996
[30]	train-rmse:0.580705
[31]	train-rmse:0.578561
[32]	train-rmse:0.576397
[33]	train-rmse:0.574463
[34]	train-rmse:0.572486
[35]	train-rmse:0.570607
[36]	train-rmse:0.568828
[37]	train-rmse:0.567366
[38]	train-rmse:0.565762
[39]	train-rmse:0.564169
[40]	train-rmse:0.562661
[41]	train-rmse:0.561272
[42]	train-rmse:0.559829
[43]	train-rmse:0.558580
[44]	train-rmse:0.557367
[45]	train-rmse:0.556280
[46]	train-rmse:0.555054
[47]	train-rmse:0.553800
[48]	train-rmse:0.552607
[49]	train-rmse:0.551532
[50]	train-rmse:0.550499
[51]	train-rmse:0.549389
[52]	train-rmse:0.548377
[53]	train-rmse:0.547498
[54]	train-rmse:0.546420
[55]	train-rmse:0.545512
[56]	train-rmse:0.544680
[57]	train-rmse:0.543819
[58]	train-rmse:0.543039
[59]	train-rmse:0.542350
[60]	train-rmse:0.541479
[61]	train-rmse:0.540728
[62]	train-rmse:0.539888
[63]	train-rmse:0.539235
[64]	train-rmse:0.538546
[65]	train-rmse:0.537849
[66]	train-rmse:0.537060
[67]	train-rmse:0.536295
[68]	train-rmse:0.535644
[69]	train-rmse:0.534844
[70]	train-rmse:0.534204
[71]	train-rmse:0.533505
[72]	train-rmse:0.532830
[73]	train-rmse:0.532271
[74]	train-rmse:0.531701
[75]	train-rmse:0.531104
[76]	train-rmse:0.530617
[77]	train-rmse:0.529970
[78]	train-rmse:0.529445
[79]	train-rmse:0.528821
[80]	train-rmse:0.528235
[81]	train-rmse:0.527739
[82]	train-rmse:0.527331
[83]	train-rmse:0.526634
[84]	train-rmse:0.526066
[85]	train-rmse:0.525666
[86]	train-rmse:0.525163
[87]	train-rmse:0.524561
[88]	train-rmse:0.523983
[89]	train-rmse:0.523477
[90]	train-rmse:0.522994
[91]	train-rmse:0.522545
[92]	train-rmse:0.522114
[93]	train-rmse:0.521612
[94]	train-rmse:0.521103
[95]	train-rmse:0.520668
[96]	train-rmse:0.520182
[97]	train-rmse:0.519692
[98]	train-rmse:0.519219
[99]	train-rmse:0.518812
[100]	train-rmse:0.518464
[101]	train-rmse:0.517974
[102]	train-rmse:0.517412
[103]	train-rmse:0.517029
[104]	train-rmse:0.516654
[105]	train-rmse:0.516348
[106]	train-rmse:0.515966
[107]	train-rmse:0.515685
[108]	train-rmse:0.515373
[109]	train-rmse:0.514925
[110]	train-rmse:0.514593
[111]	train-rmse:0.514263
[112]	train-rmse:0.513966
[113]	train-rmse:0.513548
[114]	train-rmse:0.513194
[115]	train-rmse:0.512953
[116]	train-rmse:0.512629
[117]	train-rmse:0.512371
[118]	train-rmse:0.512102
[119]	train-rmse:0.511755
[120]	train-rmse:0.511486
[121]	train-rmse:0.511095
[122]	train-rmse:0.510770
[123]	train-rmse:0.510544
[124]	train-rmse:0.510292
[125]	train-rmse:0.509937
[126]	train-rmse:0.509539
[127]	train-rmse:0.509146
[128]	train-rmse:0.508822
[129]	train-rmse:0.508573
[130]	train-rmse:0.508330
[131]	train-rmse:0.508024
[132]	train-rmse:0.507662
[133]	train-rmse:0.507464
[134]	train-rmse:0.507239
[135]	train-rmse:0.506973
[136]	train-rmse:0.506752
[137]	train-rmse:0.506412
[138]	train-rmse:0.506126
[139]	train-rmse:0.505869
[140]	train-rmse:0.505611
[141]	train-rmse:0.505355
[142]	train-rmse:0.505151
[143]	train-rmse:0.504905
[144]	train-rmse:0.504620
[145]	train-rmse:0.504118
[146]	train-rmse:0.503831
[147]	train-rmse:0.503564
[148]	train-rmse:0.503383
[149]	train-rmse:0.503137
[150]	train-rmse:0.502883
[151]	train-rmse:0.502615
[152]	train-rmse:0.502438
[153]	train-rmse:0.502213
[154]	train-rmse:0.502050
[155]	train-rmse:0.501790
[156]	train-rmse:0.501555
[157]	train-rmse:0.501290
[158]	train-rmse:0.500983
[159]	train-rmse:0.500714
[160]	train-rmse:0.500449
[161]	train-rmse:0.500237
[162]	train-rmse:0.499933
[163]	train-rmse:0.499732
[164]	train-rmse:0.499581
[165]	train-rmse:0.499416
[166]	train-rmse:0.499182
[167]	train-rmse:0.498917
[168]	train-rmse:0.498547
[169]	train-rmse:0.498260
[170]	train-rmse:0.498091
[171]	train-rmse:0.497929
[172]	train-rmse:0.497711
[173]	train-rmse:0.497452
[174]	train-rmse:0.497180
[175]	train-rmse:0.497061
[176]	train-rmse:0.496808
[177]	train-rmse:0.496556
[178]	train-rmse:0.496300
[179]	train-rmse:0.495983
[180]	train-rmse:0.495691
[181]	train-rmse:0.495479
[182]	train-rmse:0.495249
[183]	train-rmse:0.494998
[184]	train-rmse:0.494868
[185]	train-rmse:0.494776
[186]	train-rmse:0.494600
[187]	train-rmse:0.494456
[188]	train-rmse:0.494183
[189]	train-rmse:0.493906
[190]	train-rmse:0.493688
[191]	train-rmse:0.493434
[192]	train-rmse:0.493254
[193]	train-rmse:0.493155
[194]	train-rmse:0.493009
[195]	train-rmse:0.492770
[196]	train-rmse:0.492638
[197]	train-rmse:0.492408
[198]	train-rmse:0.492197
[199]	train-rmse:0.492024
[200]	train-rmse:0.491878
[201]	train-rmse:0.491595
[202]	train-rmse:0.491256
[203]	train-rmse:0.491114
[204]	train-rmse:0.490968
[205]	train-rmse:0.490800
[206]	train-rmse:0.490637
[207]	train-rmse:0.490494
[208]	train-rmse:0.490236
[209]	train-rmse:0.490022
[210]	train-rmse:0.489845
[211]	train-rmse:0.489693
[212]	train-rmse:0.489431
[213]	train-rmse:0.489323
[214]	train-rmse:0.489165
[215]	train-rmse:0.488885
[216]	train-rmse:0.488693
[217]	train-rmse:0.488518
[218]	train-rmse:0.488368
[219]	train-rmse:0.488193
[220]	train-rmse:0.488032
[221]	train-rmse:0.487900
[222]	train-rmse:0.487715
[223]	train-rmse:0.487476
[224]	train-rmse:0.487286
[225]	train-rmse:0.487173
[226]	train-rmse:0.486987
[227]	train-rmse:0.486903
[228]	train-rmse:0.486818
[229]	train-rmse:0.486639
[230]	train-rmse:0.486544
[231]	train-rmse:0.486341
[232]	train-rmse:0.486140
[233]	train-rmse:0.485981
[234]	train-rmse:0.485826
[235]	train-rmse:0.485643
[236]	train-rmse:0.485423
[237]	train-rmse:0.485223
[238]	train-rmse:0.485009
[239]	train-rmse:0.484856
[240]	train-rmse:0.484702
[241]	train-rmse:0.484542
[242]	train-rmse:0.484262
[243]	train-rmse:0.484093
[244]	train-rmse:0.483903
[245]	train-rmse:0.483721
[246]	train-rmse:0.483441
[247]	train-rmse:0.483280
[248]	train-rmse:0.483099
[249]	train-rmse:0.482856
[250]	train-rmse:0.482709
[251]	train-rmse:0.482534
[252]	train-rmse:0.482379
[253]	train-rmse:0.482277
[254]	train-rmse:0.482082
[255]	train-rmse:0.482026
[256]	train-rmse:0.481806
[257]	train-rmse:0.481681
[258]	train-rmse:0.481486
[259]	train-rmse:0.481293
[260]	train-rmse:0.481146
[261]	train-rmse:0.480982
[262]	train-rmse:0.480828
[263]	train-rmse:0.480594
[264]	train-rmse:0.480419
[265]	train-rmse:0.480171
[266]	train-rmse:0.479975
[267]	train-rmse:0.479859
[268]	train-rmse:0.479758
[269]	train-rmse:0.479669
[270]	train-rmse:0.479608
[271]	train-rmse:0.479404
[272]	train-rmse:0.479319
[273]	train-rmse:0.479227
[274]	train-rmse:0.479030
[275]	train-rmse:0.478834
[276]	train-rmse:0.478697
[277]	train-rmse:0.478616
[278]	train-rmse:0.478476
[279]	train-rmse:0.478358
[280]	train-rmse:0.478236
[281]	train-rmse:0.478073
[282]	train-rmse:0.477915
[283]	train-rmse:0.477839
[284]	train-rmse:0.477726
[285]	train-rmse:0.477608
[286]	train-rmse:0.477475
[287]	train-rmse:0.477246
[288]	train-rmse:0.477181
[289]	train-rmse:0.476989
[290]	train-rmse:0.476870
[291]	train-rmse:0.476736
[292]	train-rmse:0.476559
[293]	train-rmse:0.476364
[294]	train-rmse:0.476168
[295]	train-rmse:0.476047
[296]	train-rmse:0.475863
[297]	train-rmse:0.475635
[298]	train-rmse:0.475516
[299]	train-rmse:0.475303
[300]	train-rmse:0.475153
[301]	train-rmse:0.474910
[302]	train-rmse:0.474768
[303]	train-rmse:0.474588
[304]	train-rmse:0.474419
[305]	train-rmse:0.474211
[306]	train-rmse:0.474112
[307]	train-rmse:0.473935
[308]	train-rmse:0.473671
[309]	train-rmse:0.473471
[310]	train-rmse:0.473355
[311]	train-rmse:0.473223
[312]	train-rmse:0.473017
[313]	train-rmse:0.472867
[314]	train-rmse:0.472657
[315]	train-rmse:0.472479
[316]	train-rmse:0.472331
[317]	train-rmse:0.472184
[318]	train-rmse:0.472069
[319]	train-rmse:0.471975
[320]	train-rmse:0.471754
[321]	train-rmse:0.471685
[322]	train-rmse:0.471520
[323]	train-rmse:0.471406
[324]	train-rmse:0.471344
[325]	train-rmse:0.471209
[326]	train-rmse:0.471129
[327]	train-rmse:0.471007
[328]	train-rmse:0.470857
[329]	train-rmse:0.470767
[330]	train-rmse:0.470661
[331]	train-rmse:0.470516
[332]	train-rmse:0.470332
[333]	train-rmse:0.470257
[334]	train-rmse:0.470055
[335]	train-rmse:0.469873
[336]	train-rmse:0.469736
[337]	train-rmse:0.469653
[338]	train-rmse:0.469512
[339]	train-rmse:0.469347
[340]	train-rmse:0.469248
[341]	train-rmse:0.469079
[342]	train-rmse:0.468954
[343]	train-rmse:0.468733
[344]	train-rmse:0.468594
[345]	train-rmse:0.468404
[346]	train-rmse:0.468229
[347]	train-rmse:0.468056
[348]	train-rmse:0.467970
[349]	train-rmse:0.467791
[350]	train-rmse:0.467600
[351]	train-rmse:0.467505
[352]	train-rmse:0.467286
[353]	train-rmse:0.467224
[354]	train-rmse:0.467058
[355]	train-rmse:0.466920
[356]	train-rmse:0.466721
[357]	train-rmse:0.466606
[358]	train-rmse:0.466513
[359]	train-rmse:0.466314
[360]	train-rmse:0.466220
[361]	train-rmse:0.466067
[362]	train-rmse:0.465929
[363]	train-rmse:0.465792
[364]	train-rmse:0.465614
[365]	train-rmse:0.465418
[366]	train-rmse:0.465311
[367]	train-rmse:0.465130
[368]	train-rmse:0.464980
[369]	train-rmse:0.464879
[370]	train-rmse:0.464805
[371]	train-rmse:0.464616
[372]	train-rmse:0.464446
[373]	train-rmse:0.464376
[374]	train-rmse:0.464190
[375]	train-rmse:0.464057
[376]	train-rmse:0.463860
[377]	train-rmse:0.463768
[378]	train-rmse:0.463598
[379]	train-rmse:0.463404
[380]	train-rmse:0.463223
[381]	train-rmse:0.463066
[382]	train-rmse:0.462960
[383]	train-rmse:0.462822
[384]	train-rmse:0.462648
[385]	train-rmse:0.462504
[386]	train-rmse:0.462345
[387]	train-rmse:0.462223
[388]	train-rmse:0.462095
[389]	train-rmse:0.461975
[390]	train-rmse:0.461783
[391]	train-rmse:0.461728
[392]	train-rmse:0.461502
[393]	train-rmse:0.461321
[394]	train-rmse:0.461205
[395]	train-rmse:0.461015
[396]	train-rmse:0.460751
[397]	train-rmse:0.460619
[398]	train-rmse:0.460405
[399]	train-rmse:0.460257
[0]	train-rmse:0.793209
[1]	train-rmse:0.776375
[2]	train-rmse:0.760828
[3]	train-rmse:0.746440
[4]	train-rmse:0.733180
[5]	train-rmse:0.720941
[6]	train-rmse:0.709646
[7]	train-rmse:0.699403
[8]	train-rmse:0.689711
[9]	train-rmse:0.680785
[10]	train-rmse:0.672536
[11]	train-rmse:0.664575
[12]	train-rmse:0.657360
[13]	train-rmse:0.650647
[14]	train-rmse:0.644548
[15]	train-rmse:0.638404
[16]	train-rmse:0.632883
[17]	train-rmse:0.627698
[18]	train-rmse:0.622864
[19]	train-rmse:0.618227
[20]	train-rmse:0.613726
[21]	train-rmse:0.609834
[22]	train-rmse:0.605905
[23]	train-rmse:0.602459
[24]	train-rmse:0.599197
[25]	train-rmse:0.596016
[26]	train-rmse:0.592970
[27]	train-rmse:0.590196
[28]	train-rmse:0.587598
[29]	train-rmse:0.585164
[30]	train-rmse:0.582842
[31]	train-rmse:0.580699
[32]	train-rmse:0.578391
[33]	train-rmse:0.576335
[34]	train-rmse:0.574096
[35]	train-rmse:0.572197
[36]	train-rmse:0.570549
[37]	train-rmse:0.568778
[38]	train-rmse:0.567113
[39]	train-rmse:0.565525
[40]	train-rmse:0.564010
[41]	train-rmse:0.562594
[42]	train-rmse:0.561179
[43]	train-rmse:0.559718
[44]	train-rmse:0.558279
[45]	train-rmse:0.556887
[46]	train-rmse:0.555462
[47]	train-rmse:0.554265
[48]	train-rmse:0.553036
[49]	train-rmse:0.551897
[50]	train-rmse:0.550808
[51]	train-rmse:0.549809
[52]	train-rmse:0.548721
[53]	train-rmse:0.547735
[54]	train-rmse:0.546838
[55]	train-rmse:0.546031
[56]	train-rmse:0.545142
[57]	train-rmse:0.544343
[58]	train-rmse:0.543429
[59]	train-rmse:0.542564
[60]	train-rmse:0.541768
[61]	train-rmse:0.540854
[62]	train-rmse:0.540199
[63]	train-rmse:0.539559
[64]	train-rmse:0.538799
[65]	train-rmse:0.538107
[66]	train-rmse:0.537412
[67]	train-rmse:0.536766
[68]	train-rmse:0.536164
[69]	train-rmse:0.535513
[70]	train-rmse:0.534897
[71]	train-rmse:0.534242
[72]	train-rmse:0.533643
[73]	train-rmse:0.533148
[74]	train-rmse:0.532632
[75]	train-rmse:0.532114
[76]	train-rmse:0.531564
[77]	train-rmse:0.530936
[78]	train-rmse:0.530325
[79]	train-rmse:0.529820
[80]	train-rmse:0.529257
[81]	train-rmse:0.528659
[82]	train-rmse:0.528089
[83]	train-rmse:0.527717
[84]	train-rmse:0.527296
[85]	train-rmse:0.526856
[86]	train-rmse:0.526394
[87]	train-rmse:0.526036
[88]	train-rmse:0.525534
[89]	train-rmse:0.525068
[90]	train-rmse:0.524536
[91]	train-rmse:0.524160
[92]	train-rmse:0.523464
[93]	train-rmse:0.523091
[94]	train-rmse:0.522383
[95]	train-rmse:0.521994
[96]	train-rmse:0.521639
[97]	train-rmse:0.521313
[98]	train-rmse:0.520849
[99]	train-rmse:0.520421
[100]	train-rmse:0.519947
[101]	train-rmse:0.519502
[102]	train-rmse:0.519098
[103]	train-rmse:0.518713
[104]	train-rmse:0.518464
[105]	train-rmse:0.518135
[106]	train-rmse:0.517777
[107]	train-rmse:0.517399
[108]	train-rmse:0.517029
[109]	train-rmse:0.516742
[110]	train-rmse:0.516508
[111]	train-rmse:0.516153
[112]	train-rmse:0.515792
[113]	train-rmse:0.515385
[114]	train-rmse:0.515005
[115]	train-rmse:0.514799
[116]	train-rmse:0.514522
[117]	train-rmse:0.514227
[118]	train-rmse:0.513928
[119]	train-rmse:0.513619
[120]	train-rmse:0.513230
[121]	train-rmse:0.512850
[122]	train-rmse:0.512507
[123]	train-rmse:0.512192
[124]	train-rmse:0.511912
[125]	train-rmse:0.511688
[126]	train-rmse:0.511287
[127]	train-rmse:0.510996
[128]	train-rmse:0.510470
[129]	train-rmse:0.510222
[130]	train-rmse:0.509891
[131]	train-rmse:0.509680
[132]	train-rmse:0.509356
[133]	train-rmse:0.509128
[134]	train-rmse:0.508794
[135]	train-rmse:0.508497
[136]	train-rmse:0.508294
[137]	train-rmse:0.508053
[138]	train-rmse:0.507723
[139]	train-rmse:0.507487
[140]	train-rmse:0.507182
[141]	train-rmse:0.506904
[142]	train-rmse:0.506562
[143]	train-rmse:0.506299
[144]	train-rmse:0.506007
[145]	train-rmse:0.505718
[146]	train-rmse:0.505420
[147]	train-rmse:0.505201
[148]	train-rmse:0.504905
[149]	train-rmse:0.504703
[150]	train-rmse:0.504342
[151]	train-rmse:0.504147
[152]	train-rmse:0.504026
[153]	train-rmse:0.503672
[154]	train-rmse:0.503382
[155]	train-rmse:0.503063
[156]	train-rmse:0.502824
[157]	train-rmse:0.502605
[158]	train-rmse:0.502404
[159]	train-rmse:0.502295
[160]	train-rmse:0.502027
[161]	train-rmse:0.501798
[162]	train-rmse:0.501520
[163]	train-rmse:0.501238
[164]	train-rmse:0.501036
[165]	train-rmse:0.500808
[166]	train-rmse:0.500560
[167]	train-rmse:0.500293
[168]	train-rmse:0.500049
[169]	train-rmse:0.499837
[170]	train-rmse:0.499602
[171]	train-rmse:0.499383
[172]	train-rmse:0.499210
[173]	train-rmse:0.499079
[174]	train-rmse:0.498850
[175]	train-rmse:0.498662
[176]	train-rmse:0.498458
[177]	train-rmse:0.498203
[178]	train-rmse:0.497945
[179]	train-rmse:0.497680
[180]	train-rmse:0.497510
[181]	train-rmse:0.497217
[182]	train-rmse:0.496990
[183]	train-rmse:0.496809
[184]	train-rmse:0.496672
[185]	train-rmse:0.496367
[186]	train-rmse:0.496085
[187]	train-rmse:0.495983
[188]	train-rmse:0.495783
[189]	train-rmse:0.495499
[190]	train-rmse:0.495233
[191]	train-rmse:0.494996
[192]	train-rmse:0.494827
[193]	train-rmse:0.494586
[194]	train-rmse:0.494453
[195]	train-rmse:0.494208
[196]	train-rmse:0.494116
[197]	train-rmse:0.493843
[198]	train-rmse:0.493718
[199]	train-rmse:0.493533
[200]	train-rmse:0.493235
[201]	train-rmse:0.492994
[202]	train-rmse:0.492832
[203]	train-rmse:0.492742
[204]	train-rmse:0.492556
[205]	train-rmse:0.492460
[206]	train-rmse:0.492400
[207]	train-rmse:0.492191
[208]	train-rmse:0.492045
[209]	train-rmse:0.491861
[210]	train-rmse:0.491633
[211]	train-rmse:0.491468
[212]	train-rmse:0.491349
[213]	train-rmse:0.491187
[214]	train-rmse:0.490932
[215]	train-rmse:0.490751
[216]	train-rmse:0.490590
[217]	train-rmse:0.490472
[218]	train-rmse:0.490302
[219]	train-rmse:0.490188
[220]	train-rmse:0.489990
[221]	train-rmse:0.489836
[222]	train-rmse:0.489620
[223]	train-rmse:0.489380
[224]	train-rmse:0.489194
[225]	train-rmse:0.488967
[226]	train-rmse:0.488749
[227]	train-rmse:0.488495
[228]	train-rmse:0.488314
[229]	train-rmse:0.488156
[230]	train-rmse:0.487979
[231]	train-rmse:0.487815
[232]	train-rmse:0.487666
[233]	train-rmse:0.487433
[234]	train-rmse:0.487224
[235]	train-rmse:0.487034
[236]	train-rmse:0.486774
[237]	train-rmse:0.486564
[238]	train-rmse:0.486383
[239]	train-rmse:0.486174
[240]	train-rmse:0.486007
[241]	train-rmse:0.485803
[242]	train-rmse:0.485642
[243]	train-rmse:0.485418
[244]	train-rmse:0.485236
[245]	train-rmse:0.485087
[246]	train-rmse:0.484911
[247]	train-rmse:0.484724
[248]	train-rmse:0.484501
[249]	train-rmse:0.484266
[250]	train-rmse:0.484189
[251]	train-rmse:0.484104
[252]	train-rmse:0.483965
[253]	train-rmse:0.483766
[254]	train-rmse:0.483652
[255]	train-rmse:0.483422
[256]	train-rmse:0.483279
[257]	train-rmse:0.483065
[258]	train-rmse:0.482939
[259]	train-rmse:0.482771
[260]	train-rmse:0.482639
[261]	train-rmse:0.482467
[262]	train-rmse:0.482399
[263]	train-rmse:0.482261
[264]	train-rmse:0.482187
[265]	train-rmse:0.481997
[266]	train-rmse:0.481808
[267]	train-rmse:0.481648
[268]	train-rmse:0.481466
[269]	train-rmse:0.481244
[270]	train-rmse:0.481078
[271]	train-rmse:0.481013
[272]	train-rmse:0.480883
[273]	train-rmse:0.480735
[274]	train-rmse:0.480476
[275]	train-rmse:0.480280
[276]	train-rmse:0.480120
[277]	train-rmse:0.479962
[278]	train-rmse:0.479806
[279]	train-rmse:0.479610
[280]	train-rmse:0.479375
[281]	train-rmse:0.479271
[282]	train-rmse:0.479006
[283]	train-rmse:0.478828
[284]	train-rmse:0.478705
[285]	train-rmse:0.478575
[286]	train-rmse:0.478370
[287]	train-rmse:0.478248
[288]	train-rmse:0.478015
[289]	train-rmse:0.477958
[290]	train-rmse:0.477748
[291]	train-rmse:0.477524
[292]	train-rmse:0.477363
[293]	train-rmse:0.477199
[294]	train-rmse:0.477036
[295]	train-rmse:0.476848
[296]	train-rmse:0.476658
[297]	train-rmse:0.476548
[298]	train-rmse:0.476391
[299]	train-rmse:0.476243
[300]	train-rmse:0.476089
[301]	train-rmse:0.475925
[302]	train-rmse:0.475726
[303]	train-rmse:0.475540
[304]	train-rmse:0.475361
[305]	train-rmse:0.475231
[306]	train-rmse:0.475089
[307]	train-rmse:0.474990
[308]	train-rmse:0.474753
[309]	train-rmse:0.474602
[310]	train-rmse:0.474505
[311]	train-rmse:0.474387
[312]	train-rmse:0.474262
[313]	train-rmse:0.474112
[314]	train-rmse:0.473952
[315]	train-rmse:0.473905
[316]	train-rmse:0.473853
[317]	train-rmse:0.473662
[318]	train-rmse:0.473531
[319]	train-rmse:0.473411
[320]	train-rmse:0.473189
[321]	train-rmse:0.472973
[322]	train-rmse:0.472843
[323]	train-rmse:0.472748
[324]	train-rmse:0.472658
[325]	train-rmse:0.472533
[326]	train-rmse:0.472445
[327]	train-rmse:0.472404
[328]	train-rmse:0.472295
[329]	train-rmse:0.472101
[330]	train-rmse:0.471905
[331]	train-rmse:0.471697
[332]	train-rmse:0.471516
[333]	train-rmse:0.471388
[334]	train-rmse:0.471276
[335]	train-rmse:0.471090
[336]	train-rmse:0.470940
[337]	train-rmse:0.470775
[338]	train-rmse:0.470646
[339]	train-rmse:0.470389
[340]	train-rmse:0.470202
[341]	train-rmse:0.470031
[342]	train-rmse:0.469878
[343]	train-rmse:0.469715
[344]	train-rmse:0.469516
[345]	train-rmse:0.469358
[346]	train-rmse:0.469225
[347]	train-rmse:0.469100
[348]	train-rmse:0.468918
[349]	train-rmse:0.468767
[350]	train-rmse:0.468641
[351]	train-rmse:0.468456
[352]	train-rmse:0.468379
[353]	train-rmse:0.468193
[354]	train-rmse:0.468107
[355]	train-rmse:0.467911
[356]	train-rmse:0.467783
[357]	train-rmse:0.467609
[358]	train-rmse:0.467450
[359]	train-rmse:0.467322
[360]	train-rmse:0.467145
[361]	train-rmse:0.466936
[362]	train-rmse:0.466761
[363]	train-rmse:0.466617
[364]	train-rmse:0.466447
[365]	train-rmse:0.466215
[366]	train-rmse:0.465960
[367]	train-rmse:0.465816
[368]	train-rmse:0.465658
[369]	train-rmse:0.465511
[370]	train-rmse:0.465278
[371]	train-rmse:0.465144
[372]	train-rmse:0.464954
[373]	train-rmse:0.464752
[374]	train-rmse:0.464567
[375]	train-rmse:0.464440
[376]	train-rmse:0.464317
[377]	train-rmse:0.464214
[378]	train-rmse:0.464074
[379]	train-rmse:0.463948
[380]	train-rmse:0.463860
[381]	train-rmse:0.463812
[382]	train-rmse:0.463623
[383]	train-rmse:0.463539
[384]	train-rmse:0.463438
[385]	train-rmse:0.463330
[386]	train-rmse:0.463152
[387]	train-rmse:0.462976
[388]	train-rmse:0.462815
[389]	train-rmse:0.462664
[390]	train-rmse:0.462559
[391]	train-rmse:0.462423
[392]	train-rmse:0.462366
[393]	train-rmse:0.462239
[394]	train-rmse:0.462064
[395]	train-rmse:0.461908
[396]	train-rmse:0.461736
[397]	train-rmse:0.461624
[398]	train-rmse:0.461490
[399]	train-rmse:0.461280
[0]	train-rmse:0.795200
[1]	train-rmse:0.778069
[2]	train-rmse:0.762280
[3]	train-rmse:0.747824
[4]	train-rmse:0.734561
[5]	train-rmse:0.722139
[6]	train-rmse:0.710945
[7]	train-rmse:0.700455
[8]	train-rmse:0.690517
[9]	train-rmse:0.681483
[10]	train-rmse:0.673060
[11]	train-rmse:0.665268
[12]	train-rmse:0.657989
[13]	train-rmse:0.651205
[14]	train-rmse:0.645024
[15]	train-rmse:0.639067
[16]	train-rmse:0.633553
[17]	train-rmse:0.628144
[18]	train-rmse:0.623264
[19]	train-rmse:0.618846
[20]	train-rmse:0.614177
[21]	train-rmse:0.610381
[22]	train-rmse:0.606356
[23]	train-rmse:0.602796
[24]	train-rmse:0.599574
[25]	train-rmse:0.596484
[26]	train-rmse:0.593176
[27]	train-rmse:0.590493
[28]	train-rmse:0.587784
[29]	train-rmse:0.585221
[30]	train-rmse:0.582890
[31]	train-rmse:0.580638
[32]	train-rmse:0.578528
[33]	train-rmse:0.576395
[34]	train-rmse:0.574371
[35]	train-rmse:0.572603
[36]	train-rmse:0.570722
[37]	train-rmse:0.569221
[38]	train-rmse:0.567399
[39]	train-rmse:0.565812
[40]	train-rmse:0.564359
[41]	train-rmse:0.562980
[42]	train-rmse:0.561450
[43]	train-rmse:0.559996
[44]	train-rmse:0.558668
[45]	train-rmse:0.557458
[46]	train-rmse:0.556204
[47]	train-rmse:0.554956
[48]	train-rmse:0.553698
[49]	train-rmse:0.552487
[50]	train-rmse:0.551323
[51]	train-rmse:0.550175
[52]	train-rmse:0.549150
[53]	train-rmse:0.548232
[54]	train-rmse:0.547279
[55]	train-rmse:0.546368
[56]	train-rmse:0.545495
[57]	train-rmse:0.544602
[58]	train-rmse:0.543785
[59]	train-rmse:0.542945
[60]	train-rmse:0.542156
[61]	train-rmse:0.541394
[62]	train-rmse:0.540635
[63]	train-rmse:0.539888
[64]	train-rmse:0.539188
[65]	train-rmse:0.538483
[66]	train-rmse:0.537735
[67]	train-rmse:0.537068
[68]	train-rmse:0.536274
[69]	train-rmse:0.535637
[70]	train-rmse:0.535108
[71]	train-rmse:0.534484
[72]	train-rmse:0.533844
[73]	train-rmse:0.533238
[74]	train-rmse:0.532715
[75]	train-rmse:0.532118
[76]	train-rmse:0.531514
[77]	train-rmse:0.530998
[78]	train-rmse:0.530406
[79]	train-rmse:0.529926
[80]	train-rmse:0.529425
[81]	train-rmse:0.528866
[82]	train-rmse:0.528353
[83]	train-rmse:0.527740
[84]	train-rmse:0.526970
[85]	train-rmse:0.526448
[86]	train-rmse:0.526008
[87]	train-rmse:0.525587
[88]	train-rmse:0.525215
[89]	train-rmse:0.524616
[90]	train-rmse:0.524117
[91]	train-rmse:0.523709
[92]	train-rmse:0.523247
[93]	train-rmse:0.522786
[94]	train-rmse:0.522249
[95]	train-rmse:0.521731
[96]	train-rmse:0.521415
[97]	train-rmse:0.520987
[98]	train-rmse:0.520661
[99]	train-rmse:0.520208
[100]	train-rmse:0.519636
[101]	train-rmse:0.519168
[102]	train-rmse:0.518882
[103]	train-rmse:0.518476
[104]	train-rmse:0.518162
[105]	train-rmse:0.517765
[106]	train-rmse:0.517402
[107]	train-rmse:0.517104
[108]	train-rmse:0.516665
[109]	train-rmse:0.516069
[110]	train-rmse:0.515609
[111]	train-rmse:0.515249
[112]	train-rmse:0.514870
[113]	train-rmse:0.514550
[114]	train-rmse:0.514229
[115]	train-rmse:0.513831
[116]	train-rmse:0.513529
[117]	train-rmse:0.513307
[118]	train-rmse:0.513050
[119]	train-rmse:0.512801
[120]	train-rmse:0.512484
[121]	train-rmse:0.512172
[122]	train-rmse:0.511829
[123]	train-rmse:0.511545
[124]	train-rmse:0.511305
[125]	train-rmse:0.511011
[126]	train-rmse:0.510815
[127]	train-rmse:0.510629
[128]	train-rmse:0.510316
[129]	train-rmse:0.510036
[130]	train-rmse:0.509743
[131]	train-rmse:0.509545
[132]	train-rmse:0.509270
[133]	train-rmse:0.509069
[134]	train-rmse:0.508897
[135]	train-rmse:0.508681
[136]	train-rmse:0.508349
[137]	train-rmse:0.508043
[138]	train-rmse:0.507683
[139]	train-rmse:0.507397
[140]	train-rmse:0.507179
[141]	train-rmse:0.506999
[142]	train-rmse:0.506580
[143]	train-rmse:0.506372
[144]	train-rmse:0.506084
[145]	train-rmse:0.505800
[146]	train-rmse:0.505643
[147]	train-rmse:0.505326
[148]	train-rmse:0.505143
[149]	train-rmse:0.504869
[150]	train-rmse:0.504657
[151]	train-rmse:0.504354
[152]	train-rmse:0.504004
[153]	train-rmse:0.503740
[154]	train-rmse:0.503403
[155]	train-rmse:0.502937
[156]	train-rmse:0.502626
[157]	train-rmse:0.502401
[158]	train-rmse:0.502112
[159]	train-rmse:0.501952
[160]	train-rmse:0.501708
[161]	train-rmse:0.501439
[162]	train-rmse:0.501203
[163]	train-rmse:0.501001
[164]	train-rmse:0.500818
[165]	train-rmse:0.500606
[166]	train-rmse:0.500361
[167]	train-rmse:0.500189
[168]	train-rmse:0.499944
[169]	train-rmse:0.499799
[170]	train-rmse:0.499530
[171]	train-rmse:0.499378
[172]	train-rmse:0.499220
[173]	train-rmse:0.498984
[174]	train-rmse:0.498762
[175]	train-rmse:0.498650
[176]	train-rmse:0.498416
[177]	train-rmse:0.498136
[178]	train-rmse:0.497969
[179]	train-rmse:0.497749
[180]	train-rmse:0.497539
[181]	train-rmse:0.497379
[182]	train-rmse:0.497091
[183]	train-rmse:0.496902
[184]	train-rmse:0.496722
[185]	train-rmse:0.496558
[186]	train-rmse:0.496413
[187]	train-rmse:0.496254
[188]	train-rmse:0.496127
[189]	train-rmse:0.496055
[190]	train-rmse:0.495804
[191]	train-rmse:0.495681
[192]	train-rmse:0.495516
[193]	train-rmse:0.495282
[194]	train-rmse:0.495083
[195]	train-rmse:0.494885
[196]	train-rmse:0.494660
[197]	train-rmse:0.494409
[198]	train-rmse:0.494110
[199]	train-rmse:0.493918
[200]	train-rmse:0.493745
[201]	train-rmse:0.493478
[202]	train-rmse:0.493251
[203]	train-rmse:0.493070
[204]	train-rmse:0.492929
[205]	train-rmse:0.492818
[206]	train-rmse:0.492698
[207]	train-rmse:0.492520
[208]	train-rmse:0.492277
[209]	train-rmse:0.492050
[210]	train-rmse:0.491882
[211]	train-rmse:0.491664
[212]	train-rmse:0.491482
[213]	train-rmse:0.491337
[214]	train-rmse:0.491119
[215]	train-rmse:0.490970
[216]	train-rmse:0.490771
[217]	train-rmse:0.490570
[218]	train-rmse:0.490423
[219]	train-rmse:0.490315
[220]	train-rmse:0.490105
[221]	train-rmse:0.489926
[222]	train-rmse:0.489743
[223]	train-rmse:0.489490
[224]	train-rmse:0.489329
[225]	train-rmse:0.489167
[226]	train-rmse:0.488936
[227]	train-rmse:0.488823
[228]	train-rmse:0.488731
[229]	train-rmse:0.488606
[230]	train-rmse:0.488466
[231]	train-rmse:0.488345
[232]	train-rmse:0.488150
[233]	train-rmse:0.487985
[234]	train-rmse:0.487835
[235]	train-rmse:0.487680
[236]	train-rmse:0.487601
[237]	train-rmse:0.487404
[238]	train-rmse:0.487197
[239]	train-rmse:0.487028
[240]	train-rmse:0.486818
[241]	train-rmse:0.486692
[242]	train-rmse:0.486506
[243]	train-rmse:0.486350
[244]	train-rmse:0.486210
[245]	train-rmse:0.485883
[246]	train-rmse:0.485786
[247]	train-rmse:0.485599
[248]	train-rmse:0.485508
[249]	train-rmse:0.485342
[250]	train-rmse:0.485161
[251]	train-rmse:0.485060
[252]	train-rmse:0.484896
[253]	train-rmse:0.484761
[254]	train-rmse:0.484630
[255]	train-rmse:0.484424
[256]	train-rmse:0.484190
[257]	train-rmse:0.484087
[258]	train-rmse:0.483923
[259]	train-rmse:0.483747
[260]	train-rmse:0.483542
[261]	train-rmse:0.483409
[262]	train-rmse:0.483108
[263]	train-rmse:0.482856
[264]	train-rmse:0.482726
[265]	train-rmse:0.482594
[266]	train-rmse:0.482497
[267]	train-rmse:0.482392
[268]	train-rmse:0.482206
[269]	train-rmse:0.481984
[270]	train-rmse:0.481763
[271]	train-rmse:0.481523
[272]	train-rmse:0.481433
[273]	train-rmse:0.481336
[274]	train-rmse:0.481229
[275]	train-rmse:0.481016
[276]	train-rmse:0.480911
[277]	train-rmse:0.480812
[278]	train-rmse:0.480645
[279]	train-rmse:0.480587
[280]	train-rmse:0.480360
[281]	train-rmse:0.480169
[282]	train-rmse:0.479897
[283]	train-rmse:0.479703
[284]	train-rmse:0.479572
[285]	train-rmse:0.479349
[286]	train-rmse:0.479116
[287]	train-rmse:0.478933
[288]	train-rmse:0.478821
[289]	train-rmse:0.478672
[290]	train-rmse:0.478474
[291]	train-rmse:0.478363
[292]	train-rmse:0.478306
[293]	train-rmse:0.478081
[294]	train-rmse:0.477981
[295]	train-rmse:0.477742
[296]	train-rmse:0.477577
[297]	train-rmse:0.477417
[298]	train-rmse:0.477196
[299]	train-rmse:0.476977
[300]	train-rmse:0.476839
[301]	train-rmse:0.476705
[302]	train-rmse:0.476566
[303]	train-rmse:0.476490
[304]	train-rmse:0.476366
[305]	train-rmse:0.476293
[306]	train-rmse:0.476099
[307]	train-rmse:0.475920
[308]	train-rmse:0.475681
[309]	train-rmse:0.475509
[310]	train-rmse:0.475275
[311]	train-rmse:0.475049
[312]	train-rmse:0.474868
[313]	train-rmse:0.474745
[314]	train-rmse:0.474646
[315]	train-rmse:0.474503
[316]	train-rmse:0.474311
[317]	train-rmse:0.474109
[318]	train-rmse:0.473962
[319]	train-rmse:0.473855
[320]	train-rmse:0.473679
[321]	train-rmse:0.473448
[322]	train-rmse:0.473318
[323]	train-rmse:0.473233
[324]	train-rmse:0.473189
[325]	train-rmse:0.472961
[326]	train-rmse:0.472811
[327]	train-rmse:0.472592
[328]	train-rmse:0.472398
[329]	train-rmse:0.472266
[330]	train-rmse:0.472149
[331]	train-rmse:0.472012
[332]	train-rmse:0.471913
[333]	train-rmse:0.471833
[334]	train-rmse:0.471711
[335]	train-rmse:0.471536
[336]	train-rmse:0.471426
[337]	train-rmse:0.471186
[338]	train-rmse:0.471044
[339]	train-rmse:0.470844
[340]	train-rmse:0.470753
[341]	train-rmse:0.470610
[342]	train-rmse:0.470478
[343]	train-rmse:0.470320
[344]	train-rmse:0.470226
[345]	train-rmse:0.470139
[346]	train-rmse:0.469998
[347]	train-rmse:0.469796
[348]	train-rmse:0.469623
[349]	train-rmse:0.469336
[350]	train-rmse:0.469083
[351]	train-rmse:0.468880
[352]	train-rmse:0.468781
[353]	train-rmse:0.468677
[354]	train-rmse:0.468495
[355]	train-rmse:0.468360
[356]	train-rmse:0.468225
[357]	train-rmse:0.468174
[358]	train-rmse:0.468093
[359]	train-rmse:0.467920
[360]	train-rmse:0.467722
[361]	train-rmse:0.467624
[362]	train-rmse:0.467541
[363]	train-rmse:0.467377
[364]	train-rmse:0.467255
[365]	train-rmse:0.467124
[366]	train-rmse:0.466933
[367]	train-rmse:0.466847
[368]	train-rmse:0.466751
[369]	train-rmse:0.466520
[370]	train-rmse:0.466341
[371]	train-rmse:0.466146
[372]	train-rmse:0.465990
[373]	train-rmse:0.465866
[374]	train-rmse:0.465709
[375]	train-rmse:0.465575
[376]	train-rmse:0.465412
[377]	train-rmse:0.465276
[378]	train-rmse:0.465169
[379]	train-rmse:0.465033
[380]	train-rmse:0.464869
[381]	train-rmse:0.464708
[382]	train-rmse:0.464592
[383]	train-rmse:0.464472
[384]	train-rmse:0.464346
[385]	train-rmse:0.464251
[386]	train-rmse:0.464111
[387]	train-rmse:0.463902
[388]	train-rmse:0.463797
[389]	train-rmse:0.463654
[390]	train-rmse:0.463533
[391]	train-rmse:0.463312
[392]	train-rmse:0.463194
[393]	train-rmse:0.463004
[394]	train-rmse:0.462887
[395]	train-rmse:0.462759
[396]	train-rmse:0.462554
[397]	train-rmse:0.462407
[398]	train-rmse:0.462281
[399]	train-rmse:0.462059
[Tune-y] 5: mae.test.mean=1.15e+03; time: 39.0 min; memory: 202Mb use, 655Mb max
           used  (Mb) gc trigger  (Mb) max used  (Mb)
Ncells  1388130  74.2    2637877 140.9  1770749  94.6
Vcells 16126413 123.1   47048107 359.0 73490435 560.7
Job time in seconds: 2341
Error in unserialize(node$con) : error reading from connection
Calls: <Anonymous> ... doTryCatch -> recvData -> recvData.SOCKnode -> unserialize
Execution halted
