[Tune-x] 3: max_depth=7; min_child_weight=0; eta=0.0882; colsample_bytree=0.939; subsample=0.813
[0]	train-rmse:0.781304
[1]	train-rmse:0.756180
[2]	train-rmse:0.734263
[3]	train-rmse:0.715452
[4]	train-rmse:0.698935
[5]	train-rmse:0.684436
[6]	train-rmse:0.671522
[7]	train-rmse:0.659717
[8]	train-rmse:0.649731
[9]	train-rmse:0.640968
[10]	train-rmse:0.632698
[11]	train-rmse:0.625018
[12]	train-rmse:0.618693
[13]	train-rmse:0.612848
[14]	train-rmse:0.607091
[15]	train-rmse:0.602466
[16]	train-rmse:0.598288
[17]	train-rmse:0.594043
[18]	train-rmse:0.590275
[19]	train-rmse:0.586988
[20]	train-rmse:0.583522
[21]	train-rmse:0.580642
[22]	train-rmse:0.577979
[23]	train-rmse:0.575398
[24]	train-rmse:0.572751
[25]	train-rmse:0.570312
[26]	train-rmse:0.568389
[27]	train-rmse:0.566259
[28]	train-rmse:0.564516
[29]	train-rmse:0.562591
[30]	train-rmse:0.560955
[31]	train-rmse:0.559437
[32]	train-rmse:0.557936
[33]	train-rmse:0.556428
[34]	train-rmse:0.555100
[35]	train-rmse:0.553960
[36]	train-rmse:0.552827
[37]	train-rmse:0.551665
[38]	train-rmse:0.550560
[39]	train-rmse:0.549503
[40]	train-rmse:0.548462
[41]	train-rmse:0.547349
[42]	train-rmse:0.546351
[43]	train-rmse:0.545535
[44]	train-rmse:0.544687
[45]	train-rmse:0.543825
[46]	train-rmse:0.542891
[47]	train-rmse:0.541865
[48]	train-rmse:0.541237
[49]	train-rmse:0.540269
[50]	train-rmse:0.539520
[51]	train-rmse:0.538973
[52]	train-rmse:0.538262
[53]	train-rmse:0.537545
[54]	train-rmse:0.536920
[55]	train-rmse:0.535825
[56]	train-rmse:0.535171
[57]	train-rmse:0.534566
[58]	train-rmse:0.534007
[59]	train-rmse:0.533345
[60]	train-rmse:0.532879
[61]	train-rmse:0.532353
[62]	train-rmse:0.531822
[63]	train-rmse:0.531191
[64]	train-rmse:0.530473
[65]	train-rmse:0.529983
[66]	train-rmse:0.529508
[67]	train-rmse:0.528877
[68]	train-rmse:0.528376
[69]	train-rmse:0.527871
[70]	train-rmse:0.527379
[71]	train-rmse:0.526650
[72]	train-rmse:0.526118
[73]	train-rmse:0.525708
[74]	train-rmse:0.525171
[75]	train-rmse:0.524700
[76]	train-rmse:0.524296
[77]	train-rmse:0.523680
[78]	train-rmse:0.523304
[79]	train-rmse:0.522882
[80]	train-rmse:0.522486
[81]	train-rmse:0.522110
[82]	train-rmse:0.521811
[83]	train-rmse:0.521401
[84]	train-rmse:0.520991
[85]	train-rmse:0.520639
[86]	train-rmse:0.520270
[87]	train-rmse:0.519909
[88]	train-rmse:0.519617
[89]	train-rmse:0.519255
[90]	train-rmse:0.518927
[91]	train-rmse:0.518552
[92]	train-rmse:0.518242
[93]	train-rmse:0.517946
[94]	train-rmse:0.517532
[95]	train-rmse:0.517141
[96]	train-rmse:0.516847
[97]	train-rmse:0.516509
[98]	train-rmse:0.516296
[99]	train-rmse:0.516004
[100]	train-rmse:0.515772
[101]	train-rmse:0.515499
[102]	train-rmse:0.515230
[103]	train-rmse:0.514846
[104]	train-rmse:0.514486
[105]	train-rmse:0.514259
[106]	train-rmse:0.513928
[107]	train-rmse:0.513613
[108]	train-rmse:0.513365
[109]	train-rmse:0.513058
[110]	train-rmse:0.512752
[111]	train-rmse:0.512458
[112]	train-rmse:0.511902
[113]	train-rmse:0.511602
[114]	train-rmse:0.511426
[115]	train-rmse:0.511140
[116]	train-rmse:0.510921
[117]	train-rmse:0.510605
[118]	train-rmse:0.510389
[119]	train-rmse:0.510061
[120]	train-rmse:0.509747
[121]	train-rmse:0.509413
[122]	train-rmse:0.509050
[123]	train-rmse:0.508836
[124]	train-rmse:0.508708
[125]	train-rmse:0.508521
[126]	train-rmse:0.508264
[127]	train-rmse:0.508031
[128]	train-rmse:0.507753
[129]	train-rmse:0.507495
[130]	train-rmse:0.507250
[131]	train-rmse:0.507035
[132]	train-rmse:0.506694
[133]	train-rmse:0.506397
[134]	train-rmse:0.506121
[135]	train-rmse:0.505941
[136]	train-rmse:0.505719
[137]	train-rmse:0.505501
[138]	train-rmse:0.505290
[139]	train-rmse:0.505117
[140]	train-rmse:0.504950
[141]	train-rmse:0.504519
[142]	train-rmse:0.504277
[143]	train-rmse:0.504030
[144]	train-rmse:0.503771
[145]	train-rmse:0.503618
[146]	train-rmse:0.503307
[147]	train-rmse:0.503065
[148]	train-rmse:0.502857
[149]	train-rmse:0.502755
[150]	train-rmse:0.502534
[151]	train-rmse:0.502354
[152]	train-rmse:0.502102
[153]	train-rmse:0.501829
[154]	train-rmse:0.501467
[155]	train-rmse:0.501218
[156]	train-rmse:0.500969
[157]	train-rmse:0.500851
[158]	train-rmse:0.500707
[159]	train-rmse:0.500471
[160]	train-rmse:0.500241
[161]	train-rmse:0.500071
[162]	train-rmse:0.499874
[163]	train-rmse:0.499641
[164]	train-rmse:0.499408
[165]	train-rmse:0.499157
[166]	train-rmse:0.498968
[167]	train-rmse:0.498741
[168]	train-rmse:0.498530
[169]	train-rmse:0.498428
[170]	train-rmse:0.498134
[171]	train-rmse:0.497810
[172]	train-rmse:0.497653
[173]	train-rmse:0.497450
[174]	train-rmse:0.497206
[175]	train-rmse:0.496989
[176]	train-rmse:0.496722
[177]	train-rmse:0.496480
[178]	train-rmse:0.496357
[179]	train-rmse:0.496170
[180]	train-rmse:0.495961
[181]	train-rmse:0.495799
[182]	train-rmse:0.495631
[183]	train-rmse:0.495433
[184]	train-rmse:0.495311
[185]	train-rmse:0.495124
[186]	train-rmse:0.495034
[187]	train-rmse:0.494910
[188]	train-rmse:0.494685
[189]	train-rmse:0.494525
[190]	train-rmse:0.494393
[191]	train-rmse:0.494137
[192]	train-rmse:0.493926
[193]	train-rmse:0.493673
[194]	train-rmse:0.493543
[195]	train-rmse:0.493283
[196]	train-rmse:0.493214
[197]	train-rmse:0.492968
[198]	train-rmse:0.492782
[199]	train-rmse:0.492643
[200]	train-rmse:0.492400
[201]	train-rmse:0.492238
[202]	train-rmse:0.492026
[203]	train-rmse:0.491935
[204]	train-rmse:0.491653
[205]	train-rmse:0.491483
[206]	train-rmse:0.491329
[207]	train-rmse:0.491221
[208]	train-rmse:0.490970
[209]	train-rmse:0.490802
[210]	train-rmse:0.490555
[211]	train-rmse:0.490495
[212]	train-rmse:0.490261
[213]	train-rmse:0.490043
[214]	train-rmse:0.489940
[215]	train-rmse:0.489802
[216]	train-rmse:0.489579
[217]	train-rmse:0.489452
[218]	train-rmse:0.489222
[219]	train-rmse:0.489033
[220]	train-rmse:0.488756
[221]	train-rmse:0.488514
[222]	train-rmse:0.488387
[223]	train-rmse:0.488295
[224]	train-rmse:0.488114
[225]	train-rmse:0.487879
[226]	train-rmse:0.487770
[227]	train-rmse:0.487603
[228]	train-rmse:0.487475
[229]	train-rmse:0.487326
[230]	train-rmse:0.487204
[231]	train-rmse:0.487087
[232]	train-rmse:0.486853
[233]	train-rmse:0.486612
[234]	train-rmse:0.486477
[235]	train-rmse:0.486267
[236]	train-rmse:0.486129
[237]	train-rmse:0.485897
[238]	train-rmse:0.485708
[239]	train-rmse:0.485511
[240]	train-rmse:0.485266
[241]	train-rmse:0.485072
[242]	train-rmse:0.484894
[243]	train-rmse:0.484791
[244]	train-rmse:0.484571
[245]	train-rmse:0.484463
[246]	train-rmse:0.484375
[247]	train-rmse:0.484183
[248]	train-rmse:0.484084
[249]	train-rmse:0.483939
[250]	train-rmse:0.483775
[251]	train-rmse:0.483703
[252]	train-rmse:0.483568
[253]	train-rmse:0.483384
[254]	train-rmse:0.483156
[255]	train-rmse:0.482997
[256]	train-rmse:0.482829
[257]	train-rmse:0.482616
[258]	train-rmse:0.482515
[259]	train-rmse:0.482336
[260]	train-rmse:0.482122
[261]	train-rmse:0.481984
[262]	train-rmse:0.481842
[263]	train-rmse:0.481787
[264]	train-rmse:0.481556
[265]	train-rmse:0.481431
[266]	train-rmse:0.481291
[267]	train-rmse:0.481216
[268]	train-rmse:0.480922
[269]	train-rmse:0.480778
[270]	train-rmse:0.480597
[271]	train-rmse:0.480396
[272]	train-rmse:0.480235
[273]	train-rmse:0.480126
[274]	train-rmse:0.479967
[275]	train-rmse:0.479786
[276]	train-rmse:0.479689
[277]	train-rmse:0.479504
[278]	train-rmse:0.479325
[279]	train-rmse:0.479139
[280]	train-rmse:0.478930
[281]	train-rmse:0.478830
[282]	train-rmse:0.478707
[283]	train-rmse:0.478492
[284]	train-rmse:0.478347
[285]	train-rmse:0.478154
[286]	train-rmse:0.478076
[287]	train-rmse:0.477933
[288]	train-rmse:0.477750
[289]	train-rmse:0.477580
[290]	train-rmse:0.477480
[291]	train-rmse:0.477308
[292]	train-rmse:0.477042
[293]	train-rmse:0.476904
[294]	train-rmse:0.476652
[295]	train-rmse:0.476508
[296]	train-rmse:0.476367
[297]	train-rmse:0.476155
[298]	train-rmse:0.476087
[299]	train-rmse:0.475972
[300]	train-rmse:0.475897
[301]	train-rmse:0.475807
[302]	train-rmse:0.475666
[303]	train-rmse:0.475499
[304]	train-rmse:0.475383
[305]	train-rmse:0.475276
[306]	train-rmse:0.475049
[307]	train-rmse:0.474861
[308]	train-rmse:0.474768
[309]	train-rmse:0.474664
[310]	train-rmse:0.474481
[311]	train-rmse:0.474347
[312]	train-rmse:0.474145
[313]	train-rmse:0.474016
[314]	train-rmse:0.473900
[315]	train-rmse:0.473764
[316]	train-rmse:0.473662
[317]	train-rmse:0.473481
[318]	train-rmse:0.473330
[319]	train-rmse:0.473133
[320]	train-rmse:0.472994
[321]	train-rmse:0.472807
[322]	train-rmse:0.472574
[323]	train-rmse:0.472393
[324]	train-rmse:0.472306
[325]	train-rmse:0.472187
[326]	train-rmse:0.472034
[327]	train-rmse:0.471879
[328]	train-rmse:0.471805
[329]	train-rmse:0.471678
[330]	train-rmse:0.471561
[331]	train-rmse:0.471446
[332]	train-rmse:0.471326
[333]	train-rmse:0.471167
[334]	train-rmse:0.470932
[335]	train-rmse:0.470747
[336]	train-rmse:0.470632
[337]	train-rmse:0.470429
[338]	train-rmse:0.470253
[339]	train-rmse:0.470119
[340]	train-rmse:0.470024
[341]	train-rmse:0.469963
[342]	train-rmse:0.469884
[343]	train-rmse:0.469704
[344]	train-rmse:0.469563
[345]	train-rmse:0.469446
[346]	train-rmse:0.469293
[347]	train-rmse:0.469119
[348]	train-rmse:0.468960
[349]	train-rmse:0.468825
[350]	train-rmse:0.468678
[351]	train-rmse:0.468568
[352]	train-rmse:0.468401
[353]	train-rmse:0.468207
[354]	train-rmse:0.468041
[355]	train-rmse:0.467872
[356]	train-rmse:0.467692
[357]	train-rmse:0.467483
[358]	train-rmse:0.467365
[359]	train-rmse:0.467234
[360]	train-rmse:0.467095
[361]	train-rmse:0.466965
[362]	train-rmse:0.466844
[363]	train-rmse:0.466686
[364]	train-rmse:0.466505
[365]	train-rmse:0.466437
[366]	train-rmse:0.466273
[367]	train-rmse:0.466152
[368]	train-rmse:0.466017
[369]	train-rmse:0.465842
[370]	train-rmse:0.465708
[371]	train-rmse:0.465589
[372]	train-rmse:0.465423
[373]	train-rmse:0.465353
[374]	train-rmse:0.465227
[375]	train-rmse:0.465075
[376]	train-rmse:0.464966
[377]	train-rmse:0.464838
[378]	train-rmse:0.464647
[379]	train-rmse:0.464541
[380]	train-rmse:0.464373
[381]	train-rmse:0.464268
[382]	train-rmse:0.464209
[383]	train-rmse:0.464040
[384]	train-rmse:0.463954
[385]	train-rmse:0.463773
[386]	train-rmse:0.463580
[387]	train-rmse:0.463397
[388]	train-rmse:0.463207
[389]	train-rmse:0.463094
[390]	train-rmse:0.463071
[391]	train-rmse:0.462938
[392]	train-rmse:0.462808
[393]	train-rmse:0.462645
[394]	train-rmse:0.462532
[395]	train-rmse:0.462309
[396]	train-rmse:0.462156
[397]	train-rmse:0.462065
[398]	train-rmse:0.461931
[399]	train-rmse:0.461790
[0]	train-rmse:0.782632
[1]	train-rmse:0.759001
[2]	train-rmse:0.736282
[3]	train-rmse:0.716898
[4]	train-rmse:0.700044
[5]	train-rmse:0.685232
[6]	train-rmse:0.671947
[7]	train-rmse:0.660740
[8]	train-rmse:0.650754
[9]	train-rmse:0.641698
[10]	train-rmse:0.633694
[11]	train-rmse:0.626055
[12]	train-rmse:0.619793
[13]	train-rmse:0.613985
[14]	train-rmse:0.608607
[15]	train-rmse:0.603528
[16]	train-rmse:0.599082
[17]	train-rmse:0.594543
[18]	train-rmse:0.590849
[19]	train-rmse:0.587471
[20]	train-rmse:0.584558
[21]	train-rmse:0.581806
[22]	train-rmse:0.578765
[23]	train-rmse:0.576345
[24]	train-rmse:0.573760
[25]	train-rmse:0.571616
[26]	train-rmse:0.569419
[27]	train-rmse:0.567436
[28]	train-rmse:0.565188
[29]	train-rmse:0.563556
[30]	train-rmse:0.562108
[31]	train-rmse:0.560593
[32]	train-rmse:0.558943
[33]	train-rmse:0.557317
[34]	train-rmse:0.556002
[35]	train-rmse:0.554617
[36]	train-rmse:0.553424
[37]	train-rmse:0.552352
[38]	train-rmse:0.551264
[39]	train-rmse:0.550076
[40]	train-rmse:0.548992
[41]	train-rmse:0.547956
[42]	train-rmse:0.547043
[43]	train-rmse:0.546153
[44]	train-rmse:0.545210
[45]	train-rmse:0.544382
[46]	train-rmse:0.543533
[47]	train-rmse:0.542683
[48]	train-rmse:0.541892
[49]	train-rmse:0.541051
[50]	train-rmse:0.540233
[51]	train-rmse:0.539526
[52]	train-rmse:0.538909
[53]	train-rmse:0.538325
[54]	train-rmse:0.537407
[55]	train-rmse:0.536851
[56]	train-rmse:0.536241
[57]	train-rmse:0.535834
[58]	train-rmse:0.535264
[59]	train-rmse:0.534539
[60]	train-rmse:0.534031
[61]	train-rmse:0.533435
[62]	train-rmse:0.532788
[63]	train-rmse:0.532295
[64]	train-rmse:0.531870
[65]	train-rmse:0.531460
[66]	train-rmse:0.530808
[67]	train-rmse:0.530226
[68]	train-rmse:0.529727
[69]	train-rmse:0.529301
[70]	train-rmse:0.528775
[71]	train-rmse:0.528288
[72]	train-rmse:0.527728
[73]	train-rmse:0.527015
[74]	train-rmse:0.526417
[75]	train-rmse:0.526056
[76]	train-rmse:0.525536
[77]	train-rmse:0.525023
[78]	train-rmse:0.524557
[79]	train-rmse:0.523892
[80]	train-rmse:0.523443
[81]	train-rmse:0.522916
[82]	train-rmse:0.522503
[83]	train-rmse:0.522150
[84]	train-rmse:0.521814
[85]	train-rmse:0.521409
[86]	train-rmse:0.521093
[87]	train-rmse:0.520838
[88]	train-rmse:0.520446
[89]	train-rmse:0.520054
[90]	train-rmse:0.519848
[91]	train-rmse:0.519536
[92]	train-rmse:0.519330
[93]	train-rmse:0.519081
[94]	train-rmse:0.518661
[95]	train-rmse:0.518325
[96]	train-rmse:0.517807
[97]	train-rmse:0.517405
[98]	train-rmse:0.517110
[99]	train-rmse:0.516852
[100]	train-rmse:0.516554
[101]	train-rmse:0.516286
[102]	train-rmse:0.515974
[103]	train-rmse:0.515672
[104]	train-rmse:0.515392
[105]	train-rmse:0.515088
[106]	train-rmse:0.514815
[107]	train-rmse:0.514446
[108]	train-rmse:0.514238
[109]	train-rmse:0.513951
[110]	train-rmse:0.513662
[111]	train-rmse:0.513363
[112]	train-rmse:0.513123
[113]	train-rmse:0.512872
[114]	train-rmse:0.512581
[115]	train-rmse:0.512297
[116]	train-rmse:0.512016
[117]	train-rmse:0.511669
[118]	train-rmse:0.511531
[119]	train-rmse:0.511257
[120]	train-rmse:0.511031
[121]	train-rmse:0.510772
[122]	train-rmse:0.510506
[123]	train-rmse:0.510159
[124]	train-rmse:0.509916
[125]	train-rmse:0.509618
[126]	train-rmse:0.509446
[127]	train-rmse:0.509263
[128]	train-rmse:0.508997
[129]	train-rmse:0.508682
[130]	train-rmse:0.508488
[131]	train-rmse:0.508258
[132]	train-rmse:0.508053
[133]	train-rmse:0.507892
[134]	train-rmse:0.507578
[135]	train-rmse:0.507436
[136]	train-rmse:0.507195
[137]	train-rmse:0.507093
[138]	train-rmse:0.506898
[139]	train-rmse:0.506643
[140]	train-rmse:0.506400
[141]	train-rmse:0.506172
[142]	train-rmse:0.505942
[143]	train-rmse:0.505756
[144]	train-rmse:0.505588
[145]	train-rmse:0.505416
[146]	train-rmse:0.505277
[147]	train-rmse:0.505072
[148]	train-rmse:0.504771
[149]	train-rmse:0.504584
[150]	train-rmse:0.504395
[151]	train-rmse:0.504092
[152]	train-rmse:0.503842
[153]	train-rmse:0.503626
[154]	train-rmse:0.503406
[155]	train-rmse:0.503173
[156]	train-rmse:0.502953
[157]	train-rmse:0.502702
[158]	train-rmse:0.502539
[159]	train-rmse:0.502383
[160]	train-rmse:0.502270
[161]	train-rmse:0.502108
[162]	train-rmse:0.501958
[163]	train-rmse:0.501726
[164]	train-rmse:0.501561
[165]	train-rmse:0.501282
[166]	train-rmse:0.501124
[167]	train-rmse:0.500949
[168]	train-rmse:0.500759
[169]	train-rmse:0.500555
[170]	train-rmse:0.500361
[171]	train-rmse:0.500094
[172]	train-rmse:0.499913
[173]	train-rmse:0.499706
[174]	train-rmse:0.499508
[175]	train-rmse:0.499285
[176]	train-rmse:0.499095
[177]	train-rmse:0.499052
[178]	train-rmse:0.498798
[179]	train-rmse:0.498626
[180]	train-rmse:0.498338
[181]	train-rmse:0.498147
[182]	train-rmse:0.497913
[183]	train-rmse:0.497720
[184]	train-rmse:0.497547
[185]	train-rmse:0.497396
[186]	train-rmse:0.497203
[187]	train-rmse:0.496977
[188]	train-rmse:0.496741
[189]	train-rmse:0.496591
[190]	train-rmse:0.496396
[191]	train-rmse:0.496185
[192]	train-rmse:0.495941
[193]	train-rmse:0.495794
[194]	train-rmse:0.495648
[195]	train-rmse:0.495400
[196]	train-rmse:0.495188
[197]	train-rmse:0.495000
[198]	train-rmse:0.494702
[199]	train-rmse:0.494435
[200]	train-rmse:0.494203
[201]	train-rmse:0.494134
[202]	train-rmse:0.493914
[203]	train-rmse:0.493688
[204]	train-rmse:0.493486
[205]	train-rmse:0.493313
[206]	train-rmse:0.493224
[207]	train-rmse:0.493095
[208]	train-rmse:0.492916
[209]	train-rmse:0.492792
[210]	train-rmse:0.492619
[211]	train-rmse:0.492354
[212]	train-rmse:0.492176
[213]	train-rmse:0.491957
[214]	train-rmse:0.491909
[215]	train-rmse:0.491751
[216]	train-rmse:0.491613
[217]	train-rmse:0.491380
[218]	train-rmse:0.491112
[219]	train-rmse:0.490889
[220]	train-rmse:0.490673
[221]	train-rmse:0.490442
[222]	train-rmse:0.490281
[223]	train-rmse:0.490145
[224]	train-rmse:0.490034
[225]	train-rmse:0.489832
[226]	train-rmse:0.489648
[227]	train-rmse:0.489419
[228]	train-rmse:0.489180
[229]	train-rmse:0.489049
[230]	train-rmse:0.488804
[231]	train-rmse:0.488596
[232]	train-rmse:0.488325
[233]	train-rmse:0.488097
[234]	train-rmse:0.487812
[235]	train-rmse:0.487622
[236]	train-rmse:0.487464
[237]	train-rmse:0.487300
[238]	train-rmse:0.487121
[239]	train-rmse:0.486923
[240]	train-rmse:0.486770
[241]	train-rmse:0.486604
[242]	train-rmse:0.486383
[243]	train-rmse:0.486258
[244]	train-rmse:0.486036
[245]	train-rmse:0.485861
[246]	train-rmse:0.485610
[247]	train-rmse:0.485457
[248]	train-rmse:0.485328
[249]	train-rmse:0.485209
[250]	train-rmse:0.485043
[251]	train-rmse:0.484860
[252]	train-rmse:0.484655
[253]	train-rmse:0.484577
[254]	train-rmse:0.484415
[255]	train-rmse:0.484214
[256]	train-rmse:0.484117
[257]	train-rmse:0.483963
[258]	train-rmse:0.483893
[259]	train-rmse:0.483801
[260]	train-rmse:0.483566
[261]	train-rmse:0.483436
[262]	train-rmse:0.483271
[263]	train-rmse:0.483172
[264]	train-rmse:0.483034
[265]	train-rmse:0.482830
[266]	train-rmse:0.482690
[267]	train-rmse:0.482466
[268]	train-rmse:0.482213
[269]	train-rmse:0.482053
[270]	train-rmse:0.481937
[271]	train-rmse:0.481703
[272]	train-rmse:0.481545
[273]	train-rmse:0.481491
[274]	train-rmse:0.481362
[275]	train-rmse:0.481174
[276]	train-rmse:0.481009
[277]	train-rmse:0.480860
[278]	train-rmse:0.480719
[279]	train-rmse:0.480600
[280]	train-rmse:0.480368
[281]	train-rmse:0.480164
[282]	train-rmse:0.479999
[283]	train-rmse:0.479755
[284]	train-rmse:0.479625
[285]	train-rmse:0.479533
[286]	train-rmse:0.479323
[287]	train-rmse:0.479109
[288]	train-rmse:0.479048
[289]	train-rmse:0.478897
[290]	train-rmse:0.478787
[291]	train-rmse:0.478602
[292]	train-rmse:0.478437
[293]	train-rmse:0.478318
[294]	train-rmse:0.478251
[295]	train-rmse:0.478058
[296]	train-rmse:0.477818
[297]	train-rmse:0.477590
[298]	train-rmse:0.477447
[299]	train-rmse:0.477285
[300]	train-rmse:0.477141
[301]	train-rmse:0.476989
[302]	train-rmse:0.476844
[303]	train-rmse:0.476610
[304]	train-rmse:0.476476
[305]	train-rmse:0.476291
[306]	train-rmse:0.476164
[307]	train-rmse:0.475983
[308]	train-rmse:0.475815
[309]	train-rmse:0.475696
[310]	train-rmse:0.475497
[311]	train-rmse:0.475338
[312]	train-rmse:0.475238
[313]	train-rmse:0.475033
[314]	train-rmse:0.474852
[315]	train-rmse:0.474685
[316]	train-rmse:0.474544
[317]	train-rmse:0.474388
[318]	train-rmse:0.474340
[319]	train-rmse:0.474200
[320]	train-rmse:0.474026
[321]	train-rmse:0.473823
[322]	train-rmse:0.473714
[323]	train-rmse:0.473568
[324]	train-rmse:0.473417
[325]	train-rmse:0.473271
[326]	train-rmse:0.473114
[327]	train-rmse:0.472993
[328]	train-rmse:0.472834
[329]	train-rmse:0.472699
[330]	train-rmse:0.472534
[331]	train-rmse:0.472450
[332]	train-rmse:0.472319
[333]	train-rmse:0.472123
[334]	train-rmse:0.471984
[335]	train-rmse:0.471831
[336]	train-rmse:0.471667
[337]	train-rmse:0.471484
[338]	train-rmse:0.471296
[339]	train-rmse:0.471178
[340]	train-rmse:0.470966
[341]	train-rmse:0.470894
[342]	train-rmse:0.470690
[343]	train-rmse:0.470556
[344]	train-rmse:0.470455
[345]	train-rmse:0.470255
[346]	train-rmse:0.470081
[347]	train-rmse:0.469979
[348]	train-rmse:0.469822
[349]	train-rmse:0.469554
[350]	train-rmse:0.469455
[351]	train-rmse:0.469282
[352]	train-rmse:0.469165
[353]	train-rmse:0.468999
[354]	train-rmse:0.468749
[355]	train-rmse:0.468569
[356]	train-rmse:0.468457
[357]	train-rmse:0.468308
[358]	train-rmse:0.468120
[359]	train-rmse:0.468009
[360]	train-rmse:0.467955
[361]	train-rmse:0.467806
[362]	train-rmse:0.467688
[363]	train-rmse:0.467501
[364]	train-rmse:0.467407
[365]	train-rmse:0.467280
[366]	train-rmse:0.467026
[367]	train-rmse:0.466913
[368]	train-rmse:0.466786
[369]	train-rmse:0.466705
[370]	train-rmse:0.466605
[371]	train-rmse:0.466464
[372]	train-rmse:0.466393
[373]	train-rmse:0.466259
[374]	train-rmse:0.466132
[375]	train-rmse:0.465992
[376]	train-rmse:0.465828
[377]	train-rmse:0.465693
[378]	train-rmse:0.465505
[379]	train-rmse:0.465365
[380]	train-rmse:0.465268
[381]	train-rmse:0.465141
[382]	train-rmse:0.464937
[383]	train-rmse:0.464838
[384]	train-rmse:0.464649
[385]	train-rmse:0.464404
[386]	train-rmse:0.464265
[387]	train-rmse:0.464166
[388]	train-rmse:0.464030
[389]	train-rmse:0.463902
[390]	train-rmse:0.463735
[391]	train-rmse:0.463528
[392]	train-rmse:0.463360
[393]	train-rmse:0.463173
[394]	train-rmse:0.463106
[395]	train-rmse:0.462880
[396]	train-rmse:0.462700
[397]	train-rmse:0.462534
[398]	train-rmse:0.462378
[399]	train-rmse:0.462271
[0]	train-rmse:0.784009
[1]	train-rmse:0.760283
[2]	train-rmse:0.737559
[3]	train-rmse:0.717934
[4]	train-rmse:0.700944
[5]	train-rmse:0.685564
[6]	train-rmse:0.672672
[7]	train-rmse:0.661021
[8]	train-rmse:0.651078
[9]	train-rmse:0.641463
[10]	train-rmse:0.633437
[11]	train-rmse:0.625930
[12]	train-rmse:0.619259
[13]	train-rmse:0.613692
[14]	train-rmse:0.608095
[15]	train-rmse:0.603493
[16]	train-rmse:0.599208
[17]	train-rmse:0.595066
[18]	train-rmse:0.591024
[19]	train-rmse:0.587619
[20]	train-rmse:0.584453
[21]	train-rmse:0.581879
[22]	train-rmse:0.579297
[23]	train-rmse:0.576693
[24]	train-rmse:0.574349
[25]	train-rmse:0.572265
[26]	train-rmse:0.570298
[27]	train-rmse:0.568409
[28]	train-rmse:0.566501
[29]	train-rmse:0.564343
[30]	train-rmse:0.562555
[31]	train-rmse:0.560985
[32]	train-rmse:0.559508
[33]	train-rmse:0.558136
[34]	train-rmse:0.556896
[35]	train-rmse:0.555542
[36]	train-rmse:0.554300
[37]	train-rmse:0.553094
[38]	train-rmse:0.551884
[39]	train-rmse:0.550347
[40]	train-rmse:0.549366
[41]	train-rmse:0.548279
[42]	train-rmse:0.547060
[43]	train-rmse:0.546266
[44]	train-rmse:0.545388
[45]	train-rmse:0.544447
[46]	train-rmse:0.543505
[47]	train-rmse:0.542637
[48]	train-rmse:0.541920
[49]	train-rmse:0.541234
[50]	train-rmse:0.540451
[51]	train-rmse:0.539807
[52]	train-rmse:0.539164
[53]	train-rmse:0.538475
[54]	train-rmse:0.537776
[55]	train-rmse:0.536830
[56]	train-rmse:0.536231
[57]	train-rmse:0.535623
[58]	train-rmse:0.534902
[59]	train-rmse:0.534302
[60]	train-rmse:0.533724
[61]	train-rmse:0.533177
[62]	train-rmse:0.532731
[63]	train-rmse:0.532032
[64]	train-rmse:0.531557
[65]	train-rmse:0.531038
[66]	train-rmse:0.530500
[67]	train-rmse:0.529879
[68]	train-rmse:0.529424
[69]	train-rmse:0.529005
[70]	train-rmse:0.528498
[71]	train-rmse:0.528123
[72]	train-rmse:0.527669
[73]	train-rmse:0.527185
[74]	train-rmse:0.526761
[75]	train-rmse:0.526273
[76]	train-rmse:0.525801
[77]	train-rmse:0.525216
[78]	train-rmse:0.524870
[79]	train-rmse:0.524521
[80]	train-rmse:0.524197
[81]	train-rmse:0.523769
[82]	train-rmse:0.523288
[83]	train-rmse:0.522918
[84]	train-rmse:0.522586
[85]	train-rmse:0.522285
[86]	train-rmse:0.522046
[87]	train-rmse:0.521765
[88]	train-rmse:0.521429
[89]	train-rmse:0.521002
[90]	train-rmse:0.520674
[91]	train-rmse:0.520168
[92]	train-rmse:0.519927
[93]	train-rmse:0.519595
[94]	train-rmse:0.519412
[95]	train-rmse:0.518987
[96]	train-rmse:0.518767
[97]	train-rmse:0.518536
[98]	train-rmse:0.518165
[99]	train-rmse:0.517762
[100]	train-rmse:0.517524
[101]	train-rmse:0.517160
[102]	train-rmse:0.516750
[103]	train-rmse:0.516543
[104]	train-rmse:0.516162
[105]	train-rmse:0.515821
[106]	train-rmse:0.515620
[107]	train-rmse:0.515348
[108]	train-rmse:0.515028
[109]	train-rmse:0.514795
[110]	train-rmse:0.514512
[111]	train-rmse:0.514266
[112]	train-rmse:0.514069
[113]	train-rmse:0.513730
[114]	train-rmse:0.513490
[115]	train-rmse:0.513192
[116]	train-rmse:0.512926
[117]	train-rmse:0.512650
[118]	train-rmse:0.512333
[119]	train-rmse:0.512057
[120]	train-rmse:0.511854
[121]	train-rmse:0.511687
[122]	train-rmse:0.511457
[123]	train-rmse:0.511182
[124]	train-rmse:0.510999
[125]	train-rmse:0.510773
[126]	train-rmse:0.510594
[127]	train-rmse:0.510360
[128]	train-rmse:0.510129
[129]	train-rmse:0.509809
[130]	train-rmse:0.509714
[131]	train-rmse:0.509510
[132]	train-rmse:0.509273
[133]	train-rmse:0.509057
[134]	train-rmse:0.508892
[135]	train-rmse:0.508597
[136]	train-rmse:0.508263
[137]	train-rmse:0.508182
[138]	train-rmse:0.507875
[139]	train-rmse:0.507589
[140]	train-rmse:0.507292
[141]	train-rmse:0.507070
[142]	train-rmse:0.506749
[143]	train-rmse:0.506601
[144]	train-rmse:0.506338
[145]	train-rmse:0.506183
[146]	train-rmse:0.506068
[147]	train-rmse:0.505813
[148]	train-rmse:0.505672
[149]	train-rmse:0.505554
[150]	train-rmse:0.505276
[151]	train-rmse:0.505019
[152]	train-rmse:0.504708
[153]	train-rmse:0.504517
[154]	train-rmse:0.504208
[155]	train-rmse:0.504016
[156]	train-rmse:0.503673
[157]	train-rmse:0.503399
[158]	train-rmse:0.503254
[159]	train-rmse:0.503031
[160]	train-rmse:0.502922
[161]	train-rmse:0.502685
[162]	train-rmse:0.502547
[163]	train-rmse:0.502429
[164]	train-rmse:0.502158
[165]	train-rmse:0.501980
[166]	train-rmse:0.501858
[167]	train-rmse:0.501674
[168]	train-rmse:0.501417
[169]	train-rmse:0.501216
[170]	train-rmse:0.500955
[171]	train-rmse:0.500673
[172]	train-rmse:0.500578
[173]	train-rmse:0.500306
[174]	train-rmse:0.500078
[175]	train-rmse:0.499861
[176]	train-rmse:0.499722
[177]	train-rmse:0.499581
[178]	train-rmse:0.499382
[179]	train-rmse:0.499147
[180]	train-rmse:0.498882
[181]	train-rmse:0.498806
[182]	train-rmse:0.498598
[183]	train-rmse:0.498337
[184]	train-rmse:0.498176
[185]	train-rmse:0.497930
[186]	train-rmse:0.497773
[187]	train-rmse:0.497624
[188]	train-rmse:0.497452
[189]	train-rmse:0.497293
[190]	train-rmse:0.497207
[191]	train-rmse:0.497066
[192]	train-rmse:0.496878
[193]	train-rmse:0.496717
[194]	train-rmse:0.496478
[195]	train-rmse:0.496438
[196]	train-rmse:0.496190
[197]	train-rmse:0.495967
[198]	train-rmse:0.495740
[199]	train-rmse:0.495539
[200]	train-rmse:0.495294
[201]	train-rmse:0.495047
[202]	train-rmse:0.494807
[203]	train-rmse:0.494594
[204]	train-rmse:0.494350
[205]	train-rmse:0.494141
[206]	train-rmse:0.494038
[207]	train-rmse:0.493857
[208]	train-rmse:0.493777
[209]	train-rmse:0.493707
[210]	train-rmse:0.493511
[211]	train-rmse:0.493288
[212]	train-rmse:0.493061
[213]	train-rmse:0.492933
[214]	train-rmse:0.492766
[215]	train-rmse:0.492556
[216]	train-rmse:0.492345
[217]	train-rmse:0.492095
[218]	train-rmse:0.491982
[219]	train-rmse:0.491762
[220]	train-rmse:0.491578
[221]	train-rmse:0.491421
[222]	train-rmse:0.491195
[223]	train-rmse:0.491042
[224]	train-rmse:0.490933
[225]	train-rmse:0.490708
[226]	train-rmse:0.490494
[227]	train-rmse:0.490308
[228]	train-rmse:0.490082
[229]	train-rmse:0.489849
[230]	train-rmse:0.489634
[231]	train-rmse:0.489567
[232]	train-rmse:0.489404
[233]	train-rmse:0.489241
[234]	train-rmse:0.489071
[235]	train-rmse:0.488889
[236]	train-rmse:0.488721
[237]	train-rmse:0.488643
[238]	train-rmse:0.488407
[239]	train-rmse:0.488332
[240]	train-rmse:0.488222
[241]	train-rmse:0.488069
[242]	train-rmse:0.487801
[243]	train-rmse:0.487694
[244]	train-rmse:0.487585
[245]	train-rmse:0.487414
[246]	train-rmse:0.487257
[247]	train-rmse:0.487033
[248]	train-rmse:0.486906
[249]	train-rmse:0.486824
[250]	train-rmse:0.486685
[251]	train-rmse:0.486589
[252]	train-rmse:0.486522
[253]	train-rmse:0.486420
[254]	train-rmse:0.486340
[255]	train-rmse:0.486133
[256]	train-rmse:0.485935
[257]	train-rmse:0.485724
[258]	train-rmse:0.485610
[259]	train-rmse:0.485477
[260]	train-rmse:0.485370
[261]	train-rmse:0.485262
[262]	train-rmse:0.485040
[263]	train-rmse:0.484829
[264]	train-rmse:0.484624
[265]	train-rmse:0.484407
[266]	train-rmse:0.484167
[267]	train-rmse:0.484070
[268]	train-rmse:0.483899
[269]	train-rmse:0.483730
[270]	train-rmse:0.483543
[271]	train-rmse:0.483363
[272]	train-rmse:0.483272
[273]	train-rmse:0.483186
[274]	train-rmse:0.482983
[275]	train-rmse:0.482815
[276]	train-rmse:0.482695
[277]	train-rmse:0.482520
[278]	train-rmse:0.482347
[279]	train-rmse:0.482161
[280]	train-rmse:0.482011
[281]	train-rmse:0.481886
[282]	train-rmse:0.481768
[283]	train-rmse:0.481660
[284]	train-rmse:0.481551
[285]	train-rmse:0.481336
[286]	train-rmse:0.481115
[287]	train-rmse:0.480896
[288]	train-rmse:0.480715
[289]	train-rmse:0.480608
[290]	train-rmse:0.480500
[291]	train-rmse:0.480382
[292]	train-rmse:0.480202
[293]	train-rmse:0.480015
[294]	train-rmse:0.479853
[295]	train-rmse:0.479616
[296]	train-rmse:0.479495
[297]	train-rmse:0.479243
[298]	train-rmse:0.479119
[299]	train-rmse:0.478960
[300]	train-rmse:0.478759
[301]	train-rmse:0.478578
[302]	train-rmse:0.478410
[303]	train-rmse:0.478202
[304]	train-rmse:0.478095
[305]	train-rmse:0.478061
[306]	train-rmse:0.477867
[307]	train-rmse:0.477715
[308]	train-rmse:0.477569
[309]	train-rmse:0.477354
[310]	train-rmse:0.477161
[311]	train-rmse:0.477021
[312]	train-rmse:0.476942
[313]	train-rmse:0.476722
[314]	train-rmse:0.476632
[315]	train-rmse:0.476376
[316]	train-rmse:0.476301
[317]	train-rmse:0.476141
[318]	train-rmse:0.475939
[319]	train-rmse:0.475830
[320]	train-rmse:0.475650
[321]	train-rmse:0.475492
[322]	train-rmse:0.475290
[323]	train-rmse:0.475066
[324]	train-rmse:0.474896
[325]	train-rmse:0.474717
[326]	train-rmse:0.474530
[327]	train-rmse:0.474415
[328]	train-rmse:0.474217
[329]	train-rmse:0.474083
[330]	train-rmse:0.473990
[331]	train-rmse:0.473788
[332]	train-rmse:0.473611
[333]	train-rmse:0.473537
[334]	train-rmse:0.473374
[335]	train-rmse:0.473226
[336]	train-rmse:0.473075
[337]	train-rmse:0.472921
[338]	train-rmse:0.472786
[339]	train-rmse:0.472570
[340]	train-rmse:0.472422
[341]	train-rmse:0.472189
[342]	train-rmse:0.472042
[343]	train-rmse:0.471861
[344]	train-rmse:0.471639
[345]	train-rmse:0.471537
[346]	train-rmse:0.471449
[347]	train-rmse:0.471357
[348]	train-rmse:0.471235
[349]	train-rmse:0.471016
[350]	train-rmse:0.470856
[351]	train-rmse:0.470770
[352]	train-rmse:0.470611
[353]	train-rmse:0.470502
[354]	train-rmse:0.470284
[355]	train-rmse:0.470107
[356]	train-rmse:0.469942
[357]	train-rmse:0.469771
[358]	train-rmse:0.469522
[359]	train-rmse:0.469392
[360]	train-rmse:0.469299
[361]	train-rmse:0.469119
[362]	train-rmse:0.468937
[363]	train-rmse:0.468827
[364]	train-rmse:0.468680
[365]	train-rmse:0.468505
[366]	train-rmse:0.468388
[367]	train-rmse:0.468192
[368]	train-rmse:0.468069
[369]	train-rmse:0.467842
[370]	train-rmse:0.467680
[371]	train-rmse:0.467551
[372]	train-rmse:0.467369
[373]	train-rmse:0.467244
[374]	train-rmse:0.467058
[375]	train-rmse:0.467035
[376]	train-rmse:0.466921
[377]	train-rmse:0.466810
[378]	train-rmse:0.466690
[379]	train-rmse:0.466515
[380]	train-rmse:0.466407
[381]	train-rmse:0.466274
[382]	train-rmse:0.466188
[383]	train-rmse:0.466096
[384]	train-rmse:0.465938
[385]	train-rmse:0.465775
[386]	train-rmse:0.465657
[387]	train-rmse:0.465515
[388]	train-rmse:0.465398
[389]	train-rmse:0.465254
[390]	train-rmse:0.465089
[391]	train-rmse:0.464951
[392]	train-rmse:0.464774
[393]	train-rmse:0.464605
[394]	train-rmse:0.464558
[395]	train-rmse:0.464397
[396]	train-rmse:0.464245
[397]	train-rmse:0.464053
[398]	train-rmse:0.463851
[399]	train-rmse:0.463701
[Tune-y] 3: mae.test.mean=1.15e+03; time: 40.8 min; memory: 202Mb use, 656Mb max
           used  (Mb) gc trigger  (Mb) max used  (Mb)
Ncells  1388130  74.2    2637877 140.9  1770749  94.6
Vcells 16126413 123.1   47048107 359.0 73505376 560.9
Job time in seconds: 2449
Error in unserialize(node$con) : error reading from connection
Calls: <Anonymous> ... doTryCatch -> recvData -> recvData.SOCKnode -> unserialize
Execution halted
