[Tune-x] 11: max_depth=7; min_child_weight=0; eta=0.0723; colsample_bytree=0.829; subsample=0.786
[0]	train-rmse:0.788553
[1]	train-rmse:0.768581
[2]	train-rmse:0.749117
[3]	train-rmse:0.732968
[4]	train-rmse:0.716810
[5]	train-rmse:0.704116
[6]	train-rmse:0.690875
[7]	train-rmse:0.679834
[8]	train-rmse:0.668858
[9]	train-rmse:0.660005
[10]	train-rmse:0.651152
[11]	train-rmse:0.642866
[12]	train-rmse:0.635492
[13]	train-rmse:0.628929
[14]	train-rmse:0.622793
[15]	train-rmse:0.617451
[16]	train-rmse:0.612400
[17]	train-rmse:0.608038
[18]	train-rmse:0.603849
[19]	train-rmse:0.599855
[20]	train-rmse:0.596346
[21]	train-rmse:0.593023
[22]	train-rmse:0.589804
[23]	train-rmse:0.587051
[24]	train-rmse:0.584380
[25]	train-rmse:0.581885
[26]	train-rmse:0.579611
[27]	train-rmse:0.577268
[28]	train-rmse:0.575128
[29]	train-rmse:0.573122
[30]	train-rmse:0.571454
[31]	train-rmse:0.569725
[32]	train-rmse:0.568157
[33]	train-rmse:0.566759
[34]	train-rmse:0.565071
[35]	train-rmse:0.563308
[36]	train-rmse:0.561940
[37]	train-rmse:0.560615
[38]	train-rmse:0.559333
[39]	train-rmse:0.558096
[40]	train-rmse:0.556814
[41]	train-rmse:0.555789
[42]	train-rmse:0.554520
[43]	train-rmse:0.553404
[44]	train-rmse:0.552550
[45]	train-rmse:0.551545
[46]	train-rmse:0.550688
[47]	train-rmse:0.549686
[48]	train-rmse:0.548798
[49]	train-rmse:0.547875
[50]	train-rmse:0.546988
[51]	train-rmse:0.546168
[52]	train-rmse:0.545344
[53]	train-rmse:0.544618
[54]	train-rmse:0.544032
[55]	train-rmse:0.543272
[56]	train-rmse:0.542560
[57]	train-rmse:0.542015
[58]	train-rmse:0.541436
[59]	train-rmse:0.540730
[60]	train-rmse:0.540130
[61]	train-rmse:0.539432
[62]	train-rmse:0.538658
[63]	train-rmse:0.538020
[64]	train-rmse:0.537469
[65]	train-rmse:0.536931
[66]	train-rmse:0.536413
[67]	train-rmse:0.535862
[68]	train-rmse:0.535390
[69]	train-rmse:0.534652
[70]	train-rmse:0.534178
[71]	train-rmse:0.533602
[72]	train-rmse:0.533098
[73]	train-rmse:0.532631
[74]	train-rmse:0.532176
[75]	train-rmse:0.531789
[76]	train-rmse:0.531349
[77]	train-rmse:0.531000
[78]	train-rmse:0.530604
[79]	train-rmse:0.530254
[80]	train-rmse:0.529776
[81]	train-rmse:0.529330
[82]	train-rmse:0.528982
[83]	train-rmse:0.528540
[84]	train-rmse:0.528156
[85]	train-rmse:0.527754
[86]	train-rmse:0.527406
[87]	train-rmse:0.527055
[88]	train-rmse:0.526680
[89]	train-rmse:0.526411
[90]	train-rmse:0.526122
[91]	train-rmse:0.525781
[92]	train-rmse:0.525446
[93]	train-rmse:0.525183
[94]	train-rmse:0.524953
[95]	train-rmse:0.524624
[96]	train-rmse:0.524262
[97]	train-rmse:0.523979
[98]	train-rmse:0.523650
[99]	train-rmse:0.523192
[100]	train-rmse:0.522771
[101]	train-rmse:0.522472
[102]	train-rmse:0.522022
[103]	train-rmse:0.521714
[104]	train-rmse:0.521489
[105]	train-rmse:0.521164
[106]	train-rmse:0.520858
[107]	train-rmse:0.520512
[108]	train-rmse:0.520152
[109]	train-rmse:0.519764
[110]	train-rmse:0.519469
[111]	train-rmse:0.519090
[112]	train-rmse:0.518824
[113]	train-rmse:0.518598
[114]	train-rmse:0.518332
[115]	train-rmse:0.518077
[116]	train-rmse:0.517776
[117]	train-rmse:0.517496
[118]	train-rmse:0.517236
[119]	train-rmse:0.516966
[120]	train-rmse:0.516684
[121]	train-rmse:0.516387
[122]	train-rmse:0.516168
[123]	train-rmse:0.515909
[124]	train-rmse:0.515712
[125]	train-rmse:0.515328
[126]	train-rmse:0.515130
[127]	train-rmse:0.514916
[128]	train-rmse:0.514585
[129]	train-rmse:0.514412
[130]	train-rmse:0.514283
[131]	train-rmse:0.513984
[132]	train-rmse:0.513788
[133]	train-rmse:0.513523
[134]	train-rmse:0.513323
[135]	train-rmse:0.513186
[136]	train-rmse:0.512980
[137]	train-rmse:0.512755
[138]	train-rmse:0.512445
[139]	train-rmse:0.512268
[140]	train-rmse:0.511959
[141]	train-rmse:0.511741
[142]	train-rmse:0.511443
[143]	train-rmse:0.511184
[144]	train-rmse:0.510994
[145]	train-rmse:0.510789
[146]	train-rmse:0.510504
[147]	train-rmse:0.510258
[148]	train-rmse:0.510102
[149]	train-rmse:0.509882
[150]	train-rmse:0.509771
[151]	train-rmse:0.509517
[152]	train-rmse:0.509456
[153]	train-rmse:0.509214
[154]	train-rmse:0.509012
[155]	train-rmse:0.508913
[156]	train-rmse:0.508773
[157]	train-rmse:0.508601
[158]	train-rmse:0.508329
[159]	train-rmse:0.508113
[160]	train-rmse:0.507867
[161]	train-rmse:0.507652
[162]	train-rmse:0.507456
[163]	train-rmse:0.507342
[164]	train-rmse:0.507145
[165]	train-rmse:0.506926
[166]	train-rmse:0.506771
[167]	train-rmse:0.506577
[168]	train-rmse:0.506454
[169]	train-rmse:0.506261
[170]	train-rmse:0.506057
[171]	train-rmse:0.505957
[172]	train-rmse:0.505850
[173]	train-rmse:0.505602
[174]	train-rmse:0.505474
[175]	train-rmse:0.505383
[176]	train-rmse:0.505104
[177]	train-rmse:0.504907
[178]	train-rmse:0.504692
[179]	train-rmse:0.504551
[180]	train-rmse:0.504375
[181]	train-rmse:0.504218
[182]	train-rmse:0.504022
[183]	train-rmse:0.503825
[184]	train-rmse:0.503686
[185]	train-rmse:0.503578
[186]	train-rmse:0.503384
[187]	train-rmse:0.503117
[188]	train-rmse:0.503018
[189]	train-rmse:0.502918
[190]	train-rmse:0.502706
[191]	train-rmse:0.502520
[192]	train-rmse:0.502385
[193]	train-rmse:0.502260
[194]	train-rmse:0.502130
[195]	train-rmse:0.501966
[196]	train-rmse:0.501774
[197]	train-rmse:0.501591
[198]	train-rmse:0.501440
[199]	train-rmse:0.501265
[200]	train-rmse:0.501184
[201]	train-rmse:0.501035
[202]	train-rmse:0.500848
[203]	train-rmse:0.500713
[204]	train-rmse:0.500543
[205]	train-rmse:0.500379
[206]	train-rmse:0.500273
[207]	train-rmse:0.500077
[208]	train-rmse:0.499927
[209]	train-rmse:0.499729
[210]	train-rmse:0.499595
[211]	train-rmse:0.499391
[212]	train-rmse:0.499204
[213]	train-rmse:0.499096
[214]	train-rmse:0.498872
[215]	train-rmse:0.498665
[216]	train-rmse:0.498563
[217]	train-rmse:0.498487
[218]	train-rmse:0.498278
[219]	train-rmse:0.498129
[220]	train-rmse:0.497916
[221]	train-rmse:0.497683
[222]	train-rmse:0.497582
[223]	train-rmse:0.497443
[224]	train-rmse:0.497301
[225]	train-rmse:0.497058
[226]	train-rmse:0.496929
[227]	train-rmse:0.496849
[228]	train-rmse:0.496734
[229]	train-rmse:0.496528
[230]	train-rmse:0.496348
[231]	train-rmse:0.496219
[232]	train-rmse:0.495991
[233]	train-rmse:0.495874
[234]	train-rmse:0.495684
[235]	train-rmse:0.495501
[236]	train-rmse:0.495360
[237]	train-rmse:0.495190
[238]	train-rmse:0.495013
[239]	train-rmse:0.494872
[240]	train-rmse:0.494770
[241]	train-rmse:0.494614
[242]	train-rmse:0.494478
[243]	train-rmse:0.494367
[244]	train-rmse:0.494263
[245]	train-rmse:0.494145
[246]	train-rmse:0.493999
[247]	train-rmse:0.493852
[248]	train-rmse:0.493727
[249]	train-rmse:0.493593
[250]	train-rmse:0.493389
[251]	train-rmse:0.493267
[252]	train-rmse:0.493190
[253]	train-rmse:0.493019
[254]	train-rmse:0.492941
[255]	train-rmse:0.492819
[256]	train-rmse:0.492639
[257]	train-rmse:0.492518
[258]	train-rmse:0.492289
[259]	train-rmse:0.492076
[260]	train-rmse:0.491928
[261]	train-rmse:0.491743
[262]	train-rmse:0.491592
[263]	train-rmse:0.491438
[264]	train-rmse:0.491282
[265]	train-rmse:0.491132
[266]	train-rmse:0.491051
[267]	train-rmse:0.490829
[268]	train-rmse:0.490717
[269]	train-rmse:0.490609
[270]	train-rmse:0.490541
[271]	train-rmse:0.490455
[272]	train-rmse:0.490237
[273]	train-rmse:0.490053
[274]	train-rmse:0.489910
[275]	train-rmse:0.489822
[276]	train-rmse:0.489694
[277]	train-rmse:0.489591
[278]	train-rmse:0.489382
[279]	train-rmse:0.489248
[280]	train-rmse:0.489107
[281]	train-rmse:0.489040
[282]	train-rmse:0.488910
[283]	train-rmse:0.488685
[284]	train-rmse:0.488590
[285]	train-rmse:0.488431
[286]	train-rmse:0.488349
[287]	train-rmse:0.488168
[288]	train-rmse:0.488007
[289]	train-rmse:0.487934
[290]	train-rmse:0.487817
[291]	train-rmse:0.487656
[292]	train-rmse:0.487478
[293]	train-rmse:0.487313
[294]	train-rmse:0.487254
[295]	train-rmse:0.487041
[296]	train-rmse:0.486853
[297]	train-rmse:0.486774
[298]	train-rmse:0.486614
[299]	train-rmse:0.486430
[300]	train-rmse:0.486294
[301]	train-rmse:0.486148
[302]	train-rmse:0.485981
[303]	train-rmse:0.485911
[304]	train-rmse:0.485770
[305]	train-rmse:0.485541
[306]	train-rmse:0.485374
[307]	train-rmse:0.485204
[308]	train-rmse:0.485064
[309]	train-rmse:0.484955
[310]	train-rmse:0.484915
[311]	train-rmse:0.484753
[312]	train-rmse:0.484571
[313]	train-rmse:0.484487
[314]	train-rmse:0.484311
[315]	train-rmse:0.484133
[316]	train-rmse:0.483935
[317]	train-rmse:0.483827
[318]	train-rmse:0.483712
[319]	train-rmse:0.483607
[320]	train-rmse:0.483458
[321]	train-rmse:0.483256
[322]	train-rmse:0.483188
[323]	train-rmse:0.483029
[324]	train-rmse:0.482848
[325]	train-rmse:0.482691
[326]	train-rmse:0.482553
[327]	train-rmse:0.482486
[328]	train-rmse:0.482286
[329]	train-rmse:0.482113
[330]	train-rmse:0.481990
[331]	train-rmse:0.481889
[332]	train-rmse:0.481771
[333]	train-rmse:0.481627
[334]	train-rmse:0.481484
[335]	train-rmse:0.481377
[336]	train-rmse:0.481247
[337]	train-rmse:0.481072
[338]	train-rmse:0.480981
[339]	train-rmse:0.480939
[340]	train-rmse:0.480894
[341]	train-rmse:0.480799
[342]	train-rmse:0.480607
[343]	train-rmse:0.480467
[344]	train-rmse:0.480343
[345]	train-rmse:0.480219
[346]	train-rmse:0.480084
[347]	train-rmse:0.479955
[348]	train-rmse:0.479793
[349]	train-rmse:0.479598
[350]	train-rmse:0.479455
[351]	train-rmse:0.479316
[352]	train-rmse:0.479203
[353]	train-rmse:0.479052
[354]	train-rmse:0.478942
[355]	train-rmse:0.478792
[356]	train-rmse:0.478662
[357]	train-rmse:0.478567
[358]	train-rmse:0.478497
[359]	train-rmse:0.478361
[360]	train-rmse:0.478208
[361]	train-rmse:0.478071
[362]	train-rmse:0.477959
[363]	train-rmse:0.477835
[364]	train-rmse:0.477722
[365]	train-rmse:0.477542
[366]	train-rmse:0.477423
[367]	train-rmse:0.477264
[368]	train-rmse:0.477178
[369]	train-rmse:0.477070
[370]	train-rmse:0.476968
[371]	train-rmse:0.476886
[372]	train-rmse:0.476768
[373]	train-rmse:0.476670
[374]	train-rmse:0.476562
[375]	train-rmse:0.476431
[376]	train-rmse:0.476264
[377]	train-rmse:0.476043
[378]	train-rmse:0.475913
[379]	train-rmse:0.475797
[380]	train-rmse:0.475702
[381]	train-rmse:0.475511
[382]	train-rmse:0.475402
[383]	train-rmse:0.475335
[384]	train-rmse:0.475209
[385]	train-rmse:0.475099
[386]	train-rmse:0.474975
[387]	train-rmse:0.474816
[388]	train-rmse:0.474669
[389]	train-rmse:0.474495
[390]	train-rmse:0.474336
[391]	train-rmse:0.474211
[392]	train-rmse:0.474177
[393]	train-rmse:0.473994
[394]	train-rmse:0.473882
[395]	train-rmse:0.473762
[396]	train-rmse:0.473665
[397]	train-rmse:0.473498
[398]	train-rmse:0.473374
[399]	train-rmse:0.473240
[0]	train-rmse:0.788652
[1]	train-rmse:0.768889
[2]	train-rmse:0.750195
[3]	train-rmse:0.732252
[4]	train-rmse:0.716530
[5]	train-rmse:0.702150
[6]	train-rmse:0.689874
[7]	train-rmse:0.678441
[8]	train-rmse:0.668289
[9]	train-rmse:0.659104
[10]	train-rmse:0.650768
[11]	train-rmse:0.643140
[12]	train-rmse:0.636098
[13]	train-rmse:0.629631
[14]	train-rmse:0.623939
[15]	train-rmse:0.618690
[16]	train-rmse:0.613295
[17]	train-rmse:0.608859
[18]	train-rmse:0.604688
[19]	train-rmse:0.600956
[20]	train-rmse:0.597222
[21]	train-rmse:0.593781
[22]	train-rmse:0.590882
[23]	train-rmse:0.588199
[24]	train-rmse:0.585404
[25]	train-rmse:0.583196
[26]	train-rmse:0.580835
[27]	train-rmse:0.578781
[28]	train-rmse:0.576874
[29]	train-rmse:0.574843
[30]	train-rmse:0.573066
[31]	train-rmse:0.571505
[32]	train-rmse:0.569782
[33]	train-rmse:0.568091
[34]	train-rmse:0.566562
[35]	train-rmse:0.565142
[36]	train-rmse:0.563945
[37]	train-rmse:0.562558
[38]	train-rmse:0.561252
[39]	train-rmse:0.559941
[40]	train-rmse:0.558762
[41]	train-rmse:0.557433
[42]	train-rmse:0.556298
[43]	train-rmse:0.555039
[44]	train-rmse:0.554071
[45]	train-rmse:0.553194
[46]	train-rmse:0.552270
[47]	train-rmse:0.551329
[48]	train-rmse:0.550368
[49]	train-rmse:0.549509
[50]	train-rmse:0.548594
[51]	train-rmse:0.547840
[52]	train-rmse:0.547168
[53]	train-rmse:0.546431
[54]	train-rmse:0.545780
[55]	train-rmse:0.544982
[56]	train-rmse:0.544204
[57]	train-rmse:0.543520
[58]	train-rmse:0.542998
[59]	train-rmse:0.542269
[60]	train-rmse:0.541738
[61]	train-rmse:0.541012
[62]	train-rmse:0.540489
[63]	train-rmse:0.539950
[64]	train-rmse:0.539328
[65]	train-rmse:0.538889
[66]	train-rmse:0.538375
[67]	train-rmse:0.537743
[68]	train-rmse:0.537078
[69]	train-rmse:0.536580
[70]	train-rmse:0.536067
[71]	train-rmse:0.535665
[72]	train-rmse:0.535189
[73]	train-rmse:0.534742
[74]	train-rmse:0.534239
[75]	train-rmse:0.533703
[76]	train-rmse:0.533248
[77]	train-rmse:0.532889
[78]	train-rmse:0.532483
[79]	train-rmse:0.532080
[80]	train-rmse:0.531660
[81]	train-rmse:0.531194
[82]	train-rmse:0.530746
[83]	train-rmse:0.530383
[84]	train-rmse:0.530020
[85]	train-rmse:0.529497
[86]	train-rmse:0.528899
[87]	train-rmse:0.528496
[88]	train-rmse:0.528192
[89]	train-rmse:0.528011
[90]	train-rmse:0.527656
[91]	train-rmse:0.527310
[92]	train-rmse:0.527026
[93]	train-rmse:0.526690
[94]	train-rmse:0.526353
[95]	train-rmse:0.526032
[96]	train-rmse:0.525741
[97]	train-rmse:0.525416
[98]	train-rmse:0.525141
[99]	train-rmse:0.524849
[100]	train-rmse:0.524629
[101]	train-rmse:0.524338
[102]	train-rmse:0.524025
[103]	train-rmse:0.523787
[104]	train-rmse:0.523458
[105]	train-rmse:0.523110
[106]	train-rmse:0.522660
[107]	train-rmse:0.522323
[108]	train-rmse:0.522097
[109]	train-rmse:0.521860
[110]	train-rmse:0.521629
[111]	train-rmse:0.521303
[112]	train-rmse:0.521065
[113]	train-rmse:0.520716
[114]	train-rmse:0.520368
[115]	train-rmse:0.520071
[116]	train-rmse:0.519725
[117]	train-rmse:0.519430
[118]	train-rmse:0.519147
[119]	train-rmse:0.518886
[120]	train-rmse:0.518620
[121]	train-rmse:0.518417
[122]	train-rmse:0.518254
[123]	train-rmse:0.518094
[124]	train-rmse:0.517694
[125]	train-rmse:0.517381
[126]	train-rmse:0.517132
[127]	train-rmse:0.516948
[128]	train-rmse:0.516670
[129]	train-rmse:0.516459
[130]	train-rmse:0.516289
[131]	train-rmse:0.515970
[132]	train-rmse:0.515656
[133]	train-rmse:0.515443
[134]	train-rmse:0.515237
[135]	train-rmse:0.514944
[136]	train-rmse:0.514681
[137]	train-rmse:0.514491
[138]	train-rmse:0.514252
[139]	train-rmse:0.513953
[140]	train-rmse:0.513720
[141]	train-rmse:0.513518
[142]	train-rmse:0.513240
[143]	train-rmse:0.513007
[144]	train-rmse:0.512756
[145]	train-rmse:0.512531
[146]	train-rmse:0.512345
[147]	train-rmse:0.512115
[148]	train-rmse:0.511886
[149]	train-rmse:0.511746
[150]	train-rmse:0.511472
[151]	train-rmse:0.511303
[152]	train-rmse:0.511075
[153]	train-rmse:0.510858
[154]	train-rmse:0.510692
[155]	train-rmse:0.510490
[156]	train-rmse:0.510294
[157]	train-rmse:0.510028
[158]	train-rmse:0.509809
[159]	train-rmse:0.509499
[160]	train-rmse:0.509291
[161]	train-rmse:0.509183
[162]	train-rmse:0.509047
[163]	train-rmse:0.508882
[164]	train-rmse:0.508671
[165]	train-rmse:0.508510
[166]	train-rmse:0.508319
[167]	train-rmse:0.508077
[168]	train-rmse:0.507925
[169]	train-rmse:0.507861
[170]	train-rmse:0.507740
[171]	train-rmse:0.507568
[172]	train-rmse:0.507397
[173]	train-rmse:0.507263
[174]	train-rmse:0.507059
[175]	train-rmse:0.506875
[176]	train-rmse:0.506756
[177]	train-rmse:0.506588
[178]	train-rmse:0.506391
[179]	train-rmse:0.506254
[180]	train-rmse:0.506110
[181]	train-rmse:0.505960
[182]	train-rmse:0.505764
[183]	train-rmse:0.505588
[184]	train-rmse:0.505274
[185]	train-rmse:0.505072
[186]	train-rmse:0.504960
[187]	train-rmse:0.504742
[188]	train-rmse:0.504576
[189]	train-rmse:0.504331
[190]	train-rmse:0.504188
[191]	train-rmse:0.503993
[192]	train-rmse:0.503922
[193]	train-rmse:0.503735
[194]	train-rmse:0.503609
[195]	train-rmse:0.503486
[196]	train-rmse:0.503343
[197]	train-rmse:0.503235
[198]	train-rmse:0.503136
[199]	train-rmse:0.502981
[200]	train-rmse:0.502810
[201]	train-rmse:0.502621
[202]	train-rmse:0.502402
[203]	train-rmse:0.502321
[204]	train-rmse:0.502208
[205]	train-rmse:0.502081
[206]	train-rmse:0.501848
[207]	train-rmse:0.501682
[208]	train-rmse:0.501529
[209]	train-rmse:0.501298
[210]	train-rmse:0.501175
[211]	train-rmse:0.501027
[212]	train-rmse:0.500803
[213]	train-rmse:0.500728
[214]	train-rmse:0.500546
[215]	train-rmse:0.500331
[216]	train-rmse:0.500253
[217]	train-rmse:0.500071
[218]	train-rmse:0.499918
[219]	train-rmse:0.499710
[220]	train-rmse:0.499565
[221]	train-rmse:0.499308
[222]	train-rmse:0.499124
[223]	train-rmse:0.498995
[224]	train-rmse:0.498816
[225]	train-rmse:0.498691
[226]	train-rmse:0.498529
[227]	train-rmse:0.498343
[228]	train-rmse:0.498087
[229]	train-rmse:0.497926
[230]	train-rmse:0.497787
[231]	train-rmse:0.497624
[232]	train-rmse:0.497393
[233]	train-rmse:0.497311
[234]	train-rmse:0.497120
[235]	train-rmse:0.496939
[236]	train-rmse:0.496731
[237]	train-rmse:0.496496
[238]	train-rmse:0.496405
[239]	train-rmse:0.496211
[240]	train-rmse:0.496056
[241]	train-rmse:0.495944
[242]	train-rmse:0.495775
[243]	train-rmse:0.495613
[244]	train-rmse:0.495528
[245]	train-rmse:0.495409
[246]	train-rmse:0.495318
[247]	train-rmse:0.495211
[248]	train-rmse:0.495034
[249]	train-rmse:0.494807
[250]	train-rmse:0.494644
[251]	train-rmse:0.494508
[252]	train-rmse:0.494357
[253]	train-rmse:0.494222
[254]	train-rmse:0.494058
[255]	train-rmse:0.493919
[256]	train-rmse:0.493779
[257]	train-rmse:0.493716
[258]	train-rmse:0.493539
[259]	train-rmse:0.493442
[260]	train-rmse:0.493287
[261]	train-rmse:0.493103
[262]	train-rmse:0.492932
[263]	train-rmse:0.492844
[264]	train-rmse:0.492776
[265]	train-rmse:0.492600
[266]	train-rmse:0.492371
[267]	train-rmse:0.492250
[268]	train-rmse:0.492155
[269]	train-rmse:0.492111
[270]	train-rmse:0.491963
[271]	train-rmse:0.491816
[272]	train-rmse:0.491633
[273]	train-rmse:0.491481
[274]	train-rmse:0.491415
[275]	train-rmse:0.491251
[276]	train-rmse:0.491138
[277]	train-rmse:0.491028
[278]	train-rmse:0.490935
[279]	train-rmse:0.490708
[280]	train-rmse:0.490644
[281]	train-rmse:0.490496
[282]	train-rmse:0.490373
[283]	train-rmse:0.490202
[284]	train-rmse:0.490133
[285]	train-rmse:0.490060
[286]	train-rmse:0.489989
[287]	train-rmse:0.489813
[288]	train-rmse:0.489682
[289]	train-rmse:0.489511
[290]	train-rmse:0.489411
[291]	train-rmse:0.489212
[292]	train-rmse:0.489123
[293]	train-rmse:0.488933
[294]	train-rmse:0.488750
[295]	train-rmse:0.488684
[296]	train-rmse:0.488572
[297]	train-rmse:0.488384
[298]	train-rmse:0.488178
[299]	train-rmse:0.488042
[300]	train-rmse:0.487859
[301]	train-rmse:0.487722
[302]	train-rmse:0.487574
[303]	train-rmse:0.487433
[304]	train-rmse:0.487208
[305]	train-rmse:0.486928
[306]	train-rmse:0.486792
[307]	train-rmse:0.486634
[308]	train-rmse:0.486469
[309]	train-rmse:0.486443
[310]	train-rmse:0.486341
[311]	train-rmse:0.486168
[312]	train-rmse:0.485968
[313]	train-rmse:0.485829
[314]	train-rmse:0.485696
[315]	train-rmse:0.485549
[316]	train-rmse:0.485417
[317]	train-rmse:0.485314
[318]	train-rmse:0.485200
[319]	train-rmse:0.485032
[320]	train-rmse:0.484930
[321]	train-rmse:0.484784
[322]	train-rmse:0.484618
[323]	train-rmse:0.484434
[324]	train-rmse:0.484348
[325]	train-rmse:0.484187
[326]	train-rmse:0.484051
[327]	train-rmse:0.483929
[328]	train-rmse:0.483712
[329]	train-rmse:0.483536
[330]	train-rmse:0.483358
[331]	train-rmse:0.483147
[332]	train-rmse:0.483073
[333]	train-rmse:0.482940
[334]	train-rmse:0.482779
[335]	train-rmse:0.482661
[336]	train-rmse:0.482518
[337]	train-rmse:0.482394
[338]	train-rmse:0.482299
[339]	train-rmse:0.482195
[340]	train-rmse:0.482032
[341]	train-rmse:0.481904
[342]	train-rmse:0.481731
[343]	train-rmse:0.481583
[344]	train-rmse:0.481448
[345]	train-rmse:0.481304
[346]	train-rmse:0.481229
[347]	train-rmse:0.481123
[348]	train-rmse:0.480983
[349]	train-rmse:0.480846
[350]	train-rmse:0.480667
[351]	train-rmse:0.480564
[352]	train-rmse:0.480429
[353]	train-rmse:0.480282
[354]	train-rmse:0.480083
[355]	train-rmse:0.479949
[356]	train-rmse:0.479811
[357]	train-rmse:0.479649
[358]	train-rmse:0.479552
[359]	train-rmse:0.479469
[360]	train-rmse:0.479337
[361]	train-rmse:0.479193
[362]	train-rmse:0.479075
[363]	train-rmse:0.478896
[364]	train-rmse:0.478756
[365]	train-rmse:0.478647
[366]	train-rmse:0.478517
[367]	train-rmse:0.478355
[368]	train-rmse:0.478239
[369]	train-rmse:0.478126
[370]	train-rmse:0.478012
[371]	train-rmse:0.477838
[372]	train-rmse:0.477708
[373]	train-rmse:0.477547
[374]	train-rmse:0.477452
[375]	train-rmse:0.477341
[376]	train-rmse:0.477231
[377]	train-rmse:0.477143
[378]	train-rmse:0.477080
[379]	train-rmse:0.477034
[380]	train-rmse:0.476951
[381]	train-rmse:0.476833
[382]	train-rmse:0.476740
[383]	train-rmse:0.476691
[384]	train-rmse:0.476586
[385]	train-rmse:0.476453
[386]	train-rmse:0.476244
[387]	train-rmse:0.476104
[388]	train-rmse:0.475950
[389]	train-rmse:0.475808
[390]	train-rmse:0.475673
[391]	train-rmse:0.475546
[392]	train-rmse:0.475456
[393]	train-rmse:0.475332
[394]	train-rmse:0.475234
[395]	train-rmse:0.475150
[396]	train-rmse:0.474977
[397]	train-rmse:0.474857
[398]	train-rmse:0.474663
[399]	train-rmse:0.474522
[0]	train-rmse:0.790455
[1]	train-rmse:0.769271
[2]	train-rmse:0.751244
[3]	train-rmse:0.733221
[4]	train-rmse:0.717764
[5]	train-rmse:0.703909
[6]	train-rmse:0.691474
[7]	train-rmse:0.679680
[8]	train-rmse:0.669624
[9]	train-rmse:0.660276
[10]	train-rmse:0.651973
[11]	train-rmse:0.644638
[12]	train-rmse:0.637329
[13]	train-rmse:0.630922
[14]	train-rmse:0.625055
[15]	train-rmse:0.619921
[16]	train-rmse:0.615072
[17]	train-rmse:0.610119
[18]	train-rmse:0.605914
[19]	train-rmse:0.601770
[20]	train-rmse:0.598013
[21]	train-rmse:0.594747
[22]	train-rmse:0.591304
[23]	train-rmse:0.588553
[24]	train-rmse:0.586017
[25]	train-rmse:0.583647
[26]	train-rmse:0.581213
[27]	train-rmse:0.579092
[28]	train-rmse:0.577209
[29]	train-rmse:0.575032
[30]	train-rmse:0.573172
[31]	train-rmse:0.571454
[32]	train-rmse:0.569762
[33]	train-rmse:0.568228
[34]	train-rmse:0.566744
[35]	train-rmse:0.565204
[36]	train-rmse:0.563646
[37]	train-rmse:0.562395
[38]	train-rmse:0.561212
[39]	train-rmse:0.560045
[40]	train-rmse:0.558718
[41]	train-rmse:0.557412
[42]	train-rmse:0.556385
[43]	train-rmse:0.555329
[44]	train-rmse:0.554376
[45]	train-rmse:0.553357
[46]	train-rmse:0.552548
[47]	train-rmse:0.551473
[48]	train-rmse:0.550698
[49]	train-rmse:0.549923
[50]	train-rmse:0.548828
[51]	train-rmse:0.547967
[52]	train-rmse:0.547247
[53]	train-rmse:0.546315
[54]	train-rmse:0.545534
[55]	train-rmse:0.544701
[56]	train-rmse:0.544072
[57]	train-rmse:0.543452
[58]	train-rmse:0.542772
[59]	train-rmse:0.542179
[60]	train-rmse:0.541548
[61]	train-rmse:0.540946
[62]	train-rmse:0.540348
[63]	train-rmse:0.539892
[64]	train-rmse:0.539311
[65]	train-rmse:0.538826
[66]	train-rmse:0.538131
[67]	train-rmse:0.537526
[68]	train-rmse:0.537051
[69]	train-rmse:0.536557
[70]	train-rmse:0.536018
[71]	train-rmse:0.535557
[72]	train-rmse:0.534954
[73]	train-rmse:0.534390
[74]	train-rmse:0.533616
[75]	train-rmse:0.533245
[76]	train-rmse:0.532748
[77]	train-rmse:0.532297
[78]	train-rmse:0.531854
[79]	train-rmse:0.531468
[80]	train-rmse:0.531074
[81]	train-rmse:0.530719
[82]	train-rmse:0.530405
[83]	train-rmse:0.529958
[84]	train-rmse:0.529583
[85]	train-rmse:0.529198
[86]	train-rmse:0.528897
[87]	train-rmse:0.528504
[88]	train-rmse:0.528146
[89]	train-rmse:0.527823
[90]	train-rmse:0.527417
[91]	train-rmse:0.527116
[92]	train-rmse:0.526678
[93]	train-rmse:0.526323
[94]	train-rmse:0.525979
[95]	train-rmse:0.525603
[96]	train-rmse:0.525311
[97]	train-rmse:0.524889
[98]	train-rmse:0.524506
[99]	train-rmse:0.524243
[100]	train-rmse:0.523997
[101]	train-rmse:0.523732
[102]	train-rmse:0.523451
[103]	train-rmse:0.523072
[104]	train-rmse:0.522819
[105]	train-rmse:0.522463
[106]	train-rmse:0.522124
[107]	train-rmse:0.521872
[108]	train-rmse:0.521545
[109]	train-rmse:0.521264
[110]	train-rmse:0.520942
[111]	train-rmse:0.520654
[112]	train-rmse:0.520174
[113]	train-rmse:0.519788
[114]	train-rmse:0.519452
[115]	train-rmse:0.519250
[116]	train-rmse:0.518955
[117]	train-rmse:0.518751
[118]	train-rmse:0.518579
[119]	train-rmse:0.518278
[120]	train-rmse:0.518027
[121]	train-rmse:0.517593
[122]	train-rmse:0.517353
[123]	train-rmse:0.517101
[124]	train-rmse:0.516831
[125]	train-rmse:0.516624
[126]	train-rmse:0.516409
[127]	train-rmse:0.516189
[128]	train-rmse:0.515976
[129]	train-rmse:0.515759
[130]	train-rmse:0.515607
[131]	train-rmse:0.515385
[132]	train-rmse:0.515219
[133]	train-rmse:0.515056
[134]	train-rmse:0.514715
[135]	train-rmse:0.514454
[136]	train-rmse:0.514253
[137]	train-rmse:0.514057
[138]	train-rmse:0.513792
[139]	train-rmse:0.513516
[140]	train-rmse:0.513368
[141]	train-rmse:0.513103
[142]	train-rmse:0.512902
[143]	train-rmse:0.512676
[144]	train-rmse:0.512487
[145]	train-rmse:0.512278
[146]	train-rmse:0.512065
[147]	train-rmse:0.511856
[148]	train-rmse:0.511597
[149]	train-rmse:0.511438
[150]	train-rmse:0.511268
[151]	train-rmse:0.511119
[152]	train-rmse:0.510912
[153]	train-rmse:0.510777
[154]	train-rmse:0.510571
[155]	train-rmse:0.510377
[156]	train-rmse:0.510223
[157]	train-rmse:0.510109
[158]	train-rmse:0.509917
[159]	train-rmse:0.509739
[160]	train-rmse:0.509488
[161]	train-rmse:0.509311
[162]	train-rmse:0.509185
[163]	train-rmse:0.509032
[164]	train-rmse:0.508904
[165]	train-rmse:0.508763
[166]	train-rmse:0.508484
[167]	train-rmse:0.508240
[168]	train-rmse:0.508047
[169]	train-rmse:0.507952
[170]	train-rmse:0.507709
[171]	train-rmse:0.507545
[172]	train-rmse:0.507289
[173]	train-rmse:0.507067
[174]	train-rmse:0.506863
[175]	train-rmse:0.506676
[176]	train-rmse:0.506483
[177]	train-rmse:0.506351
[178]	train-rmse:0.506137
[179]	train-rmse:0.506063
[180]	train-rmse:0.505868
[181]	train-rmse:0.505723
[182]	train-rmse:0.505598
[183]	train-rmse:0.505497
[184]	train-rmse:0.505371
[185]	train-rmse:0.505232
[186]	train-rmse:0.505057
[187]	train-rmse:0.504889
[188]	train-rmse:0.504733
[189]	train-rmse:0.504548
[190]	train-rmse:0.504334
[191]	train-rmse:0.504217
[192]	train-rmse:0.504013
[193]	train-rmse:0.503798
[194]	train-rmse:0.503660
[195]	train-rmse:0.503432
[196]	train-rmse:0.503323
[197]	train-rmse:0.503101
[198]	train-rmse:0.502873
[199]	train-rmse:0.502729
[200]	train-rmse:0.502591
[201]	train-rmse:0.502483
[202]	train-rmse:0.502400
[203]	train-rmse:0.502271
[204]	train-rmse:0.502044
[205]	train-rmse:0.501897
[206]	train-rmse:0.501742
[207]	train-rmse:0.501569
[208]	train-rmse:0.501476
[209]	train-rmse:0.501283
[210]	train-rmse:0.501055
[211]	train-rmse:0.500962
[212]	train-rmse:0.500816
[213]	train-rmse:0.500649
[214]	train-rmse:0.500557
[215]	train-rmse:0.500365
[216]	train-rmse:0.500257
[217]	train-rmse:0.500130
[218]	train-rmse:0.499943
[219]	train-rmse:0.499706
[220]	train-rmse:0.499539
[221]	train-rmse:0.499438
[222]	train-rmse:0.499326
[223]	train-rmse:0.499263
[224]	train-rmse:0.499098
[225]	train-rmse:0.498976
[226]	train-rmse:0.498897
[227]	train-rmse:0.498667
[228]	train-rmse:0.498496
[229]	train-rmse:0.498375
[230]	train-rmse:0.498188
[231]	train-rmse:0.498110
[232]	train-rmse:0.497945
[233]	train-rmse:0.497727
[234]	train-rmse:0.497545
[235]	train-rmse:0.497416
[236]	train-rmse:0.497266
[237]	train-rmse:0.497080
[238]	train-rmse:0.496892
[239]	train-rmse:0.496791
[240]	train-rmse:0.496666
[241]	train-rmse:0.496515
[242]	train-rmse:0.496407
[243]	train-rmse:0.496166
[244]	train-rmse:0.495983
[245]	train-rmse:0.495921
[246]	train-rmse:0.495665
[247]	train-rmse:0.495555
[248]	train-rmse:0.495453
[249]	train-rmse:0.495323
[250]	train-rmse:0.495196
[251]	train-rmse:0.495100
[252]	train-rmse:0.495010
[253]	train-rmse:0.494818
[254]	train-rmse:0.494692
[255]	train-rmse:0.494526
[256]	train-rmse:0.494329
[257]	train-rmse:0.494227
[258]	train-rmse:0.494071
[259]	train-rmse:0.493929
[260]	train-rmse:0.493786
[261]	train-rmse:0.493649
[262]	train-rmse:0.493467
[263]	train-rmse:0.493354
[264]	train-rmse:0.493206
[265]	train-rmse:0.493079
[266]	train-rmse:0.492955
[267]	train-rmse:0.492933
[268]	train-rmse:0.492765
[269]	train-rmse:0.492608
[270]	train-rmse:0.492454
[271]	train-rmse:0.492274
[272]	train-rmse:0.492132
[273]	train-rmse:0.492051
[274]	train-rmse:0.491848
[275]	train-rmse:0.491665
[276]	train-rmse:0.491560
[277]	train-rmse:0.491489
[278]	train-rmse:0.491371
[279]	train-rmse:0.491258
[280]	train-rmse:0.491111
[281]	train-rmse:0.491022
[282]	train-rmse:0.490911
[283]	train-rmse:0.490774
[284]	train-rmse:0.490678
[285]	train-rmse:0.490496
[286]	train-rmse:0.490326
[287]	train-rmse:0.490179
[288]	train-rmse:0.490104
[289]	train-rmse:0.490015
[290]	train-rmse:0.489904
[291]	train-rmse:0.489793
[292]	train-rmse:0.489648
[293]	train-rmse:0.489492
[294]	train-rmse:0.489355
[295]	train-rmse:0.489266
[296]	train-rmse:0.489144
[297]	train-rmse:0.489033
[298]	train-rmse:0.488939
[299]	train-rmse:0.488845
[300]	train-rmse:0.488718
[301]	train-rmse:0.488603
[302]	train-rmse:0.488524
[303]	train-rmse:0.488404
[304]	train-rmse:0.488191
[305]	train-rmse:0.488092
[306]	train-rmse:0.487994
[307]	train-rmse:0.487888
[308]	train-rmse:0.487781
[309]	train-rmse:0.487606
[310]	train-rmse:0.487466
[311]	train-rmse:0.487336
[312]	train-rmse:0.487254
[313]	train-rmse:0.487151
[314]	train-rmse:0.487039
[315]	train-rmse:0.486945
[316]	train-rmse:0.486817
[317]	train-rmse:0.486658
[318]	train-rmse:0.486525
[319]	train-rmse:0.486413
[320]	train-rmse:0.486214
[321]	train-rmse:0.486085
[322]	train-rmse:0.485930
[323]	train-rmse:0.485748
[324]	train-rmse:0.485630
[325]	train-rmse:0.485471
[326]	train-rmse:0.485427
[327]	train-rmse:0.485234
[328]	train-rmse:0.485150
[329]	train-rmse:0.484979
[330]	train-rmse:0.484820
[331]	train-rmse:0.484702
[332]	train-rmse:0.484598
[333]	train-rmse:0.484460
[334]	train-rmse:0.484351
[335]	train-rmse:0.484223
[336]	train-rmse:0.484116
[337]	train-rmse:0.483983
[338]	train-rmse:0.483860
[339]	train-rmse:0.483782
[340]	train-rmse:0.483643
[341]	train-rmse:0.483480
[342]	train-rmse:0.483404
[343]	train-rmse:0.483269
[344]	train-rmse:0.483085
[345]	train-rmse:0.483012
[346]	train-rmse:0.482877
[347]	train-rmse:0.482771
[348]	train-rmse:0.482675
[349]	train-rmse:0.482606
[350]	train-rmse:0.482469
[351]	train-rmse:0.482260
[352]	train-rmse:0.482123
[353]	train-rmse:0.481928
[354]	train-rmse:0.481796
[355]	train-rmse:0.481628
[356]	train-rmse:0.481526
[357]	train-rmse:0.481392
[358]	train-rmse:0.481280
[359]	train-rmse:0.481202
[360]	train-rmse:0.481135
[361]	train-rmse:0.480969
[362]	train-rmse:0.480894
[363]	train-rmse:0.480737
[364]	train-rmse:0.480597
[365]	train-rmse:0.480507
[366]	train-rmse:0.480412
[367]	train-rmse:0.480314
[368]	train-rmse:0.480242
[369]	train-rmse:0.480134
[370]	train-rmse:0.479962
[371]	train-rmse:0.479850
[372]	train-rmse:0.479714
[373]	train-rmse:0.479687
[374]	train-rmse:0.479519
[375]	train-rmse:0.479339
[376]	train-rmse:0.479151
[377]	train-rmse:0.479029
[378]	train-rmse:0.478911
[379]	train-rmse:0.478780
[380]	train-rmse:0.478708
[381]	train-rmse:0.478608
[382]	train-rmse:0.478523
[383]	train-rmse:0.478388
[384]	train-rmse:0.478237
[385]	train-rmse:0.478097
[386]	train-rmse:0.477960
[387]	train-rmse:0.477894
[388]	train-rmse:0.477811
[389]	train-rmse:0.477725
[390]	train-rmse:0.477594
[391]	train-rmse:0.477439
[392]	train-rmse:0.477348
[393]	train-rmse:0.477248
[394]	train-rmse:0.477131
[395]	train-rmse:0.477068
[396]	train-rmse:0.476960
[397]	train-rmse:0.476816
[398]	train-rmse:0.476649
[399]	train-rmse:0.476527
[Tune-y] 11: mae.test.mean=1.15e+03; time: 38.1 min; memory: 202Mb use, 655Mb max
           used  (Mb) gc trigger  (Mb) max used  (Mb)
Ncells  1388130  74.2    2637877 140.9  1770749  94.6
Vcells 16126413 123.1   47048107 359.0 73502937 560.8
Job time in seconds: 2289
Error in unserialize(node$con) : error reading from connection
Calls: <Anonymous> ... doTryCatch -> recvData -> recvData.SOCKnode -> unserialize
Execution halted
