[Tune-x] 12: max_depth=7; min_child_weight=2; eta=0.0869; colsample_bytree=0.853; subsample=0.884
[0]	train-rmse:0.784563
[1]	train-rmse:0.759181
[2]	train-rmse:0.736523
[3]	train-rmse:0.717338
[4]	train-rmse:0.700486
[5]	train-rmse:0.685734
[6]	train-rmse:0.672851
[7]	train-rmse:0.660890
[8]	train-rmse:0.650753
[9]	train-rmse:0.641692
[10]	train-rmse:0.633618
[11]	train-rmse:0.626405
[12]	train-rmse:0.619119
[13]	train-rmse:0.612884
[14]	train-rmse:0.607231
[15]	train-rmse:0.602246
[16]	train-rmse:0.597635
[17]	train-rmse:0.594052
[18]	train-rmse:0.590562
[19]	train-rmse:0.587545
[20]	train-rmse:0.584877
[21]	train-rmse:0.581636
[22]	train-rmse:0.579008
[23]	train-rmse:0.576684
[24]	train-rmse:0.574351
[25]	train-rmse:0.572156
[26]	train-rmse:0.569953
[27]	train-rmse:0.568074
[28]	train-rmse:0.566343
[29]	train-rmse:0.564619
[30]	train-rmse:0.562840
[31]	train-rmse:0.561419
[32]	train-rmse:0.560006
[33]	train-rmse:0.558249
[34]	train-rmse:0.556705
[35]	train-rmse:0.555399
[36]	train-rmse:0.554034
[37]	train-rmse:0.552994
[38]	train-rmse:0.552042
[39]	train-rmse:0.550690
[40]	train-rmse:0.549332
[41]	train-rmse:0.548083
[42]	train-rmse:0.547131
[43]	train-rmse:0.546248
[44]	train-rmse:0.545308
[45]	train-rmse:0.544434
[46]	train-rmse:0.543484
[47]	train-rmse:0.542636
[48]	train-rmse:0.541883
[49]	train-rmse:0.541050
[50]	train-rmse:0.540404
[51]	train-rmse:0.539463
[52]	train-rmse:0.538788
[53]	train-rmse:0.538058
[54]	train-rmse:0.537290
[55]	train-rmse:0.536399
[56]	train-rmse:0.535716
[57]	train-rmse:0.535090
[58]	train-rmse:0.534288
[59]	train-rmse:0.533675
[60]	train-rmse:0.533055
[61]	train-rmse:0.532480
[62]	train-rmse:0.532003
[63]	train-rmse:0.531471
[64]	train-rmse:0.530821
[65]	train-rmse:0.530230
[66]	train-rmse:0.529704
[67]	train-rmse:0.529234
[68]	train-rmse:0.528603
[69]	train-rmse:0.528119
[70]	train-rmse:0.527797
[71]	train-rmse:0.527347
[72]	train-rmse:0.526970
[73]	train-rmse:0.526235
[74]	train-rmse:0.525889
[75]	train-rmse:0.525231
[76]	train-rmse:0.524782
[77]	train-rmse:0.524314
[78]	train-rmse:0.523888
[79]	train-rmse:0.523503
[80]	train-rmse:0.523227
[81]	train-rmse:0.522903
[82]	train-rmse:0.522531
[83]	train-rmse:0.522109
[84]	train-rmse:0.521768
[85]	train-rmse:0.521398
[86]	train-rmse:0.521170
[87]	train-rmse:0.520806
[88]	train-rmse:0.520388
[89]	train-rmse:0.520212
[90]	train-rmse:0.519973
[91]	train-rmse:0.519686
[92]	train-rmse:0.519414
[93]	train-rmse:0.518948
[94]	train-rmse:0.518693
[95]	train-rmse:0.518327
[96]	train-rmse:0.517856
[97]	train-rmse:0.517485
[98]	train-rmse:0.517235
[99]	train-rmse:0.516920
[100]	train-rmse:0.516403
[101]	train-rmse:0.516063
[102]	train-rmse:0.515774
[103]	train-rmse:0.515558
[104]	train-rmse:0.515180
[105]	train-rmse:0.514754
[106]	train-rmse:0.514525
[107]	train-rmse:0.514240
[108]	train-rmse:0.513869
[109]	train-rmse:0.513585
[110]	train-rmse:0.513307
[111]	train-rmse:0.512989
[112]	train-rmse:0.512758
[113]	train-rmse:0.512421
[114]	train-rmse:0.512170
[115]	train-rmse:0.511908
[116]	train-rmse:0.511555
[117]	train-rmse:0.511267
[118]	train-rmse:0.511062
[119]	train-rmse:0.510866
[120]	train-rmse:0.510608
[121]	train-rmse:0.510242
[122]	train-rmse:0.509997
[123]	train-rmse:0.509692
[124]	train-rmse:0.509485
[125]	train-rmse:0.509150
[126]	train-rmse:0.508885
[127]	train-rmse:0.508655
[128]	train-rmse:0.508327
[129]	train-rmse:0.508015
[130]	train-rmse:0.507878
[131]	train-rmse:0.507687
[132]	train-rmse:0.507444
[133]	train-rmse:0.507215
[134]	train-rmse:0.506971
[135]	train-rmse:0.506657
[136]	train-rmse:0.506512
[137]	train-rmse:0.506327
[138]	train-rmse:0.506004
[139]	train-rmse:0.505810
[140]	train-rmse:0.505611
[141]	train-rmse:0.505329
[142]	train-rmse:0.505048
[143]	train-rmse:0.504890
[144]	train-rmse:0.504620
[145]	train-rmse:0.504420
[146]	train-rmse:0.504284
[147]	train-rmse:0.503955
[148]	train-rmse:0.503822
[149]	train-rmse:0.503549
[150]	train-rmse:0.503375
[151]	train-rmse:0.503142
[152]	train-rmse:0.502871
[153]	train-rmse:0.502569
[154]	train-rmse:0.502375
[155]	train-rmse:0.502172
[156]	train-rmse:0.502005
[157]	train-rmse:0.501791
[158]	train-rmse:0.501682
[159]	train-rmse:0.501448
[160]	train-rmse:0.501283
[161]	train-rmse:0.501130
[162]	train-rmse:0.500890
[163]	train-rmse:0.500677
[164]	train-rmse:0.500483
[165]	train-rmse:0.500342
[166]	train-rmse:0.500061
[167]	train-rmse:0.499845
[168]	train-rmse:0.499644
[169]	train-rmse:0.499469
[170]	train-rmse:0.499393
[171]	train-rmse:0.499136
[172]	train-rmse:0.498892
[173]	train-rmse:0.498694
[174]	train-rmse:0.498543
[175]	train-rmse:0.498379
[176]	train-rmse:0.498227
[177]	train-rmse:0.498095
[178]	train-rmse:0.497993
[179]	train-rmse:0.497812
[180]	train-rmse:0.497687
[181]	train-rmse:0.497363
[182]	train-rmse:0.497128
[183]	train-rmse:0.496925
[184]	train-rmse:0.496710
[185]	train-rmse:0.496489
[186]	train-rmse:0.496362
[187]	train-rmse:0.496192
[188]	train-rmse:0.496041
[189]	train-rmse:0.495977
[190]	train-rmse:0.495821
[191]	train-rmse:0.495639
[192]	train-rmse:0.495562
[193]	train-rmse:0.495292
[194]	train-rmse:0.495069
[195]	train-rmse:0.494888
[196]	train-rmse:0.494769
[197]	train-rmse:0.494620
[198]	train-rmse:0.494367
[199]	train-rmse:0.494176
[200]	train-rmse:0.494047
[201]	train-rmse:0.493892
[202]	train-rmse:0.493725
[203]	train-rmse:0.493643
[204]	train-rmse:0.493462
[205]	train-rmse:0.493164
[206]	train-rmse:0.492943
[207]	train-rmse:0.492764
[208]	train-rmse:0.492589
[209]	train-rmse:0.492457
[210]	train-rmse:0.492276
[211]	train-rmse:0.492091
[212]	train-rmse:0.491841
[213]	train-rmse:0.491667
[214]	train-rmse:0.491390
[215]	train-rmse:0.491243
[216]	train-rmse:0.491072
[217]	train-rmse:0.490899
[218]	train-rmse:0.490669
[219]	train-rmse:0.490516
[220]	train-rmse:0.490322
[221]	train-rmse:0.490091
[222]	train-rmse:0.489946
[223]	train-rmse:0.489712
[224]	train-rmse:0.489610
[225]	train-rmse:0.489422
[226]	train-rmse:0.489192
[227]	train-rmse:0.489073
[228]	train-rmse:0.488874
[229]	train-rmse:0.488649
[230]	train-rmse:0.488534
[231]	train-rmse:0.488383
[232]	train-rmse:0.488233
[233]	train-rmse:0.488032
[234]	train-rmse:0.487867
[235]	train-rmse:0.487705
[236]	train-rmse:0.487489
[237]	train-rmse:0.487240
[238]	train-rmse:0.487014
[239]	train-rmse:0.486934
[240]	train-rmse:0.486739
[241]	train-rmse:0.486607
[242]	train-rmse:0.486452
[243]	train-rmse:0.486310
[244]	train-rmse:0.486097
[245]	train-rmse:0.485840
[246]	train-rmse:0.485602
[247]	train-rmse:0.485520
[248]	train-rmse:0.485448
[249]	train-rmse:0.485298
[250]	train-rmse:0.485087
[251]	train-rmse:0.484871
[252]	train-rmse:0.484799
[253]	train-rmse:0.484664
[254]	train-rmse:0.484574
[255]	train-rmse:0.484356
[256]	train-rmse:0.484306
[257]	train-rmse:0.484232
[258]	train-rmse:0.484075
[259]	train-rmse:0.483985
[260]	train-rmse:0.483814
[261]	train-rmse:0.483601
[262]	train-rmse:0.483406
[263]	train-rmse:0.483262
[264]	train-rmse:0.483051
[265]	train-rmse:0.483001
[266]	train-rmse:0.482799
[267]	train-rmse:0.482733
[268]	train-rmse:0.482596
[269]	train-rmse:0.482430
[270]	train-rmse:0.482291
[271]	train-rmse:0.482078
[272]	train-rmse:0.481970
[273]	train-rmse:0.481803
[274]	train-rmse:0.481657
[275]	train-rmse:0.481470
[276]	train-rmse:0.481439
[277]	train-rmse:0.481339
[278]	train-rmse:0.481161
[279]	train-rmse:0.481013
[280]	train-rmse:0.480831
[281]	train-rmse:0.480689
[282]	train-rmse:0.480557
[283]	train-rmse:0.480487
[284]	train-rmse:0.480312
[285]	train-rmse:0.480190
[286]	train-rmse:0.479998
[287]	train-rmse:0.479820
[288]	train-rmse:0.479664
[289]	train-rmse:0.479492
[290]	train-rmse:0.479392
[291]	train-rmse:0.479248
[292]	train-rmse:0.479178
[293]	train-rmse:0.479034
[294]	train-rmse:0.478837
[295]	train-rmse:0.478666
[296]	train-rmse:0.478471
[297]	train-rmse:0.478359
[298]	train-rmse:0.478226
[299]	train-rmse:0.478066
[300]	train-rmse:0.477826
[301]	train-rmse:0.477662
[302]	train-rmse:0.477550
[303]	train-rmse:0.477418
[304]	train-rmse:0.477320
[305]	train-rmse:0.477157
[306]	train-rmse:0.477077
[307]	train-rmse:0.476938
[308]	train-rmse:0.476850
[309]	train-rmse:0.476670
[310]	train-rmse:0.476541
[311]	train-rmse:0.476394
[312]	train-rmse:0.476239
[313]	train-rmse:0.476092
[314]	train-rmse:0.475920
[315]	train-rmse:0.475805
[316]	train-rmse:0.475613
[317]	train-rmse:0.475481
[318]	train-rmse:0.475424
[319]	train-rmse:0.475217
[320]	train-rmse:0.475002
[321]	train-rmse:0.474888
[322]	train-rmse:0.474751
[323]	train-rmse:0.474528
[324]	train-rmse:0.474350
[325]	train-rmse:0.474183
[326]	train-rmse:0.474020
[327]	train-rmse:0.473845
[328]	train-rmse:0.473712
[329]	train-rmse:0.473552
[330]	train-rmse:0.473385
[331]	train-rmse:0.473213
[332]	train-rmse:0.473000
[333]	train-rmse:0.472844
[334]	train-rmse:0.472731
[335]	train-rmse:0.472569
[336]	train-rmse:0.472340
[337]	train-rmse:0.472150
[338]	train-rmse:0.471961
[339]	train-rmse:0.471844
[340]	train-rmse:0.471664
[341]	train-rmse:0.471591
[342]	train-rmse:0.471496
[343]	train-rmse:0.471410
[344]	train-rmse:0.471280
[345]	train-rmse:0.471182
[346]	train-rmse:0.471049
[347]	train-rmse:0.470965
[348]	train-rmse:0.470820
[349]	train-rmse:0.470756
[350]	train-rmse:0.470533
[351]	train-rmse:0.470341
[352]	train-rmse:0.470138
[353]	train-rmse:0.469967
[354]	train-rmse:0.469819
[355]	train-rmse:0.469699
[356]	train-rmse:0.469499
[357]	train-rmse:0.469353
[358]	train-rmse:0.469194
[359]	train-rmse:0.468957
[360]	train-rmse:0.468807
[361]	train-rmse:0.468654
[362]	train-rmse:0.468559
[363]	train-rmse:0.468401
[364]	train-rmse:0.468266
[365]	train-rmse:0.468104
[366]	train-rmse:0.467937
[367]	train-rmse:0.467737
[368]	train-rmse:0.467724
[369]	train-rmse:0.467569
[370]	train-rmse:0.467339
[371]	train-rmse:0.467278
[372]	train-rmse:0.467079
[373]	train-rmse:0.467028
[374]	train-rmse:0.466843
[375]	train-rmse:0.466666
[376]	train-rmse:0.466524
[377]	train-rmse:0.466376
[378]	train-rmse:0.466278
[379]	train-rmse:0.466123
[380]	train-rmse:0.466052
[381]	train-rmse:0.465955
[382]	train-rmse:0.465853
[383]	train-rmse:0.465777
[384]	train-rmse:0.465680
[385]	train-rmse:0.465541
[386]	train-rmse:0.465451
[387]	train-rmse:0.465287
[388]	train-rmse:0.465120
[389]	train-rmse:0.464976
[390]	train-rmse:0.464946
[391]	train-rmse:0.464730
[392]	train-rmse:0.464510
[393]	train-rmse:0.464375
[394]	train-rmse:0.464252
[395]	train-rmse:0.464129
[396]	train-rmse:0.464030
[397]	train-rmse:0.463890
[398]	train-rmse:0.463713
[399]	train-rmse:0.463571
[0]	train-rmse:0.783378
[1]	train-rmse:0.758692
[2]	train-rmse:0.736941
[3]	train-rmse:0.717900
[4]	train-rmse:0.701568
[5]	train-rmse:0.686428
[6]	train-rmse:0.674111
[7]	train-rmse:0.662339
[8]	train-rmse:0.652167
[9]	train-rmse:0.642522
[10]	train-rmse:0.634487
[11]	train-rmse:0.627136
[12]	train-rmse:0.620528
[13]	train-rmse:0.614612
[14]	train-rmse:0.609263
[15]	train-rmse:0.603950
[16]	train-rmse:0.599718
[17]	train-rmse:0.595438
[18]	train-rmse:0.591847
[19]	train-rmse:0.588381
[20]	train-rmse:0.585456
[21]	train-rmse:0.582483
[22]	train-rmse:0.579772
[23]	train-rmse:0.577507
[24]	train-rmse:0.575116
[25]	train-rmse:0.573002
[26]	train-rmse:0.570930
[27]	train-rmse:0.568860
[28]	train-rmse:0.566780
[29]	train-rmse:0.564910
[30]	train-rmse:0.563253
[31]	train-rmse:0.561680
[32]	train-rmse:0.560137
[33]	train-rmse:0.558756
[34]	train-rmse:0.557281
[35]	train-rmse:0.555925
[36]	train-rmse:0.554707
[37]	train-rmse:0.553523
[38]	train-rmse:0.552377
[39]	train-rmse:0.551467
[40]	train-rmse:0.550369
[41]	train-rmse:0.549401
[42]	train-rmse:0.548486
[43]	train-rmse:0.547544
[44]	train-rmse:0.546441
[45]	train-rmse:0.545514
[46]	train-rmse:0.544569
[47]	train-rmse:0.543755
[48]	train-rmse:0.543016
[49]	train-rmse:0.542147
[50]	train-rmse:0.541289
[51]	train-rmse:0.540687
[52]	train-rmse:0.540151
[53]	train-rmse:0.539385
[54]	train-rmse:0.538665
[55]	train-rmse:0.538044
[56]	train-rmse:0.537351
[57]	train-rmse:0.536853
[58]	train-rmse:0.536113
[59]	train-rmse:0.535073
[60]	train-rmse:0.534450
[61]	train-rmse:0.533924
[62]	train-rmse:0.533469
[63]	train-rmse:0.532941
[64]	train-rmse:0.532459
[65]	train-rmse:0.531919
[66]	train-rmse:0.531374
[67]	train-rmse:0.530868
[68]	train-rmse:0.530191
[69]	train-rmse:0.529788
[70]	train-rmse:0.529440
[71]	train-rmse:0.529059
[72]	train-rmse:0.528656
[73]	train-rmse:0.528170
[74]	train-rmse:0.527842
[75]	train-rmse:0.527211
[76]	train-rmse:0.526773
[77]	train-rmse:0.526390
[78]	train-rmse:0.526010
[79]	train-rmse:0.525640
[80]	train-rmse:0.525256
[81]	train-rmse:0.524790
[82]	train-rmse:0.524389
[83]	train-rmse:0.523907
[84]	train-rmse:0.523332
[85]	train-rmse:0.523029
[86]	train-rmse:0.522565
[87]	train-rmse:0.522197
[88]	train-rmse:0.521900
[89]	train-rmse:0.521534
[90]	train-rmse:0.521235
[91]	train-rmse:0.520871
[92]	train-rmse:0.520591
[93]	train-rmse:0.520231
[94]	train-rmse:0.519907
[95]	train-rmse:0.519570
[96]	train-rmse:0.519265
[97]	train-rmse:0.518961
[98]	train-rmse:0.518629
[99]	train-rmse:0.518312
[100]	train-rmse:0.518078
[101]	train-rmse:0.517663
[102]	train-rmse:0.517305
[103]	train-rmse:0.517001
[104]	train-rmse:0.516766
[105]	train-rmse:0.516509
[106]	train-rmse:0.516252
[107]	train-rmse:0.515848
[108]	train-rmse:0.515488
[109]	train-rmse:0.515200
[110]	train-rmse:0.514911
[111]	train-rmse:0.514654
[112]	train-rmse:0.514338
[113]	train-rmse:0.514042
[114]	train-rmse:0.513719
[115]	train-rmse:0.513428
[116]	train-rmse:0.513171
[117]	train-rmse:0.513004
[118]	train-rmse:0.512750
[119]	train-rmse:0.512546
[120]	train-rmse:0.512382
[121]	train-rmse:0.512092
[122]	train-rmse:0.511715
[123]	train-rmse:0.511487
[124]	train-rmse:0.511257
[125]	train-rmse:0.510977
[126]	train-rmse:0.510836
[127]	train-rmse:0.510591
[128]	train-rmse:0.510399
[129]	train-rmse:0.510187
[130]	train-rmse:0.510030
[131]	train-rmse:0.509729
[132]	train-rmse:0.509531
[133]	train-rmse:0.509380
[134]	train-rmse:0.509139
[135]	train-rmse:0.508921
[136]	train-rmse:0.508704
[137]	train-rmse:0.508471
[138]	train-rmse:0.508175
[139]	train-rmse:0.507892
[140]	train-rmse:0.507654
[141]	train-rmse:0.507489
[142]	train-rmse:0.507192
[143]	train-rmse:0.506927
[144]	train-rmse:0.506704
[145]	train-rmse:0.506514
[146]	train-rmse:0.506331
[147]	train-rmse:0.506104
[148]	train-rmse:0.506005
[149]	train-rmse:0.505832
[150]	train-rmse:0.505619
[151]	train-rmse:0.505446
[152]	train-rmse:0.505289
[153]	train-rmse:0.505027
[154]	train-rmse:0.504677
[155]	train-rmse:0.504340
[156]	train-rmse:0.504182
[157]	train-rmse:0.504006
[158]	train-rmse:0.503857
[159]	train-rmse:0.503712
[160]	train-rmse:0.503497
[161]	train-rmse:0.503350
[162]	train-rmse:0.503200
[163]	train-rmse:0.503019
[164]	train-rmse:0.502850
[165]	train-rmse:0.502686
[166]	train-rmse:0.502457
[167]	train-rmse:0.502334
[168]	train-rmse:0.502140
[169]	train-rmse:0.501957
[170]	train-rmse:0.501820
[171]	train-rmse:0.501615
[172]	train-rmse:0.501305
[173]	train-rmse:0.501054
[174]	train-rmse:0.500829
[175]	train-rmse:0.500568
[176]	train-rmse:0.500386
[177]	train-rmse:0.500221
[178]	train-rmse:0.500053
[179]	train-rmse:0.499774
[180]	train-rmse:0.499528
[181]	train-rmse:0.499392
[182]	train-rmse:0.499207
[183]	train-rmse:0.499073
[184]	train-rmse:0.498953
[185]	train-rmse:0.498678
[186]	train-rmse:0.498405
[187]	train-rmse:0.498169
[188]	train-rmse:0.497947
[189]	train-rmse:0.497887
[190]	train-rmse:0.497800
[191]	train-rmse:0.497631
[192]	train-rmse:0.497369
[193]	train-rmse:0.497294
[194]	train-rmse:0.496980
[195]	train-rmse:0.496705
[196]	train-rmse:0.496515
[197]	train-rmse:0.496377
[198]	train-rmse:0.496314
[199]	train-rmse:0.496139
[200]	train-rmse:0.495898
[201]	train-rmse:0.495790
[202]	train-rmse:0.495556
[203]	train-rmse:0.495324
[204]	train-rmse:0.495128
[205]	train-rmse:0.494978
[206]	train-rmse:0.494784
[207]	train-rmse:0.494648
[208]	train-rmse:0.494409
[209]	train-rmse:0.494258
[210]	train-rmse:0.494056
[211]	train-rmse:0.493799
[212]	train-rmse:0.493670
[213]	train-rmse:0.493567
[214]	train-rmse:0.493425
[215]	train-rmse:0.493392
[216]	train-rmse:0.493178
[217]	train-rmse:0.493041
[218]	train-rmse:0.492866
[219]	train-rmse:0.492657
[220]	train-rmse:0.492476
[221]	train-rmse:0.492227
[222]	train-rmse:0.492027
[223]	train-rmse:0.491891
[224]	train-rmse:0.491649
[225]	train-rmse:0.491408
[226]	train-rmse:0.491208
[227]	train-rmse:0.491014
[228]	train-rmse:0.490881
[229]	train-rmse:0.490740
[230]	train-rmse:0.490588
[231]	train-rmse:0.490388
[232]	train-rmse:0.490195
[233]	train-rmse:0.489953
[234]	train-rmse:0.489799
[235]	train-rmse:0.489705
[236]	train-rmse:0.489644
[237]	train-rmse:0.489489
[238]	train-rmse:0.489368
[239]	train-rmse:0.489235
[240]	train-rmse:0.489147
[241]	train-rmse:0.488923
[242]	train-rmse:0.488820
[243]	train-rmse:0.488633
[244]	train-rmse:0.488454
[245]	train-rmse:0.488260
[246]	train-rmse:0.488081
[247]	train-rmse:0.487900
[248]	train-rmse:0.487715
[249]	train-rmse:0.487593
[250]	train-rmse:0.487447
[251]	train-rmse:0.487285
[252]	train-rmse:0.487148
[253]	train-rmse:0.487013
[254]	train-rmse:0.486852
[255]	train-rmse:0.486658
[256]	train-rmse:0.486458
[257]	train-rmse:0.486298
[258]	train-rmse:0.486203
[259]	train-rmse:0.485999
[260]	train-rmse:0.485916
[261]	train-rmse:0.485698
[262]	train-rmse:0.485581
[263]	train-rmse:0.485546
[264]	train-rmse:0.485381
[265]	train-rmse:0.485210
[266]	train-rmse:0.485101
[267]	train-rmse:0.484939
[268]	train-rmse:0.484757
[269]	train-rmse:0.484590
[270]	train-rmse:0.484405
[271]	train-rmse:0.484320
[272]	train-rmse:0.484241
[273]	train-rmse:0.484032
[274]	train-rmse:0.483929
[275]	train-rmse:0.483779
[276]	train-rmse:0.483576
[277]	train-rmse:0.483327
[278]	train-rmse:0.483163
[279]	train-rmse:0.482985
[280]	train-rmse:0.482807
[281]	train-rmse:0.482729
[282]	train-rmse:0.482547
[283]	train-rmse:0.482391
[284]	train-rmse:0.482209
[285]	train-rmse:0.482085
[286]	train-rmse:0.481860
[287]	train-rmse:0.481773
[288]	train-rmse:0.481605
[289]	train-rmse:0.481448
[290]	train-rmse:0.481329
[291]	train-rmse:0.481079
[292]	train-rmse:0.480865
[293]	train-rmse:0.480592
[294]	train-rmse:0.480401
[295]	train-rmse:0.480264
[296]	train-rmse:0.480167
[297]	train-rmse:0.480029
[298]	train-rmse:0.479796
[299]	train-rmse:0.479725
[300]	train-rmse:0.479579
[301]	train-rmse:0.479494
[302]	train-rmse:0.479401
[303]	train-rmse:0.479252
[304]	train-rmse:0.479056
[305]	train-rmse:0.478879
[306]	train-rmse:0.478689
[307]	train-rmse:0.478532
[308]	train-rmse:0.478332
[309]	train-rmse:0.478245
[310]	train-rmse:0.478062
[311]	train-rmse:0.477905
[312]	train-rmse:0.477754
[313]	train-rmse:0.477590
[314]	train-rmse:0.477442
[315]	train-rmse:0.477261
[316]	train-rmse:0.477109
[317]	train-rmse:0.476920
[318]	train-rmse:0.476788
[319]	train-rmse:0.476641
[320]	train-rmse:0.476593
[321]	train-rmse:0.476484
[322]	train-rmse:0.476288
[323]	train-rmse:0.476119
[324]	train-rmse:0.476005
[325]	train-rmse:0.475835
[326]	train-rmse:0.475733
[327]	train-rmse:0.475553
[328]	train-rmse:0.475322
[329]	train-rmse:0.475108
[330]	train-rmse:0.474955
[331]	train-rmse:0.474866
[332]	train-rmse:0.474713
[333]	train-rmse:0.474527
[334]	train-rmse:0.474469
[335]	train-rmse:0.474339
[336]	train-rmse:0.474221
[337]	train-rmse:0.474030
[338]	train-rmse:0.473814
[339]	train-rmse:0.473739
[340]	train-rmse:0.473574
[341]	train-rmse:0.473465
[342]	train-rmse:0.473398
[343]	train-rmse:0.473199
[344]	train-rmse:0.473010
[345]	train-rmse:0.472881
[346]	train-rmse:0.472719
[347]	train-rmse:0.472603
[348]	train-rmse:0.472432
[349]	train-rmse:0.472315
[350]	train-rmse:0.472133
[351]	train-rmse:0.471965
[352]	train-rmse:0.471855
[353]	train-rmse:0.471757
[354]	train-rmse:0.471617
[355]	train-rmse:0.471527
[356]	train-rmse:0.471330
[357]	train-rmse:0.471221
[358]	train-rmse:0.471073
[359]	train-rmse:0.470930
[360]	train-rmse:0.470858
[361]	train-rmse:0.470744
[362]	train-rmse:0.470533
[363]	train-rmse:0.470394
[364]	train-rmse:0.470229
[365]	train-rmse:0.470160
[366]	train-rmse:0.470004
[367]	train-rmse:0.469778
[368]	train-rmse:0.469632
[369]	train-rmse:0.469553
[370]	train-rmse:0.469361
[371]	train-rmse:0.469243
[372]	train-rmse:0.469130
[373]	train-rmse:0.469033
[374]	train-rmse:0.468818
[375]	train-rmse:0.468715
[376]	train-rmse:0.468632
[377]	train-rmse:0.468483
[378]	train-rmse:0.468315
[379]	train-rmse:0.468241
[380]	train-rmse:0.468175
[381]	train-rmse:0.468111
[382]	train-rmse:0.467912
[383]	train-rmse:0.467854
[384]	train-rmse:0.467751
[385]	train-rmse:0.467615
[386]	train-rmse:0.467484
[387]	train-rmse:0.467331
[388]	train-rmse:0.467157
[389]	train-rmse:0.467054
[390]	train-rmse:0.466924
[391]	train-rmse:0.466747
[392]	train-rmse:0.466624
[393]	train-rmse:0.466504
[394]	train-rmse:0.466315
[395]	train-rmse:0.466144
[396]	train-rmse:0.465944
[397]	train-rmse:0.465813
[398]	train-rmse:0.465700
[399]	train-rmse:0.465590
[0]	train-rmse:0.785615
[1]	train-rmse:0.759816
[2]	train-rmse:0.738401
[3]	train-rmse:0.719259
[4]	train-rmse:0.704535
[5]	train-rmse:0.688688
[6]	train-rmse:0.675380
[7]	train-rmse:0.663586
[8]	train-rmse:0.653201
[9]	train-rmse:0.643865
[10]	train-rmse:0.635787
[11]	train-rmse:0.628205
[12]	train-rmse:0.621643
[13]	train-rmse:0.615766
[14]	train-rmse:0.610352
[15]	train-rmse:0.605303
[16]	train-rmse:0.600591
[17]	train-rmse:0.596262
[18]	train-rmse:0.592576
[19]	train-rmse:0.588972
[20]	train-rmse:0.585985
[21]	train-rmse:0.582901
[22]	train-rmse:0.580370
[23]	train-rmse:0.577769
[24]	train-rmse:0.575510
[25]	train-rmse:0.573263
[26]	train-rmse:0.571422
[27]	train-rmse:0.569266
[28]	train-rmse:0.567528
[29]	train-rmse:0.565591
[30]	train-rmse:0.563603
[31]	train-rmse:0.561514
[32]	train-rmse:0.560114
[33]	train-rmse:0.558775
[34]	train-rmse:0.557305
[35]	train-rmse:0.556024
[36]	train-rmse:0.554782
[37]	train-rmse:0.553403
[38]	train-rmse:0.552260
[39]	train-rmse:0.551189
[40]	train-rmse:0.550121
[41]	train-rmse:0.549243
[42]	train-rmse:0.548393
[43]	train-rmse:0.547368
[44]	train-rmse:0.546270
[45]	train-rmse:0.545240
[46]	train-rmse:0.544416
[47]	train-rmse:0.543522
[48]	train-rmse:0.542745
[49]	train-rmse:0.542074
[50]	train-rmse:0.541333
[51]	train-rmse:0.540482
[52]	train-rmse:0.539935
[53]	train-rmse:0.539083
[54]	train-rmse:0.538473
[55]	train-rmse:0.537777
[56]	train-rmse:0.536969
[57]	train-rmse:0.536279
[58]	train-rmse:0.535686
[59]	train-rmse:0.535185
[60]	train-rmse:0.534553
[61]	train-rmse:0.533945
[62]	train-rmse:0.533317
[63]	train-rmse:0.532710
[64]	train-rmse:0.532076
[65]	train-rmse:0.531616
[66]	train-rmse:0.531128
[67]	train-rmse:0.530723
[68]	train-rmse:0.530204
[69]	train-rmse:0.529730
[70]	train-rmse:0.529297
[71]	train-rmse:0.528842
[72]	train-rmse:0.528369
[73]	train-rmse:0.527906
[74]	train-rmse:0.527509
[75]	train-rmse:0.527086
[76]	train-rmse:0.526664
[77]	train-rmse:0.526270
[78]	train-rmse:0.525952
[79]	train-rmse:0.525592
[80]	train-rmse:0.525234
[81]	train-rmse:0.524859
[82]	train-rmse:0.524436
[83]	train-rmse:0.523943
[84]	train-rmse:0.523578
[85]	train-rmse:0.523193
[86]	train-rmse:0.522877
[87]	train-rmse:0.522591
[88]	train-rmse:0.522242
[89]	train-rmse:0.521814
[90]	train-rmse:0.521521
[91]	train-rmse:0.521221
[92]	train-rmse:0.520841
[93]	train-rmse:0.520467
[94]	train-rmse:0.520189
[95]	train-rmse:0.519879
[96]	train-rmse:0.519603
[97]	train-rmse:0.519241
[98]	train-rmse:0.518827
[99]	train-rmse:0.518611
[100]	train-rmse:0.518266
[101]	train-rmse:0.517772
[102]	train-rmse:0.517416
[103]	train-rmse:0.517099
[104]	train-rmse:0.516709
[105]	train-rmse:0.516413
[106]	train-rmse:0.516156
[107]	train-rmse:0.515817
[108]	train-rmse:0.515432
[109]	train-rmse:0.515078
[110]	train-rmse:0.514889
[111]	train-rmse:0.514638
[112]	train-rmse:0.514412
[113]	train-rmse:0.514173
[114]	train-rmse:0.513966
[115]	train-rmse:0.513722
[116]	train-rmse:0.513391
[117]	train-rmse:0.513168
[118]	train-rmse:0.512918
[119]	train-rmse:0.512714
[120]	train-rmse:0.512442
[121]	train-rmse:0.512166
[122]	train-rmse:0.511683
[123]	train-rmse:0.511499
[124]	train-rmse:0.511276
[125]	train-rmse:0.511036
[126]	train-rmse:0.510781
[127]	train-rmse:0.510521
[128]	train-rmse:0.510283
[129]	train-rmse:0.509963
[130]	train-rmse:0.509706
[131]	train-rmse:0.509582
[132]	train-rmse:0.509412
[133]	train-rmse:0.509131
[134]	train-rmse:0.508726
[135]	train-rmse:0.508541
[136]	train-rmse:0.508369
[137]	train-rmse:0.508235
[138]	train-rmse:0.508021
[139]	train-rmse:0.507819
[140]	train-rmse:0.507552
[141]	train-rmse:0.507404
[142]	train-rmse:0.507108
[143]	train-rmse:0.506773
[144]	train-rmse:0.506529
[145]	train-rmse:0.506383
[146]	train-rmse:0.506211
[147]	train-rmse:0.506040
[148]	train-rmse:0.505884
[149]	train-rmse:0.505545
[150]	train-rmse:0.505411
[151]	train-rmse:0.505244
[152]	train-rmse:0.505122
[153]	train-rmse:0.504979
[154]	train-rmse:0.504815
[155]	train-rmse:0.504629
[156]	train-rmse:0.504418
[157]	train-rmse:0.504165
[158]	train-rmse:0.504036
[159]	train-rmse:0.503907
[160]	train-rmse:0.503629
[161]	train-rmse:0.503402
[162]	train-rmse:0.503164
[163]	train-rmse:0.502947
[164]	train-rmse:0.502854
[165]	train-rmse:0.502714
[166]	train-rmse:0.502543
[167]	train-rmse:0.502390
[168]	train-rmse:0.502071
[169]	train-rmse:0.501922
[170]	train-rmse:0.501723
[171]	train-rmse:0.501596
[172]	train-rmse:0.501414
[173]	train-rmse:0.501221
[174]	train-rmse:0.500999
[175]	train-rmse:0.500907
[176]	train-rmse:0.500750
[177]	train-rmse:0.500526
[178]	train-rmse:0.500315
[179]	train-rmse:0.500068
[180]	train-rmse:0.499839
[181]	train-rmse:0.499632
[182]	train-rmse:0.499418
[183]	train-rmse:0.499216
[184]	train-rmse:0.498954
[185]	train-rmse:0.498779
[186]	train-rmse:0.498664
[187]	train-rmse:0.498431
[188]	train-rmse:0.498199
[189]	train-rmse:0.498108
[190]	train-rmse:0.497803
[191]	train-rmse:0.497720
[192]	train-rmse:0.497445
[193]	train-rmse:0.497216
[194]	train-rmse:0.496968
[195]	train-rmse:0.496856
[196]	train-rmse:0.496589
[197]	train-rmse:0.496385
[198]	train-rmse:0.496211
[199]	train-rmse:0.496127
[200]	train-rmse:0.495944
[201]	train-rmse:0.495901
[202]	train-rmse:0.495720
[203]	train-rmse:0.495620
[204]	train-rmse:0.495485
[205]	train-rmse:0.495312
[206]	train-rmse:0.495197
[207]	train-rmse:0.495078
[208]	train-rmse:0.494956
[209]	train-rmse:0.494746
[210]	train-rmse:0.494548
[211]	train-rmse:0.494419
[212]	train-rmse:0.494291
[213]	train-rmse:0.494139
[214]	train-rmse:0.493931
[215]	train-rmse:0.493770
[216]	train-rmse:0.493555
[217]	train-rmse:0.493414
[218]	train-rmse:0.493250
[219]	train-rmse:0.492975
[220]	train-rmse:0.492810
[221]	train-rmse:0.492735
[222]	train-rmse:0.492462
[223]	train-rmse:0.492389
[224]	train-rmse:0.492178
[225]	train-rmse:0.492008
[226]	train-rmse:0.491832
[227]	train-rmse:0.491732
[228]	train-rmse:0.491651
[229]	train-rmse:0.491521
[230]	train-rmse:0.491402
[231]	train-rmse:0.491250
[232]	train-rmse:0.491155
[233]	train-rmse:0.490962
[234]	train-rmse:0.490733
[235]	train-rmse:0.490520
[236]	train-rmse:0.490374
[237]	train-rmse:0.490247
[238]	train-rmse:0.490148
[239]	train-rmse:0.489965
[240]	train-rmse:0.489781
[241]	train-rmse:0.489592
[242]	train-rmse:0.489505
[243]	train-rmse:0.489389
[244]	train-rmse:0.489339
[245]	train-rmse:0.489272
[246]	train-rmse:0.489121
[247]	train-rmse:0.489078
[248]	train-rmse:0.488998
[249]	train-rmse:0.488822
[250]	train-rmse:0.488664
[251]	train-rmse:0.488501
[252]	train-rmse:0.488308
[253]	train-rmse:0.488071
[254]	train-rmse:0.487959
[255]	train-rmse:0.487844
[256]	train-rmse:0.487621
[257]	train-rmse:0.487428
[258]	train-rmse:0.487316
[259]	train-rmse:0.487118
[260]	train-rmse:0.487006
[261]	train-rmse:0.486854
[262]	train-rmse:0.486642
[263]	train-rmse:0.486494
[264]	train-rmse:0.486346
[265]	train-rmse:0.486199
[266]	train-rmse:0.485987
[267]	train-rmse:0.485899
[268]	train-rmse:0.485794
[269]	train-rmse:0.485634
[270]	train-rmse:0.485445
[271]	train-rmse:0.485367
[272]	train-rmse:0.485266
[273]	train-rmse:0.485176
[274]	train-rmse:0.484934
[275]	train-rmse:0.484820
[276]	train-rmse:0.484645
[277]	train-rmse:0.484566
[278]	train-rmse:0.484493
[279]	train-rmse:0.484292
[280]	train-rmse:0.484149
[281]	train-rmse:0.484084
[282]	train-rmse:0.483919
[283]	train-rmse:0.483697
[284]	train-rmse:0.483560
[285]	train-rmse:0.483341
[286]	train-rmse:0.483197
[287]	train-rmse:0.483041
[288]	train-rmse:0.482845
[289]	train-rmse:0.482611
[290]	train-rmse:0.482489
[291]	train-rmse:0.482221
[292]	train-rmse:0.482040
[293]	train-rmse:0.481876
[294]	train-rmse:0.481707
[295]	train-rmse:0.481496
[296]	train-rmse:0.481317
[297]	train-rmse:0.481109
[298]	train-rmse:0.481008
[299]	train-rmse:0.480927
[300]	train-rmse:0.480729
[301]	train-rmse:0.480613
[302]	train-rmse:0.480512
[303]	train-rmse:0.480467
[304]	train-rmse:0.480363
[305]	train-rmse:0.480318
[306]	train-rmse:0.480130
[307]	train-rmse:0.479947
[308]	train-rmse:0.479869
[309]	train-rmse:0.479686
[310]	train-rmse:0.479510
[311]	train-rmse:0.479384
[312]	train-rmse:0.479305
[313]	train-rmse:0.479250
[314]	train-rmse:0.479089
[315]	train-rmse:0.479000
[316]	train-rmse:0.478874
[317]	train-rmse:0.478682
[318]	train-rmse:0.478543
[319]	train-rmse:0.478413
[320]	train-rmse:0.478349
[321]	train-rmse:0.478252
[322]	train-rmse:0.478190
[323]	train-rmse:0.478092
[324]	train-rmse:0.477989
[325]	train-rmse:0.477759
[326]	train-rmse:0.477567
[327]	train-rmse:0.477464
[328]	train-rmse:0.477274
[329]	train-rmse:0.477048
[330]	train-rmse:0.476923
[331]	train-rmse:0.476733
[332]	train-rmse:0.476651
[333]	train-rmse:0.476540
[334]	train-rmse:0.476389
[335]	train-rmse:0.476194
[336]	train-rmse:0.476058
[337]	train-rmse:0.475918
[338]	train-rmse:0.475692
[339]	train-rmse:0.475569
[340]	train-rmse:0.475402
[341]	train-rmse:0.475300
[342]	train-rmse:0.475122
[343]	train-rmse:0.475007
[344]	train-rmse:0.474840
[345]	train-rmse:0.474702
[346]	train-rmse:0.474573
[347]	train-rmse:0.474426
[348]	train-rmse:0.474253
[349]	train-rmse:0.474064
[350]	train-rmse:0.473956
[351]	train-rmse:0.473768
[352]	train-rmse:0.473614
[353]	train-rmse:0.473460
[354]	train-rmse:0.473270
[355]	train-rmse:0.473235
[356]	train-rmse:0.473066
[357]	train-rmse:0.472982
[358]	train-rmse:0.472801
[359]	train-rmse:0.472596
[360]	train-rmse:0.472445
[361]	train-rmse:0.472303
[362]	train-rmse:0.472176
[363]	train-rmse:0.472007
[364]	train-rmse:0.471886
[365]	train-rmse:0.471638
[366]	train-rmse:0.471480
[367]	train-rmse:0.471382
[368]	train-rmse:0.471206
[369]	train-rmse:0.470983
[370]	train-rmse:0.470833
[371]	train-rmse:0.470675
[372]	train-rmse:0.470596
[373]	train-rmse:0.470483
[374]	train-rmse:0.470441
[375]	train-rmse:0.470253
[376]	train-rmse:0.470131
[377]	train-rmse:0.469983
[378]	train-rmse:0.469811
[379]	train-rmse:0.469590
[380]	train-rmse:0.469484
[381]	train-rmse:0.469267
[382]	train-rmse:0.469160
[383]	train-rmse:0.469030
[384]	train-rmse:0.468899
[385]	train-rmse:0.468702
[386]	train-rmse:0.468548
[387]	train-rmse:0.468394
[388]	train-rmse:0.468264
[389]	train-rmse:0.468071
[390]	train-rmse:0.468007
[391]	train-rmse:0.467870
[392]	train-rmse:0.467675
[393]	train-rmse:0.467456
[394]	train-rmse:0.467351
[395]	train-rmse:0.467264
[396]	train-rmse:0.467109
[397]	train-rmse:0.466953
[398]	train-rmse:0.466783
[399]	train-rmse:0.466650
[Tune-y] 12: mae.test.mean=1.15e+03; time: 30.0 min; memory: 202Mb use, 655Mb max
           used  (Mb) gc trigger  (Mb) max used  (Mb)
Ncells  1388130  74.2    2637877 140.9  1770749  94.6
Vcells 16126413 123.1   47048107 359.0 73487925 560.7
Job time in seconds: 1803
Error in unserialize(node$con) : error reading from connection
Calls: <Anonymous> ... doTryCatch -> recvData -> recvData.SOCKnode -> unserialize
Execution halted
